# JRE version: OpenJDK Runtime Environment (8.0_412-b08) (build 1.8.0_412-b08)
# Java VM: OpenJDK 64-Bit Server VM (25.412-b08 mixed mode linux-amd64 compressed oops)
Heap:
 def new generation   total 52416K, used 2221K [0x00000000e3400000, 0x00000000e6cd0000, 0x00000000ecd50000)
  eden space 46656K,   4% used [0x00000000e3400000, 0x00000000e362b510, 0x00000000e6190000)
  from space 5760K,   0% used [0x00000000e6190000, 0x00000000e6190000, 0x00000000e6730000)
  to   space 5760K,   0% used [0x00000000e6730000, 0x00000000e6730000, 0x00000000e6cd0000)
 tenured generation   total 118024K, used 118023K [0x00000000ecd50000, 0x00000000f4092000, 0x0000000100000000)
   the space 118024K,  99% used [0x00000000ecd50000, 0x00000000f4091fe8, 0x00000000f4092000, 0x00000000f4092000)
 Metaspace       used 60265K, capacity 62306K, committed 62592K, reserved 1103872K
  class space    used 6950K, capacity 7449K, committed 7552K, reserved 1048576K
GC Heap History (250 events):
Event: 6.793 GC heap after
Heap after GC invocations=19 (full 1):
 def new generation   total 9280K, used 1024K [0x00000000e3400000, 0x00000000e3e10000, 0x00000000ecd50000)
  eden space 8256K,   0% used [0x00000000e3400000, 0x00000000e3400000, 0x00000000e3c10000)
  from space 1024K, 100% used [0x00000000e3d10000, 0x00000000e3e10000, 0x00000000e3e10000)
  to   space 1024K,   0% used [0x00000000e3c10000, 0x00000000e3c10000, 0x00000000e3d10000)
 tenured generation   total 20480K, used 15186K [0x00000000ecd50000, 0x00000000ee150000, 0x0000000100000000)
   the space 20480K,  74% used [0x00000000ecd50000, 0x00000000edc24b18, 0x00000000edc24c00, 0x00000000ee150000)
 Metaspace       used 26933K, capacity 27726K, committed 27904K, reserved 1073152K
  class space    used 3264K, capacity 3505K, committed 3584K, reserved 1048576K
}
Event: 11.962 GC heap before
{Heap before GC invocations=19 (full 1):
 def new generation   total 9280K, used 9280K [0x00000000e3400000, 0x00000000e3e10000, 0x00000000ecd50000)
  eden space 8256K, 100% used [0x00000000e3400000, 0x00000000e3c10000, 0x00000000e3c10000)
  from space 1024K, 100% used [0x00000000e3d10000, 0x00000000e3e10000, 0x00000000e3e10000)
  to   space 1024K,   0% used [0x00000000e3c10000, 0x00000000e3c10000, 0x00000000e3d10000)
 tenured generation   total 20480K, used 15186K [0x00000000ecd50000, 0x00000000ee150000, 0x0000000100000000)
   the space 20480K,  74% used [0x00000000ecd50000, 0x00000000edc24b18, 0x00000000edc24c00, 0x00000000ee150000)
 Metaspace       used 27099K, capacity 27962K, committed 28160K, reserved 1073152K
  class space    used 3274K, capacity 3517K, committed 3584K, reserved 1048576K
Event: 11.967 GC heap after
Heap after GC invocations=20 (full 1):
 def new generation   total 9280K, used 512K [0x00000000e3400000, 0x00000000e3e10000, 0x00000000ecd50000)
  eden space 8256K,   0% used [0x00000000e3400000, 0x00000000e3400000, 0x00000000e3c10000)
  from space 1024K,  50% used [0x00000000e3c10000, 0x00000000e3c902c0, 0x00000000e3d10000)
  to   space 1024K,   0% used [0x00000000e3d10000, 0x00000000e3d10000, 0x00000000e3e10000)
 tenured generation   total 20480K, used 16137K [0x00000000ecd50000, 0x00000000ee150000, 0x0000000100000000)
   the space 20480K,  78% used [0x00000000ecd50000, 0x00000000edd12728, 0x00000000edd12800, 0x00000000ee150000)
 Metaspace       used 27099K, capacity 27962K, committed 28160K, reserved 1073152K
  class space    used 3274K, capacity 3517K, committed 3584K, reserved 1048576K
}
Event: 15.927 GC heap before
{Heap before GC invocations=20 (full 1):
 def new generation   total 9280K, used 8768K [0x00000000e3400000, 0x00000000e3e10000, 0x00000000ecd50000)
  eden space 8256K, 100% used [0x00000000e3400000, 0x00000000e3c10000, 0x00000000e3c10000)
  from space 1024K,  50% used [0x00000000e3c10000, 0x00000000e3c902c0, 0x00000000e3d10000)
  to   space 1024K,   0% used [0x00000000e3d10000, 0x00000000e3d10000, 0x00000000e3e10000)
 tenured generation   total 20480K, used 16137K [0x00000000ecd50000, 0x00000000ee150000, 0x0000000100000000)
   the space 20480K,  78% used [0x00000000ecd50000, 0x00000000edd12728, 0x00000000edd12800, 0x00000000ee150000)
 Metaspace       used 27227K, capacity 28090K, committed 28416K, reserved 1075200K
  class space    used 3274K, capacity 3517K, committed 3584K, reserved 1048576K
Event: 15.930 GC heap after
Heap after GC invocations=21 (full 1):
 def new generation   total 9280K, used 627K [0x00000000e3400000, 0x00000000e3e10000, 0x00000000ecd50000)
  eden space 8256K,   0% used [0x00000000e3400000, 0x00000000e3400000, 0x00000000e3c10000)
  from space 1024K,  61% used [0x00000000e3d10000, 0x00000000e3dacfe8, 0x00000000e3e10000)
  to   space 1024K,   0% used [0x00000000e3c10000, 0x00000000e3c10000, 0x00000000e3d10000)
 tenured generation   total 20480K, used 16563K [0x00000000ecd50000, 0x00000000ee150000, 0x0000000100000000)
   the space 20480K,  80% used [0x00000000ecd50000, 0x00000000edd7cce0, 0x00000000edd7ce00, 0x00000000ee150000)
 Metaspace       used 27227K, capacity 28090K, committed 28416K, reserved 1075200K
  class space    used 3274K, capacity 3517K, committed 3584K, reserved 1048576K
}
Event: 18.373 GC heap before
{Heap before GC invocations=21 (full 1):
 def new generation   total 9280K, used 8883K [0x00000000e3400000, 0x00000000e3e10000, 0x00000000ecd50000)
  eden space 8256K, 100% used [0x00000000e3400000, 0x00000000e3c10000, 0x00000000e3c10000)
  from space 1024K,  61% used [0x00000000e3d10000, 0x00000000e3dacfe8, 0x00000000e3e10000)
  to   space 1024K,   0% used [0x00000000e3c10000, 0x00000000e3c10000, 0x00000000e3d10000)
 tenured generation   total 20480K, used 16563K [0x00000000ecd50000, 0x00000000ee150000, 0x0000000100000000)
   the space 20480K,  80% used [0x00000000ecd50000, 0x00000000edd7cce0, 0x00000000edd7ce00, 0x00000000ee150000)
 Metaspace       used 27426K, capacity 28248K, committed 28416K, reserved 1075200K
  class space    used 3293K, capacity 3524K, committed 3584K, reserved 1048576K
Event: 18.379 GC heap after
Heap after GC invocations=22 (full 1):
 def new generation   total 9280K, used 1023K [0x00000000e3400000, 0x00000000e3e10000, 0x00000000ecd50000)
  eden space 8256K,   0% used [0x00000000e3400000, 0x00000000e3400000, 0x00000000e3c10000)
  from space 1024K,  99% used [0x00000000e3c10000, 0x00000000e3d0fff8, 0x00000000e3d10000)
  to   space 1024K,   0% used [0x00000000e3d10000, 0x00000000e3d10000, 0x00000000e3e10000)
 tenured generation   total 20480K, used 17172K [0x00000000ecd50000, 0x00000000ee150000, 0x0000000100000000)
   the space 20480K,  83% used [0x00000000ecd50000, 0x00000000ede150d0, 0x00000000ede15200, 0x00000000ee150000)
 Metaspace       used 27426K, capacity 28248K, committed 28416K, reserved 1075200K
  class space    used 3293K, capacity 3524K, committed 3584K, reserved 1048576K
}
Event: 24.194 GC heap before
{Heap before GC invocations=22 (full 1):
 def new generation   total 9280K, used 9279K [0x00000000e3400000, 0x00000000e3e10000, 0x00000000ecd50000)
  eden space 8256K, 100% used [0x00000000e3400000, 0x00000000e3c10000, 0x00000000e3c10000)
  from space 1024K,  99% used [0x00000000e3c10000, 0x00000000e3d0fff8, 0x00000000e3d10000)
  to   space 1024K,   0% used [0x00000000e3d10000, 0x00000000e3d10000, 0x00000000e3e10000)
 tenured generation   total 20480K, used 17172K [0x00000000ecd50000, 0x00000000ee150000, 0x0000000100000000)
   the space 20480K,  83% used [0x00000000ecd50000, 0x00000000ede150d0, 0x00000000ede15200, 0x00000000ee150000)
 Metaspace       used 27538K, capacity 28376K, committed 28672K, reserved 1075200K
  class space    used 3293K, capacity 3524K, committed 3584K, reserved 1048576K
Event: 24.198 GC heap after
Heap after GC invocations=23 (full 1):
 def new generation   total 9280K, used 727K [0x00000000e3400000, 0x00000000e3e10000, 0x00000000ecd50000)
  eden space 8256K,   0% used [0x00000000e3400000, 0x00000000e3400000, 0x00000000e3c10000)
  from space 1024K,  71% used [0x00000000e3d10000, 0x00000000e3dc5f60, 0x00000000e3e10000)
  to   space 1024K,   0% used [0x00000000e3c10000, 0x00000000e3c10000, 0x00000000e3d10000)
 tenured generation   total 20480K, used 18184K [0x00000000ecd50000, 0x00000000ee150000, 0x0000000100000000)
   the space 20480K,  88% used [0x00000000ecd50000, 0x00000000edf121e0, 0x00000000edf12200, 0x00000000ee150000)
 Metaspace       used 27538K, capacity 28376K, committed 28672K, reserved 1075200K
  class space    used 3293K, capacity 3524K, committed 3584K, reserved 1048576K
}
Event: 28.387 GC heap before
{Heap before GC invocations=23 (full 1):
 def new generation   total 9280K, used 8983K [0x00000000e3400000, 0x00000000e3e10000, 0x00000000ecd50000)
  eden space 8256K, 100% used [0x00000000e3400000, 0x00000000e3c10000, 0x00000000e3c10000)
  from space 1024K,  71% used [0x00000000e3d10000, 0x00000000e3dc5f60, 0x00000000e3e10000)
  to   space 1024K,   0% used [0x00000000e3c10000, 0x00000000e3c10000, 0x00000000e3d10000)
 tenured generation   total 20480K, used 18184K [0x00000000ecd50000, 0x00000000ee150000, 0x0000000100000000)
   the space 20480K,  88% used [0x00000000ecd50000, 0x00000000edf121e0, 0x00000000edf12200, 0x00000000ee150000)
 Metaspace       used 27627K, capacity 28444K, committed 28672K, reserved 1075200K
  class space    used 3294K, capacity 3524K, committed 3584K, reserved 1048576K
Event: 28.391 GC heap after
Heap after GC invocations=24 (full 1):
 def new generation   total 9280K, used 852K [0x00000000e3400000, 0x00000000e3e10000, 0x00000000ecd50000)
  eden space 8256K,   0% used [0x00000000e3400000, 0x00000000e3400000, 0x00000000e3c10000)
  from space 1024K,  83% used [0x00000000e3c10000, 0x00000000e3ce5370, 0x00000000e3d10000)
  to   space 1024K,   0% used [0x00000000e3d10000, 0x00000000e3d10000, 0x00000000e3e10000)
 tenured generation   total 20480K, used 18880K [0x00000000ecd50000, 0x00000000ee150000, 0x0000000100000000)
   the space 20480K,  92% used [0x00000000ecd50000, 0x00000000edfc00c0, 0x00000000edfc0200, 0x00000000ee150000)
 Metaspace       used 27627K, capacity 28444K, committed 28672K, reserved 1075200K
  class space    used 3294K, capacity 3524K, committed 3584K, reserved 1048576K
}
Event: 32.530 GC heap before
{Heap before GC invocations=24 (full 1):
 def new generation   total 9280K, used 9108K [0x00000000e3400000, 0x00000000e3e10000, 0x00000000ecd50000)
  eden space 8256K, 100% used [0x00000000e3400000, 0x00000000e3c10000, 0x00000000e3c10000)
  from space 1024K,  83% used [0x00000000e3c10000, 0x00000000e3ce5370, 0x00000000e3d10000)
  to   space 1024K,   0% used [0x00000000e3d10000, 0x00000000e3d10000, 0x00000000e3e10000)
 tenured generation   total 20480K, used 18880K [0x00000000ecd50000, 0x00000000ee150000, 0x0000000100000000)
   the space 20480K,  92% used [0x00000000ecd50000, 0x00000000edfc00c0, 0x00000000edfc0200, 0x00000000ee150000)
 Metaspace       used 27723K, capacity 28576K, committed 28928K, reserved 1075200K
  class space    used 3294K, capacity 3524K, committed 3584K, reserved 1048576K
Event: 32.532 GC heap after
Heap after GC invocations=25 (full 1):
 def new generation   total 9280K, used 433K [0x00000000e3400000, 0x00000000e3e10000, 0x00000000ecd50000)
  eden space 8256K,   0% used [0x00000000e3400000, 0x00000000e3400000, 0x00000000e3c10000)
  from space 1024K,  42% used [0x00000000e3d10000, 0x00000000e3d7c418, 0x00000000e3e10000)
  to   space 1024K,   0% used [0x00000000e3c10000, 0x00000000e3c10000, 0x00000000e3d10000)
 tenured generation   total 20480K, used 19671K [0x00000000ecd50000, 0x00000000ee150000, 0x0000000100000000)
   the space 20480K,  96% used [0x00000000ecd50000, 0x00000000ee085fe0, 0x00000000ee086000, 0x00000000ee150000)
 Metaspace       used 27723K, capacity 28576K, committed 28928K, reserved 1075200K
  class space    used 3294K, capacity 3524K, committed 3584K, reserved 1048576K
}
Event: 36.788 GC heap before
{Heap before GC invocations=25 (full 1):
 def new generation   total 9280K, used 8689K [0x00000000e3400000, 0x00000000e3e10000, 0x00000000ecd50000)
  eden space 8256K, 100% used [0x00000000e3400000, 0x00000000e3c10000, 0x00000000e3c10000)
  from space 1024K,  42% used [0x00000000e3d10000, 0x00000000e3d7c418, 0x00000000e3e10000)
  to   space 1024K,   0% used [0x00000000e3c10000, 0x00000000e3c10000, 0x00000000e3d10000)
 tenured generation   total 20480K, used 19671K [0x00000000ecd50000, 0x00000000ee150000, 0x0000000100000000)
   the space 20480K,  96% used [0x00000000ecd50000, 0x00000000ee085fe0, 0x00000000ee086000, 0x00000000ee150000)
 Metaspace       used 27822K, capacity 28646K, committed 28928K, reserved 1075200K
  class space    used 3295K, capacity 3525K, committed 3584K, reserved 1048576K
Event: 36.791 GC heap after
Heap after GC invocations=26 (full 1):
 def new generation   total 9280K, used 1023K [0x00000000e3400000, 0x00000000e3e10000, 0x00000000ecd50000)
  eden space 8256K,   0% used [0x00000000e3400000, 0x00000000e3400000, 0x00000000e3c10000)
  from space 1024K,  99% used [0x00000000e3c10000, 0x00000000e3d0fff8, 0x00000000e3d10000)
  to   space 1024K,   0% used [0x00000000e3d10000, 0x00000000e3d10000, 0x00000000e3e10000)
 tenured generation   total 20480K, used 19707K [0x00000000ecd50000, 0x00000000ee150000, 0x0000000100000000)
   the space 20480K,  96% used [0x00000000ecd50000, 0x00000000ee08ed48, 0x00000000ee08ee00, 0x00000000ee150000)
 Metaspace       used 27822K, capacity 28646K, committed 28928K, reserved 1075200K
  class space    used 3295K, capacity 3525K, committed 3584K, reserved 1048576K
}
Event: 42.555 GC heap before
{Heap before GC invocations=26 (full 1):
 def new generation   total 9280K, used 9279K [0x00000000e3400000, 0x00000000e3e10000, 0x00000000ecd50000)
  eden space 8256K, 100% used [0x00000000e3400000, 0x00000000e3c10000, 0x00000000e3c10000)
  from space 1024K,  99% used [0x00000000e3c10000, 0x00000000e3d0fff8, 0x00000000e3d10000)
  to   space 1024K,   0% used [0x00000000e3d10000, 0x00000000e3d10000, 0x00000000e3e10000)
 tenured generation   total 20480K, used 19707K [0x00000000ecd50000, 0x00000000ee150000, 0x0000000100000000)
   the space 20480K,  96% used [0x00000000ecd50000, 0x00000000ee08ed48, 0x00000000ee08ee00, 0x00000000ee150000)
 Metaspace       used 27934K, capacity 28784K, committed 28928K, reserved 1075200K
  class space    used 3296K, capacity 3526K, committed 3584K, reserved 1048576K
Event: 42.630 GC heap after
Heap after GC invocations=27 (full 2):
 def new generation   total 13952K, used 0K [0x00000000e3400000, 0x00000000e4320000, 0x00000000ecd50000)
  eden space 12416K,   0% used [0x00000000e3400000, 0x00000000e3400000, 0x00000000e4020000)
  from space 1536K,   0% used [0x00000000e4020000, 0x00000000e4020000, 0x00000000e41a0000)
  to   space 1536K,   0% used [0x00000000e41a0000, 0x00000000e41a0000, 0x00000000e4320000)
 tenured generation   total 30964K, used 18576K [0x00000000ecd50000, 0x00000000eeb8d000, 0x0000000100000000)
   the space 30964K,  59% used [0x00000000ecd50000, 0x00000000edf740e0, 0x00000000edf74200, 0x00000000eeb8d000)
 Metaspace       used 27934K, capacity 28784K, committed 28928K, reserved 1075200K
  class space    used 3296K, capacity 3526K, committed 3584K, reserved 1048576K
}
Event: 53.355 GC heap before
{Heap before GC invocations=27 (full 2):
 def new generation   total 13952K, used 12416K [0x00000000e3400000, 0x00000000e4320000, 0x00000000ecd50000)
  eden space 12416K, 100% used [0x00000000e3400000, 0x00000000e4020000, 0x00000000e4020000)
  from space 1536K,   0% used [0x00000000e4020000, 0x00000000e4020000, 0x00000000e41a0000)
  to   space 1536K,   0% used [0x00000000e41a0000, 0x00000000e41a0000, 0x00000000e4320000)
 tenured generation   total 30964K, used 18576K [0x00000000ecd50000, 0x00000000eeb8d000, 0x0000000100000000)
   the space 30964K,  59% used [0x00000000ecd50000, 0x00000000edf740e0, 0x00000000edf74200, 0x00000000eeb8d000)
 Metaspace       used 28023K, capacity 28858K, committed 29184K, reserved 1075200K
  class space    used 3299K, capacity 3527K, committed 3584K, reserved 1048576K
Event: 53.359 GC heap after
Heap after GC invocations=28 (full 2):
 def new generation   total 13952K, used 1016K [0x00000000e3400000, 0x00000000e4320000, 0x00000000ecd50000)
  eden space 12416K,   0% used [0x00000000e3400000, 0x00000000e3400000, 0x00000000e4020000)
  from space 1536K,  66% used [0x00000000e41a0000, 0x00000000e429e148, 0x00000000e4320000)
  to   space 1536K,   0% used [0x00000000e4020000, 0x00000000e4020000, 0x00000000e41a0000)
 tenured generation   total 30964K, used 18576K [0x00000000ecd50000, 0x00000000eeb8d000, 0x0000000100000000)
   the space 30964K,  59% used [0x00000000ecd50000, 0x00000000edf740e0, 0x00000000edf74200, 0x00000000eeb8d000)
 Metaspace       used 28023K, capacity 28858K, committed 29184K, reserved 1075200K
  class space    used 3299K, capacity 3527K, committed 3584K, reserved 1048576K
}
Event: 62.881 GC heap before
{Heap before GC invocations=28 (full 2):
 def new generation   total 13952K, used 13432K [0x00000000e3400000, 0x00000000e4320000, 0x00000000ecd50000)
  eden space 12416K, 100% used [0x00000000e3400000, 0x00000000e4020000, 0x00000000e4020000)
  from space 1536K,  66% used [0x00000000e41a0000, 0x00000000e429e148, 0x00000000e4320000)
  to   space 1536K,   0% used [0x00000000e4020000, 0x00000000e4020000, 0x00000000e41a0000)
 tenured generation   total 30964K, used 18576K [0x00000000ecd50000, 0x00000000eeb8d000, 0x0000000100000000)
   the space 30964K,  59% used [0x00000000ecd50000, 0x00000000edf740e0, 0x00000000edf74200, 0x00000000eeb8d000)
 Metaspace       used 28093K, capacity 28922K, committed 29184K, reserved 1075200K
  class space    used 3299K, capacity 3527K, committed 3584K, reserved 1048576K
Event: 62.884 GC heap after
Heap after GC invocations=29 (full 2):
 def new generation   total 13952K, used 420K [0x00000000e3400000, 0x00000000e4320000, 0x00000000ecd50000)
  eden space 12416K,   0% used [0x00000000e3400000, 0x00000000e3400000, 0x00000000e4020000)
  from space 1536K,  27% used [0x00000000e4020000, 0x00000000e4089180, 0x00000000e41a0000)
  to   space 1536K,   0% used [0x00000000e41a0000, 0x00000000e41a0000, 0x00000000e4320000)
 tenured generation   total 30964K, used 19550K [0x00000000ecd50000, 0x00000000eeb8d000, 0x0000000100000000)
   the space 30964K,  63% used [0x00000000ecd50000, 0x00000000ee067b10, 0x00000000ee067c00, 0x00000000eeb8d000)
 Metaspace       used 28093K, capacity 28922K, committed 29184K, reserved 1075200K
  class space    used 3299K, capacity 3527K, committed 3584K, reserved 1048576K
}
Event: 69.626 GC heap before
{Heap before GC invocations=29 (full 2):
 def new generation   total 13952K, used 12836K [0x00000000e3400000, 0x00000000e4320000, 0x00000000ecd50000)
  eden space 12416K, 100% used [0x00000000e3400000, 0x00000000e4020000, 0x00000000e4020000)
  from space 1536K,  27% used [0x00000000e4020000, 0x00000000e4089180, 0x00000000e41a0000)
  to   space 1536K,   0% used [0x00000000e41a0000, 0x00000000e41a0000, 0x00000000e4320000)
 tenured generation   total 30964K, used 19550K [0x00000000ecd50000, 0x00000000eeb8d000, 0x0000000100000000)
   the space 30964K,  63% used [0x00000000ecd50000, 0x00000000ee067b10, 0x00000000ee067c00, 0x00000000eeb8d000)
 Metaspace       used 28233K, capacity 29122K, committed 29440K, reserved 1075200K
  class space    used 3299K, capacity 3527K, committed 3584K, reserved 1048576K
Event: 69.629 GC heap after
Heap after GC invocations=30 (full 2):
 def new generation   total 13952K, used 755K [0x00000000e3400000, 0x00000000e4320000, 0x00000000ecd50000)
  eden space 12416K,   0% used [0x00000000e3400000, 0x00000000e3400000, 0x00000000e4020000)
  from space 1536K,  49% used [0x00000000e41a0000, 0x00000000e425ce20, 0x00000000e4320000)
  to   space 1536K,   0% used [0x00000000e4020000, 0x00000000e4020000, 0x00000000e41a0000)
 tenured generation   total 30964K, used 19550K [0x00000000ecd50000, 0x00000000eeb8d000, 0x0000000100000000)
   the space 30964K,  63% used [0x00000000ecd50000, 0x00000000ee067b10, 0x00000000ee067c00, 0x00000000eeb8d000)
 Metaspace       used 28233K, capacity 29122K, committed 29440K, reserved 1075200K
  class space    used 3299K, capacity 3527K, committed 3584K, reserved 1048576K
}
Event: 76.493 GC heap before
{Heap before GC invocations=30 (full 2):
 def new generation   total 13952K, used 13171K [0x00000000e3400000, 0x00000000e4320000, 0x00000000ecd50000)
  eden space 12416K, 100% used [0x00000000e3400000, 0x00000000e4020000, 0x00000000e4020000)
  from space 1536K,  49% used [0x00000000e41a0000, 0x00000000e425ce20, 0x00000000e4320000)
  to   space 1536K,   0% used [0x00000000e4020000, 0x00000000e4020000, 0x00000000e41a0000)
 tenured generation   total 30964K, used 19550K [0x00000000ecd50000, 0x00000000eeb8d000, 0x0000000100000000)
   the space 30964K,  63% used [0x00000000ecd50000, 0x00000000ee067b10, 0x00000000ee067c00, 0x00000000eeb8d000)
 Metaspace       used 28300K, capacity 29122K, committed 29440K, reserved 1075200K
  class space    used 3299K, capacity 3527K, committed 3584K, reserved 1048576K
Event: 76.496 GC heap after
Heap after GC invocations=31 (full 2):
 def new generation   total 13952K, used 1535K [0x00000000e3400000, 0x00000000e4320000, 0x00000000ecd50000)
  eden space 12416K,   0% used [0x00000000e3400000, 0x00000000e3400000, 0x00000000e4020000)
  from space 1536K,  99% used [0x00000000e4020000, 0x00000000e419fff8, 0x00000000e41a0000)
  to   space 1536K,   0% used [0x00000000e41a0000, 0x00000000e41a0000, 0x00000000e4320000)
 tenured generation   total 30964K, used 19848K [0x00000000ecd50000, 0x00000000eeb8d000, 0x0000000100000000)
   the space 30964K,  64% used [0x00000000ecd50000, 0x00000000ee0b23c0, 0x00000000ee0b2400, 0x00000000eeb8d000)
 Metaspace       used 28300K, capacity 29122K, committed 29440K, reserved 1075200K
  class space    used 3299K, capacity 3527K, committed 3584K, reserved 1048576K
}
Event: 85.656 GC heap before
{Heap before GC invocations=31 (full 2):
 def new generation   total 13952K, used 13951K [0x00000000e3400000, 0x00000000e4320000, 0x00000000ecd50000)
  eden space 12416K, 100% used [0x00000000e3400000, 0x00000000e4020000, 0x00000000e4020000)
  from space 1536K,  99% used [0x00000000e4020000, 0x00000000e419fff8, 0x00000000e41a0000)
  to   space 1536K,   0% used [0x00000000e41a0000, 0x00000000e41a0000, 0x00000000e4320000)
 tenured generation   total 30964K, used 19848K [0x00000000ecd50000, 0x00000000eeb8d000, 0x0000000100000000)
   the space 30964K,  64% used [0x00000000ecd50000, 0x00000000ee0b23c0, 0x00000000ee0b2400, 0x00000000eeb8d000)
 Metaspace       used 28396K, capacity 29256K, committed 29440K, reserved 1075200K
  class space    used 3300K, capacity 3528K, committed 3584K, reserved 1048576K
Event: 85.660 GC heap after
Heap after GC invocations=32 (full 2):
 def new generation   total 13952K, used 949K [0x00000000e3400000, 0x00000000e4320000, 0x00000000ecd50000)
  eden space 12416K,   0% used [0x00000000e3400000, 0x00000000e3400000, 0x00000000e4020000)
  from space 1536K,  61% used [0x00000000e41a0000, 0x00000000e428d650, 0x00000000e4320000)
  to   space 1536K,   0% used [0x00000000e4020000, 0x00000000e4020000, 0x00000000e41a0000)
 tenured generation   total 30964K, used 21375K [0x00000000ecd50000, 0x00000000eeb8d000, 0x0000000100000000)
   the space 30964K,  69% used [0x00000000ecd50000, 0x00000000ee22fd50, 0x00000000ee22fe00, 0x00000000eeb8d000)
 Metaspace       used 28396K, capacity 29256K, committed 29440K, reserved 1075200K
  class space    used 3300K, capacity 3528K, committed 3584K, reserved 1048576K
}
Event: 92.438 GC heap before
{Heap before GC invocations=32 (full 2):
 def new generation   total 13952K, used 13365K [0x00000000e3400000, 0x00000000e4320000, 0x00000000ecd50000)
  eden space 12416K, 100% used [0x00000000e3400000, 0x00000000e4020000, 0x00000000e4020000)
  from space 1536K,  61% used [0x00000000e41a0000, 0x00000000e428d650, 0x00000000e4320000)
  to   space 1536K,   0% used [0x00000000e4020000, 0x00000000e4020000, 0x00000000e41a0000)
 tenured generation   total 30964K, used 21375K [0x00000000ecd50000, 0x00000000eeb8d000, 0x0000000100000000)
   the space 30964K,  69% used [0x00000000ecd50000, 0x00000000ee22fd50, 0x00000000ee22fe00, 0x00000000eeb8d000)
 Metaspace       used 28541K, capacity 29422K, committed 29696K, reserved 1075200K
  class space    used 3304K, capacity 3535K, committed 3584K, reserved 1048576K
Event: 92.441 GC heap after
Heap after GC invocations=33 (full 2):
 def new generation   total 13952K, used 1171K [0x00000000e3400000, 0x00000000e4320000, 0x00000000ecd50000)
  eden space 12416K,   0% used [0x00000000e3400000, 0x00000000e3400000, 0x00000000e4020000)
  from space 1536K,  76% used [0x00000000e4020000, 0x00000000e4144fd0, 0x00000000e41a0000)
  to   space 1536K,   0% used [0x00000000e41a0000, 0x00000000e41a0000, 0x00000000e4320000)
 tenured generation   total 30964K, used 22279K [0x00000000ecd50000, 0x00000000eeb8d000, 0x0000000100000000)
   the space 30964K,  71% used [0x00000000ecd50000, 0x00000000ee311d90, 0x00000000ee311e00, 0x00000000eeb8d000)
 Metaspace       used 28541K, capacity 29422K, committed 29696K, reserved 1075200K
  class space    used 3304K, capacity 3535K, committed 3584K, reserved 1048576K
}
Event: 103.207 GC heap before
{Heap before GC invocations=33 (full 2):
 def new generation   total 13952K, used 13587K [0x00000000e3400000, 0x00000000e4320000, 0x00000000ecd50000)
  eden space 12416K, 100% used [0x00000000e3400000, 0x00000000e4020000, 0x00000000e4020000)
  from space 1536K,  76% used [0x00000000e4020000, 0x00000000e4144fd0, 0x00000000e41a0000)
  to   space 1536K,   0% used [0x00000000e41a0000, 0x00000000e41a0000, 0x00000000e4320000)
 tenured generation   total 30964K, used 22279K [0x00000000ecd50000, 0x00000000eeb8d000, 0x0000000100000000)
   the space 30964K,  71% used [0x00000000ecd50000, 0x00000000ee311d90, 0x00000000ee311e00, 0x00000000eeb8d000)
 Metaspace       used 28581K, capacity 29430K, committed 29696K, reserved 1075200K
  class space    used 3305K, capacity 3535K, committed 3584K, reserved 1048576K
Event: 103.210 GC heap after
Heap after GC invocations=34 (full 2):
 def new generation   total 13952K, used 209K [0x00000000e3400000, 0x00000000e4320000, 0x00000000ecd50000)
  eden space 12416K,   0% used [0x00000000e3400000, 0x00000000e3400000, 0x00000000e4020000)
  from space 1536K,  13% used [0x00000000e41a0000, 0x00000000e41d44c0, 0x00000000e4320000)
  to   space 1536K,   0% used [0x00000000e4020000, 0x00000000e4020000, 0x00000000e41a0000)
 tenured generation   total 30964K, used 23362K [0x00000000ecd50000, 0x00000000eeb8d000, 0x0000000100000000)
   the space 30964K,  75% used [0x00000000ecd50000, 0x00000000ee420ab0, 0x00000000ee420c00, 0x00000000eeb8d000)
 Metaspace       used 28581K, capacity 29430K, committed 29696K, reserved 1075200K
  class space    used 3305K, capacity 3535K, committed 3584K, reserved 1048576K
}
Event: 112.026 GC heap before
{Heap before GC invocations=34 (full 2):
 def new generation   total 13952K, used 12625K [0x00000000e3400000, 0x00000000e4320000, 0x00000000ecd50000)
  eden space 12416K, 100% used [0x00000000e3400000, 0x00000000e4020000, 0x00000000e4020000)
  from space 1536K,  13% used [0x00000000e41a0000, 0x00000000e41d44c0, 0x00000000e4320000)
  to   space 1536K,   0% used [0x00000000e4020000, 0x00000000e4020000, 0x00000000e41a0000)
 tenured generation   total 30964K, used 23362K [0x00000000ecd50000, 0x00000000eeb8d000, 0x0000000100000000)
   the space 30964K,  75% used [0x00000000ecd50000, 0x00000000ee420ab0, 0x00000000ee420c00, 0x00000000eeb8d000)
 Metaspace       used 28645K, capacity 29558K, committed 29696K, reserved 1075200K
  class space    used 3305K, capacity 3535K, committed 3584K, reserved 1048576K
Event: 112.028 GC heap after
Heap after GC invocations=35 (full 2):
 def new generation   total 13952K, used 343K [0x00000000e3400000, 0x00000000e4320000, 0x00000000ecd50000)
  eden space 12416K,   0% used [0x00000000e3400000, 0x00000000e3400000, 0x00000000e4020000)
  from space 1536K,  22% used [0x00000000e4020000, 0x00000000e4075cd0, 0x00000000e41a0000)
  to   space 1536K,   0% used [0x00000000e41a0000, 0x00000000e41a0000, 0x00000000e4320000)
 tenured generation   total 30964K, used 23362K [0x00000000ecd50000, 0x00000000eeb8d000, 0x0000000100000000)
   the space 30964K,  75% used [0x00000000ecd50000, 0x00000000ee420ab0, 0x00000000ee420c00, 0x00000000eeb8d000)
 Metaspace       used 28645K, capacity 29558K, committed 29696K, reserved 1075200K
  class space    used 3305K, capacity 3535K, committed 3584K, reserved 1048576K
}
Event: 119.411 GC heap before
{Heap before GC invocations=35 (full 2):
 def new generation   total 13952K, used 12759K [0x00000000e3400000, 0x00000000e4320000, 0x00000000ecd50000)
  eden space 12416K, 100% used [0x00000000e3400000, 0x00000000e4020000, 0x00000000e4020000)
  from space 1536K,  22% used [0x00000000e4020000, 0x00000000e4075cd0, 0x00000000e41a0000)
  to   space 1536K,   0% used [0x00000000e41a0000, 0x00000000e41a0000, 0x00000000e4320000)
 tenured generation   total 30964K, used 23362K [0x00000000ecd50000, 0x00000000eeb8d000, 0x0000000100000000)
   the space 30964K,  75% used [0x00000000ecd50000, 0x00000000ee420ab0, 0x00000000ee420c00, 0x00000000eeb8d000)
 Metaspace       used 28807K, capacity 29722K, committed 29952K, reserved 1075200K
  class space    used 3318K, capacity 3567K, committed 3584K, reserved 1048576K
Event: 119.414 GC heap after
Heap after GC invocations=36 (full 2):
 def new generation   total 13952K, used 934K [0x00000000e3400000, 0x00000000e4320000, 0x00000000ecd50000)
  eden space 12416K,   0% used [0x00000000e3400000, 0x00000000e3400000, 0x00000000e4020000)
  from space 1536K,  60% used [0x00000000e41a0000, 0x00000000e4289b80, 0x00000000e4320000)
  to   space 1536K,   0% used [0x00000000e4020000, 0x00000000e4020000, 0x00000000e41a0000)
 tenured generation   total 30964K, used 23362K [0x00000000ecd50000, 0x00000000eeb8d000, 0x0000000100000000)
   the space 30964K,  75% used [0x00000000ecd50000, 0x00000000ee420ab0, 0x00000000ee420c00, 0x00000000eeb8d000)
 Metaspace       used 28807K, capacity 29722K, committed 29952K, reserved 1075200K
  class space    used 3318K, capacity 3567K, committed 3584K, reserved 1048576K
}
Event: 125.369 GC heap before
{Heap before GC invocations=36 (full 2):
 def new generation   total 13952K, used 13350K [0x00000000e3400000, 0x00000000e4320000, 0x00000000ecd50000)
  eden space 12416K, 100% used [0x00000000e3400000, 0x00000000e4020000, 0x00000000e4020000)
  from space 1536K,  60% used [0x00000000e41a0000, 0x00000000e4289b80, 0x00000000e4320000)
  to   space 1536K,   0% used [0x00000000e4020000, 0x00000000e4020000, 0x00000000e41a0000)
 tenured generation   total 30964K, used 23362K [0x00000000ecd50000, 0x00000000eeb8d000, 0x0000000100000000)
   the space 30964K,  75% used [0x00000000ecd50000, 0x00000000ee420ab0, 0x00000000ee420c00, 0x00000000eeb8d000)
 Metaspace       used 29109K, capacity 30054K, committed 30208K, reserved 1075200K
  class space    used 3322K, capacity 3569K, committed 3584K, reserved 1048576K
Event: 125.371 GC heap after
Heap after GC invocations=37 (full 2):
 def new generation   total 13952K, used 970K [0x00000000e3400000, 0x00000000e4320000, 0x00000000ecd50000)
  eden space 12416K,   0% used [0x00000000e3400000, 0x00000000e3400000, 0x00000000e4020000)
  from space 1536K,  63% used [0x00000000e4020000, 0x00000000e4112a68, 0x00000000e41a0000)
  to   space 1536K,   0% used [0x00000000e41a0000, 0x00000000e41a0000, 0x00000000e4320000)
 tenured generation   total 30964K, used 23670K [0x00000000ecd50000, 0x00000000eeb8d000, 0x0000000100000000)
   the space 30964K,  76% used [0x00000000ecd50000, 0x00000000ee46db38, 0x00000000ee46dc00, 0x00000000eeb8d000)
 Metaspace       used 29109K, capacity 30054K, committed 30208K, reserved 1075200K
  class space    used 3322K, capacity 3569K, committed 3584K, reserved 1048576K
}
Event: 130.770 GC heap before
{Heap before GC invocations=37 (full 2):
 def new generation   total 13952K, used 13386K [0x00000000e3400000, 0x00000000e4320000, 0x00000000ecd50000)
  eden space 12416K, 100% used [0x00000000e3400000, 0x00000000e4020000, 0x00000000e4020000)
  from space 1536K,  63% used [0x00000000e4020000, 0x00000000e4112a68, 0x00000000e41a0000)
  to   space 1536K,   0% used [0x00000000e41a0000, 0x00000000e41a0000, 0x00000000e4320000)
 tenured generation   total 30964K, used 23670K [0x00000000ecd50000, 0x00000000eeb8d000, 0x0000000100000000)
   the space 30964K,  76% used [0x00000000ecd50000, 0x00000000ee46db38, 0x00000000ee46dc00, 0x00000000eeb8d000)
 Metaspace       used 29123K, capacity 30054K, committed 30208K, reserved 1075200K
  class space    used 3322K, capacity 3569K, committed 3584K, reserved 1048576K
Event: 130.772 GC heap after
Heap after GC invocations=38 (full 2):
 def new generation   total 13952K, used 620K [0x00000000e3400000, 0x00000000e4320000, 0x00000000ecd50000)
  eden space 12416K,   0% used [0x00000000e3400000, 0x00000000e3400000, 0x00000000e4020000)
  from space 1536K,  40% used [0x00000000e41a0000, 0x00000000e423b108, 0x00000000e4320000)
  to   space 1536K,   0% used [0x00000000e4020000, 0x00000000e4020000, 0x00000000e41a0000)
 tenured generation   total 30964K, used 24208K [0x00000000ecd50000, 0x00000000eeb8d000, 0x0000000100000000)
   the space 30964K,  78% used [0x00000000ecd50000, 0x00000000ee4f40b8, 0x00000000ee4f4200, 0x00000000eeb8d000)
 Metaspace       used 29123K, capacity 30054K, committed 30208K, reserved 1075200K
  class space    used 3322K, capacity 3569K, committed 3584K, reserved 1048576K
}
Event: 137.167 GC heap before
{Heap before GC invocations=38 (full 2):
 def new generation   total 13952K, used 13031K [0x00000000e3400000, 0x00000000e4320000, 0x00000000ecd50000)
  eden space 12416K,  99% used [0x00000000e3400000, 0x00000000e401edf0, 0x00000000e4020000)
  from space 1536K,  40% used [0x00000000e41a0000, 0x00000000e423b108, 0x00000000e4320000)
  to   space 1536K,   0% used [0x00000000e4020000, 0x00000000e4020000, 0x00000000e41a0000)
 tenured generation   total 30964K, used 24208K [0x00000000ecd50000, 0x00000000eeb8d000, 0x0000000100000000)
   the space 30964K,  78% used [0x00000000ecd50000, 0x00000000ee4f40b8, 0x00000000ee4f4200, 0x00000000eeb8d000)
 Metaspace       used 29178K, capacity 30072K, committed 30208K, reserved 1075200K
  class space    used 3323K, capacity 3572K, committed 3584K, reserved 1048576K
Event: 137.169 GC heap after
Heap after GC invocations=39 (full 2):
 def new generation   total 13952K, used 1196K [0x00000000e3400000, 0x00000000e4320000, 0x00000000ecd50000)
  eden space 12416K,   0% used [0x00000000e3400000, 0x00000000e3400000, 0x00000000e4020000)
  from space 1536K,  77% used [0x00000000e4020000, 0x00000000e414b2f0, 0x00000000e41a0000)
  to   space 1536K,   0% used [0x00000000e41a0000, 0x00000000e41a0000, 0x00000000e4320000)
 tenured generation   total 30964K, used 24208K [0x00000000ecd50000, 0x00000000eeb8d000, 0x0000000100000000)
   the space 30964K,  78% used [0x00000000ecd50000, 0x00000000ee4f40b8, 0x00000000ee4f4200, 0x00000000eeb8d000)
 Metaspace       used 29178K, capacity 30072K, committed 30208K, reserved 1075200K
  class space    used 3323K, capacity 3572K, committed 3584K, reserved 1048576K
}
Event: 138.623 GC heap before
{Heap before GC invocations=39 (full 2):
 def new generation   total 13952K, used 13608K [0x00000000e3400000, 0x00000000e4320000, 0x00000000ecd50000)
  eden space 12416K,  99% used [0x00000000e3400000, 0x00000000e401ed80, 0x00000000e4020000)
  from space 1536K,  77% used [0x00000000e4020000, 0x00000000e414b2f0, 0x00000000e41a0000)
  to   space 1536K,   0% used [0x00000000e41a0000, 0x00000000e41a0000, 0x00000000e4320000)
 tenured generation   total 30964K, used 24208K [0x00000000ecd50000, 0x00000000eeb8d000, 0x0000000100000000)
   the space 30964K,  78% used [0x00000000ecd50000, 0x00000000ee4f40b8, 0x00000000ee4f4200, 0x00000000eeb8d000)
 Metaspace       used 29189K, capacity 30072K, committed 30208K, reserved 1075200K
  class space    used 3323K, capacity 3572K, committed 3584K, reserved 1048576K
Event: 138.625 GC heap after
Heap after GC invocations=40 (full 2):
 def new generation   total 13952K, used 575K [0x00000000e3400000, 0x00000000e4320000, 0x00000000ecd50000)
  eden space 12416K,   0% used [0x00000000e3400000, 0x00000000e3400000, 0x00000000e4020000)
  from space 1536K,  37% used [0x00000000e41a0000, 0x00000000e422ffe8, 0x00000000e4320000)
  to   space 1536K,   0% used [0x00000000e4020000, 0x00000000e4020000, 0x00000000e41a0000)
 tenured generation   total 30964K, used 24751K [0x00000000ecd50000, 0x00000000eeb8d000, 0x0000000100000000)
   the space 30964K,  79% used [0x00000000ecd50000, 0x00000000ee57bfd8, 0x00000000ee57c000, 0x00000000eeb8d000)
 Metaspace       used 29189K, capacity 30072K, committed 30208K, reserved 1075200K
  class space    used 3323K, capacity 3572K, committed 3584K, reserved 1048576K
}
Event: 140.513 GC heap before
{Heap before GC invocations=40 (full 2):
 def new generation   total 13952K, used 12988K [0x00000000e3400000, 0x00000000e4320000, 0x00000000ecd50000)
  eden space 12416K,  99% used [0x00000000e3400000, 0x00000000e401f290, 0x00000000e4020000)
  from space 1536K,  37% used [0x00000000e41a0000, 0x00000000e422ffe8, 0x00000000e4320000)
  to   space 1536K,   0% used [0x00000000e4020000, 0x00000000e4020000, 0x00000000e41a0000)
 tenured generation   total 30964K, used 24751K [0x00000000ecd50000, 0x00000000eeb8d000, 0x0000000100000000)
   the space 30964K,  79% used [0x00000000ecd50000, 0x00000000ee57bfd8, 0x00000000ee57c000, 0x00000000eeb8d000)
 Metaspace       used 29203K, capacity 30072K, committed 30208K, reserved 1075200K
  class space    used 3323K, capacity 3572K, committed 3584K, reserved 1048576K
Event: 140.515 GC heap after
Heap after GC invocations=41 (full 2):
 def new generation   total 13952K, used 651K [0x00000000e3400000, 0x00000000e4320000, 0x00000000ecd50000)
  eden space 12416K,   0% used [0x00000000e3400000, 0x00000000e3400000, 0x00000000e4020000)
  from space 1536K,  42% used [0x00000000e4020000, 0x00000000e40c2d60, 0x00000000e41a0000)
  to   space 1536K,   0% used [0x00000000e41a0000, 0x00000000e41a0000, 0x00000000e4320000)
 tenured generation   total 30964K, used 24751K [0x00000000ecd50000, 0x00000000eeb8d000, 0x0000000100000000)
   the space 30964K,  79% used [0x00000000ecd50000, 0x00000000ee57bfd8, 0x00000000ee57c000, 0x00000000eeb8d000)
 Metaspace       used 29203K, capacity 30072K, committed 30208K, reserved 1075200K
  class space    used 3323K, capacity 3572K, committed 3584K, reserved 1048576K
}
Event: 142.278 GC heap before
{Heap before GC invocations=41 (full 2):
 def new generation   total 13952K, used 13062K [0x00000000e3400000, 0x00000000e4320000, 0x00000000ecd50000)
  eden space 12416K,  99% used [0x00000000e3400000, 0x00000000e401ec48, 0x00000000e4020000)
  from space 1536K,  42% used [0x00000000e4020000, 0x00000000e40c2d60, 0x00000000e41a0000)
  to   space 1536K,   0% used [0x00000000e41a0000, 0x00000000e41a0000, 0x00000000e4320000)
 tenured generation   total 30964K, used 24751K [0x00000000ecd50000, 0x00000000eeb8d000, 0x0000000100000000)
   the space 30964K,  79% used [0x00000000ecd50000, 0x00000000ee57bfd8, 0x00000000ee57c000, 0x00000000eeb8d000)
 Metaspace       used 29205K, capacity 30072K, committed 30208K, reserved 1075200K
  class space    used 3323K, capacity 3572K, committed 3584K, reserved 1048576K
Event: 142.279 GC heap after
Heap after GC invocations=42 (full 2):
 def new generation   total 13952K, used 629K [0x00000000e3400000, 0x00000000e4320000, 0x00000000ecd50000)
  eden space 12416K,   0% used [0x00000000e3400000, 0x00000000e3400000, 0x00000000e4020000)
  from space 1536K,  40% used [0x00000000e41a0000, 0x00000000e423d6a0, 0x00000000e4320000)
  to   space 1536K,   0% used [0x00000000e4020000, 0x00000000e4020000, 0x00000000e41a0000)
 tenured generation   total 30964K, used 24751K [0x00000000ecd50000, 0x00000000eeb8d000, 0x0000000100000000)
   the space 30964K,  79% used [0x00000000ecd50000, 0x00000000ee57bfd8, 0x00000000ee57c000, 0x00000000eeb8d000)
 Metaspace       used 29205K, capacity 30072K, committed 30208K, reserved 1075200K
  class space    used 3323K, capacity 3572K, committed 3584K, reserved 1048576K
}
Event: 143.800 GC heap before
{Heap before GC invocations=42 (full 2):
 def new generation   total 13952K, used 13045K [0x00000000e3400000, 0x00000000e4320000, 0x00000000ecd50000)
  eden space 12416K, 100% used [0x00000000e3400000, 0x00000000e4020000, 0x00000000e4020000)
  from space 1536K,  40% used [0x00000000e41a0000, 0x00000000e423d6a0, 0x00000000e4320000)
  to   space 1536K,   0% used [0x00000000e4020000, 0x00000000e4020000, 0x00000000e41a0000)
 tenured generation   total 30964K, used 24751K [0x00000000ecd50000, 0x00000000eeb8d000, 0x0000000100000000)
   the space 30964K,  79% used [0x00000000ecd50000, 0x00000000ee57bfd8, 0x00000000ee57c000, 0x00000000eeb8d000)
 Metaspace       used 29206K, capacity 30072K, committed 30208K, reserved 1075200K
  class space    used 3323K, capacity 3572K, committed 3584K, reserved 1048576K
Event: 143.802 GC heap after
Heap after GC invocations=43 (full 2):
 def new generation   total 13952K, used 576K [0x00000000e3400000, 0x00000000e4320000, 0x00000000ecd50000)
  eden space 12416K,   0% used [0x00000000e3400000, 0x00000000e3400000, 0x00000000e4020000)
  from space 1536K,  37% used [0x00000000e4020000, 0x00000000e40b0158, 0x00000000e41a0000)
  to   space 1536K,   0% used [0x00000000e41a0000, 0x00000000e41a0000, 0x00000000e4320000)
 tenured generation   total 30964K, used 24751K [0x00000000ecd50000, 0x00000000eeb8d000, 0x0000000100000000)
   the space 30964K,  79% used [0x00000000ecd50000, 0x00000000ee57bfd8, 0x00000000ee57c000, 0x00000000eeb8d000)
 Metaspace       used 29206K, capacity 30072K, committed 30208K, reserved 1075200K
  class space    used 3323K, capacity 3572K, committed 3584K, reserved 1048576K
}
Event: 145.397 GC heap before
{Heap before GC invocations=43 (full 2):
 def new generation   total 13952K, used 12992K [0x00000000e3400000, 0x00000000e4320000, 0x00000000ecd50000)
  eden space 12416K, 100% used [0x00000000e3400000, 0x00000000e4020000, 0x00000000e4020000)
  from space 1536K,  37% used [0x00000000e4020000, 0x00000000e40b0158, 0x00000000e41a0000)
  to   space 1536K,   0% used [0x00000000e41a0000, 0x00000000e41a0000, 0x00000000e4320000)
 tenured generation   total 30964K, used 24751K [0x00000000ecd50000, 0x00000000eeb8d000, 0x0000000100000000)
   the space 30964K,  79% used [0x00000000ecd50000, 0x00000000ee57bfd8, 0x00000000ee57c000, 0x00000000eeb8d000)
 Metaspace       used 29207K, capacity 30072K, committed 30208K, reserved 1075200K
  class space    used 3323K, capacity 3572K, committed 3584K, reserved 1048576K
Event: 145.399 GC heap after
Heap after GC invocations=44 (full 2):
 def new generation   total 13952K, used 570K [0x00000000e3400000, 0x00000000e4320000, 0x00000000ecd50000)
  eden space 12416K,   0% used [0x00000000e3400000, 0x00000000e3400000, 0x00000000e4020000)
  from space 1536K,  37% used [0x00000000e41a0000, 0x00000000e422eb60, 0x00000000e4320000)
  to   space 1536K,   0% used [0x00000000e4020000, 0x00000000e4020000, 0x00000000e41a0000)
 tenured generation   total 30964K, used 24751K [0x00000000ecd50000, 0x00000000eeb8d000, 0x0000000100000000)
   the space 30964K,  79% used [0x00000000ecd50000, 0x00000000ee57bfd8, 0x00000000ee57c000, 0x00000000eeb8d000)
 Metaspace       used 29207K, capacity 30072K, committed 30208K, reserved 1075200K
  class space    used 3323K, capacity 3572K, committed 3584K, reserved 1048576K
}
Event: 149.805 GC heap before
{Heap before GC invocations=44 (full 2):
 def new generation   total 13952K, used 12979K [0x00000000e3400000, 0x00000000e4320000, 0x00000000ecd50000)
  eden space 12416K,  99% used [0x00000000e3400000, 0x00000000e401e3a8, 0x00000000e4020000)
  from space 1536K,  37% used [0x00000000e41a0000, 0x00000000e422eb60, 0x00000000e4320000)
  to   space 1536K,   0% used [0x00000000e4020000, 0x00000000e4020000, 0x00000000e41a0000)
 tenured generation   total 30964K, used 24751K [0x00000000ecd50000, 0x00000000eeb8d000, 0x0000000100000000)
   the space 30964K,  79% used [0x00000000ecd50000, 0x00000000ee57bfd8, 0x00000000ee57c000, 0x00000000eeb8d000)
 Metaspace       used 29207K, capacity 30072K, committed 30208K, reserved 1075200K
  class space    used 3323K, capacity 3572K, committed 3584K, reserved 1048576K
Event: 149.810 GC heap after
Heap after GC invocations=45 (full 2):
 def new generation   total 13952K, used 515K [0x00000000e3400000, 0x00000000e4320000, 0x00000000ecd50000)
  eden space 12416K,   0% used [0x00000000e3400000, 0x00000000e3400000, 0x00000000e4020000)
  from space 1536K,  33% used [0x00000000e4020000, 0x00000000e40a0f28, 0x00000000e41a0000)
  to   space 1536K,   0% used [0x00000000e41a0000, 0x00000000e41a0000, 0x00000000e4320000)
 tenured generation   total 30964K, used 24751K [0x00000000ecd50000, 0x00000000eeb8d000, 0x0000000100000000)
   the space 30964K,  79% used [0x00000000ecd50000, 0x00000000ee57bfd8, 0x00000000ee57c000, 0x00000000eeb8d000)
 Metaspace       used 29207K, capacity 30072K, committed 30208K, reserved 1075200K
  class space    used 3323K, capacity 3572K, committed 3584K, reserved 1048576K
}
Event: 156.148 GC heap before
{Heap before GC invocations=45 (full 2):
 def new generation   total 13952K, used 12931K [0x00000000e3400000, 0x00000000e4320000, 0x00000000ecd50000)
  eden space 12416K, 100% used [0x00000000e3400000, 0x00000000e4020000, 0x00000000e4020000)
  from space 1536K,  33% used [0x00000000e4020000, 0x00000000e40a0f28, 0x00000000e41a0000)
  to   space 1536K,   0% used [0x00000000e41a0000, 0x00000000e41a0000, 0x00000000e4320000)
 tenured generation   total 30964K, used 24751K [0x00000000ecd50000, 0x00000000eeb8d000, 0x0000000100000000)
   the space 30964K,  79% used [0x00000000ecd50000, 0x00000000ee57bfd8, 0x00000000ee57c000, 0x00000000eeb8d000)
 Metaspace       used 29207K, capacity 30072K, committed 30208K, reserved 1075200K
  class space    used 3323K, capacity 3572K, committed 3584K, reserved 1048576K
Event: 156.150 GC heap after
Heap after GC invocations=46 (full 2):
 def new generation   total 13952K, used 611K [0x00000000e3400000, 0x00000000e4320000, 0x00000000ecd50000)
  eden space 12416K,   0% used [0x00000000e3400000, 0x00000000e3400000, 0x00000000e4020000)
  from space 1536K,  39% used [0x00000000e41a0000, 0x00000000e4238e30, 0x00000000e4320000)
  to   space 1536K,   0% used [0x00000000e4020000, 0x00000000e4020000, 0x00000000e41a0000)
 tenured generation   total 30964K, used 24751K [0x00000000ecd50000, 0x00000000eeb8d000, 0x0000000100000000)
   the space 30964K,  79% used [0x00000000ecd50000, 0x00000000ee57bfd8, 0x00000000ee57c000, 0x00000000eeb8d000)
 Metaspace       used 29207K, capacity 30072K, committed 30208K, reserved 1075200K
  class space    used 3323K, capacity 3572K, committed 3584K, reserved 1048576K
}
Event: 158.334 GC heap before
{Heap before GC invocations=46 (full 2):
 def new generation   total 13952K, used 13027K [0x00000000e3400000, 0x00000000e4320000, 0x00000000ecd50000)
  eden space 12416K, 100% used [0x00000000e3400000, 0x00000000e4020000, 0x00000000e4020000)
  from space 1536K,  39% used [0x00000000e41a0000, 0x00000000e4238e30, 0x00000000e4320000)
  to   space 1536K,   0% used [0x00000000e4020000, 0x00000000e4020000, 0x00000000e41a0000)
 tenured generation   total 30964K, used 24751K [0x00000000ecd50000, 0x00000000eeb8d000, 0x0000000100000000)
   the space 30964K,  79% used [0x00000000ecd50000, 0x00000000ee57bfd8, 0x00000000ee57c000, 0x00000000eeb8d000)
 Metaspace       used 29208K, capacity 30072K, committed 30208K, reserved 1075200K
  class space    used 3323K, capacity 3572K, committed 3584K, reserved 1048576K
Event: 158.335 GC heap after
Heap after GC invocations=47 (full 2):
 def new generation   total 13952K, used 555K [0x00000000e3400000, 0x00000000e4320000, 0x00000000ecd50000)
  eden space 12416K,   0% used [0x00000000e3400000, 0x00000000e3400000, 0x00000000e4020000)
  from space 1536K,  36% used [0x00000000e4020000, 0x00000000e40aaf80, 0x00000000e41a0000)
  to   space 1536K,   0% used [0x00000000e41a0000, 0x00000000e41a0000, 0x00000000e4320000)
 tenured generation   total 30964K, used 24751K [0x00000000ecd50000, 0x00000000eeb8d000, 0x0000000100000000)
   the space 30964K,  79% used [0x00000000ecd50000, 0x00000000ee57bfd8, 0x00000000ee57c000, 0x00000000eeb8d000)
 Metaspace       used 29208K, capacity 30072K, committed 30208K, reserved 1075200K
  class space    used 3323K, capacity 3572K, committed 3584K, reserved 1048576K
}
Event: 159.901 GC heap before
{Heap before GC invocations=47 (full 2):
 def new generation   total 13952K, used 12959K [0x00000000e3400000, 0x00000000e4320000, 0x00000000ecd50000)
  eden space 12416K,  99% used [0x00000000e3400000, 0x00000000e401cfc0, 0x00000000e4020000)
  from space 1536K,  36% used [0x00000000e4020000, 0x00000000e40aaf80, 0x00000000e41a0000)
  to   space 1536K,   0% used [0x00000000e41a0000, 0x00000000e41a0000, 0x00000000e4320000)
 tenured generation   total 30964K, used 24751K [0x00000000ecd50000, 0x00000000eeb8d000, 0x0000000100000000)
   the space 30964K,  79% used [0x00000000ecd50000, 0x00000000ee57bfd8, 0x00000000ee57c000, 0x00000000eeb8d000)
 Metaspace       used 29209K, capacity 30072K, committed 30208K, reserved 1075200K
  class space    used 3323K, capacity 3572K, committed 3584K, reserved 1048576K
Event: 159.902 GC heap after
Heap after GC invocations=48 (full 2):
 def new generation   total 13952K, used 599K [0x00000000e3400000, 0x00000000e4320000, 0x00000000ecd50000)
  eden space 12416K,   0% used [0x00000000e3400000, 0x00000000e3400000, 0x00000000e4020000)
  from space 1536K,  39% used [0x00000000e41a0000, 0x00000000e4235e48, 0x00000000e4320000)
  to   space 1536K,   0% used [0x00000000e4020000, 0x00000000e4020000, 0x00000000e41a0000)
 tenured generation   total 30964K, used 24751K [0x00000000ecd50000, 0x00000000eeb8d000, 0x0000000100000000)
   the space 30964K,  79% used [0x00000000ecd50000, 0x00000000ee57bfd8, 0x00000000ee57c000, 0x00000000eeb8d000)
 Metaspace       used 29209K, capacity 30072K, committed 30208K, reserved 1075200K
  class space    used 3323K, capacity 3572K, committed 3584K, reserved 1048576K
}
Event: 161.226 GC heap before
{Heap before GC invocations=48 (full 2):
 def new generation   total 13952K, used 13015K [0x00000000e3400000, 0x00000000e4320000, 0x00000000ecd50000)
  eden space 12416K, 100% used [0x00000000e3400000, 0x00000000e4020000, 0x00000000e4020000)
  from space 1536K,  39% used [0x00000000e41a0000, 0x00000000e4235e48, 0x00000000e4320000)
  to   space 1536K,   0% used [0x00000000e4020000, 0x00000000e4020000, 0x00000000e41a0000)
 tenured generation   total 30964K, used 24751K [0x00000000ecd50000, 0x00000000eeb8d000, 0x0000000100000000)
   the space 30964K,  79% used [0x00000000ecd50000, 0x00000000ee57bfd8, 0x00000000ee57c000, 0x00000000eeb8d000)
 Metaspace       used 29210K, capacity 30136K, committed 30208K, reserved 1075200K
  class space    used 3323K, capacity 3572K, committed 3584K, reserved 1048576K
Event: 161.227 GC heap after
Heap after GC invocations=49 (full 2):
 def new generation   total 13952K, used 528K [0x00000000e3400000, 0x00000000e4320000, 0x00000000ecd50000)
  eden space 12416K,   0% used [0x00000000e3400000, 0x00000000e3400000, 0x00000000e4020000)
  from space 1536K,  34% used [0x00000000e4020000, 0x00000000e40a4368, 0x00000000e41a0000)
  to   space 1536K,   0% used [0x00000000e41a0000, 0x00000000e41a0000, 0x00000000e4320000)
 tenured generation   total 30964K, used 24751K [0x00000000ecd50000, 0x00000000eeb8d000, 0x0000000100000000)
   the space 30964K,  79% used [0x00000000ecd50000, 0x00000000ee57bfd8, 0x00000000ee57c000, 0x00000000eeb8d000)
 Metaspace       used 29210K, capacity 30136K, committed 30208K, reserved 1075200K
  class space    used 3323K, capacity 3572K, committed 3584K, reserved 1048576K
}
Event: 162.467 GC heap before
{Heap before GC invocations=49 (full 2):
 def new generation   total 13952K, used 12944K [0x00000000e3400000, 0x00000000e4320000, 0x00000000ecd50000)
  eden space 12416K,  99% used [0x00000000e3400000, 0x00000000e401fcf8, 0x00000000e4020000)
  from space 1536K,  34% used [0x00000000e4020000, 0x00000000e40a4368, 0x00000000e41a0000)
  to   space 1536K,   0% used [0x00000000e41a0000, 0x00000000e41a0000, 0x00000000e4320000)
 tenured generation   total 30964K, used 24751K [0x00000000ecd50000, 0x00000000eeb8d000, 0x0000000100000000)
   the space 30964K,  79% used [0x00000000ecd50000, 0x00000000ee57bfd8, 0x00000000ee57c000, 0x00000000eeb8d000)
 Metaspace       used 29212K, capacity 30136K, committed 30208K, reserved 1075200K
  class space    used 3323K, capacity 3572K, committed 3584K, reserved 1048576K
Event: 162.468 GC heap after
Heap after GC invocations=50 (full 2):
 def new generation   total 13952K, used 590K [0x00000000e3400000, 0x00000000e4320000, 0x00000000ecd50000)
  eden space 12416K,   0% used [0x00000000e3400000, 0x00000000e3400000, 0x00000000e4020000)
  from space 1536K,  38% used [0x00000000e41a0000, 0x00000000e4233aa8, 0x00000000e4320000)
  to   space 1536K,   0% used [0x00000000e4020000, 0x00000000e4020000, 0x00000000e41a0000)
 tenured generation   total 30964K, used 24751K [0x00000000ecd50000, 0x00000000eeb8d000, 0x0000000100000000)
   the space 30964K,  79% used [0x00000000ecd50000, 0x00000000ee57bfd8, 0x00000000ee57c000, 0x00000000eeb8d000)
 Metaspace       used 29212K, capacity 30136K, committed 30208K, reserved 1075200K
  class space    used 3323K, capacity 3572K, committed 3584K, reserved 1048576K
}
Event: 164.061 GC heap before
{Heap before GC invocations=50 (full 2):
 def new generation   total 13952K, used 13006K [0x00000000e3400000, 0x00000000e4320000, 0x00000000ecd50000)
  eden space 12416K, 100% used [0x00000000e3400000, 0x00000000e4020000, 0x00000000e4020000)
  from space 1536K,  38% used [0x00000000e41a0000, 0x00000000e4233aa8, 0x00000000e4320000)
  to   space 1536K,   0% used [0x00000000e4020000, 0x00000000e4020000, 0x00000000e41a0000)
 tenured generation   total 30964K, used 24751K [0x00000000ecd50000, 0x00000000eeb8d000, 0x0000000100000000)
   the space 30964K,  79% used [0x00000000ecd50000, 0x00000000ee57bfd8, 0x00000000ee57c000, 0x00000000eeb8d000)
 Metaspace       used 29212K, capacity 30136K, committed 30208K, reserved 1075200K
  class space    used 3323K, capacity 3572K, committed 3584K, reserved 1048576K
Event: 164.062 GC heap after
Heap after GC invocations=51 (full 2):
 def new generation   total 13952K, used 587K [0x00000000e3400000, 0x00000000e4320000, 0x00000000ecd50000)
  eden space 12416K,   0% used [0x00000000e3400000, 0x00000000e3400000, 0x00000000e4020000)
  from space 1536K,  38% used [0x00000000e4020000, 0x00000000e40b2f60, 0x00000000e41a0000)
  to   space 1536K,   0% used [0x00000000e41a0000, 0x00000000e41a0000, 0x00000000e4320000)
 tenured generation   total 30964K, used 24751K [0x00000000ecd50000, 0x00000000eeb8d000, 0x0000000100000000)
   the space 30964K,  79% used [0x00000000ecd50000, 0x00000000ee57bfd8, 0x00000000ee57c000, 0x00000000eeb8d000)
 Metaspace       used 29212K, capacity 30136K, committed 30208K, reserved 1075200K
  class space    used 3323K, capacity 3572K, committed 3584K, reserved 1048576K
}
Event: 170.032 GC heap before
{Heap before GC invocations=51 (full 2):
 def new generation   total 13952K, used 12992K [0x00000000e3400000, 0x00000000e4320000, 0x00000000ecd50000)
  eden space 12416K,  99% used [0x00000000e3400000, 0x00000000e401d3f0, 0x00000000e4020000)
  from space 1536K,  38% used [0x00000000e4020000, 0x00000000e40b2f60, 0x00000000e41a0000)
  to   space 1536K,   0% used [0x00000000e41a0000, 0x00000000e41a0000, 0x00000000e4320000)
 tenured generation   total 30964K, used 24751K [0x00000000ecd50000, 0x00000000eeb8d000, 0x0000000100000000)
   the space 30964K,  79% used [0x00000000ecd50000, 0x00000000ee57bfd8, 0x00000000ee57c000, 0x00000000eeb8d000)
 Metaspace       used 29212K, capacity 30136K, committed 30208K, reserved 1075200K
  class space    used 3323K, capacity 3572K, committed 3584K, reserved 1048576K
Event: 170.038 GC heap after
Heap after GC invocations=52 (full 2):
 def new generation   total 13952K, used 567K [0x00000000e3400000, 0x00000000e4320000, 0x00000000ecd50000)
  eden space 12416K,   0% used [0x00000000e3400000, 0x00000000e3400000, 0x00000000e4020000)
  from space 1536K,  36% used [0x00000000e41a0000, 0x00000000e422ddc8, 0x00000000e4320000)
  to   space 1536K,   0% used [0x00000000e4020000, 0x00000000e4020000, 0x00000000e41a0000)
 tenured generation   total 30964K, used 24751K [0x00000000ecd50000, 0x00000000eeb8d000, 0x0000000100000000)
   the space 30964K,  79% used [0x00000000ecd50000, 0x00000000ee57bfd8, 0x00000000ee57c000, 0x00000000eeb8d000)
 Metaspace       used 29212K, capacity 30136K, committed 30208K, reserved 1075200K
  class space    used 3323K, capacity 3572K, committed 3584K, reserved 1048576K
}
Event: 174.065 GC heap before
{Heap before GC invocations=52 (full 2):
 def new generation   total 13952K, used 12982K [0x00000000e3400000, 0x00000000e4320000, 0x00000000ecd50000)
  eden space 12416K,  99% used [0x00000000e3400000, 0x00000000e401fc18, 0x00000000e4020000)
  from space 1536K,  36% used [0x00000000e41a0000, 0x00000000e422ddc8, 0x00000000e4320000)
  to   space 1536K,   0% used [0x00000000e4020000, 0x00000000e4020000, 0x00000000e41a0000)
 tenured generation   total 30964K, used 24751K [0x00000000ecd50000, 0x00000000eeb8d000, 0x0000000100000000)
   the space 30964K,  79% used [0x00000000ecd50000, 0x00000000ee57bfd8, 0x00000000ee57c000, 0x00000000eeb8d000)
 Metaspace       used 29212K, capacity 30136K, committed 30208K, reserved 1075200K
  class space    used 3323K, capacity 3572K, committed 3584K, reserved 1048576K
Event: 174.066 GC heap after
Heap after GC invocations=53 (full 2):
 def new generation   total 13952K, used 594K [0x00000000e3400000, 0x00000000e4320000, 0x00000000ecd50000)
  eden space 12416K,   0% used [0x00000000e3400000, 0x00000000e3400000, 0x00000000e4020000)
  from space 1536K,  38% used [0x00000000e4020000, 0x00000000e40b4a40, 0x00000000e41a0000)
  to   space 1536K,   0% used [0x00000000e41a0000, 0x00000000e41a0000, 0x00000000e4320000)
 tenured generation   total 30964K, used 24751K [0x00000000ecd50000, 0x00000000eeb8d000, 0x0000000100000000)
   the space 30964K,  79% used [0x00000000ecd50000, 0x00000000ee57bfd8, 0x00000000ee57c000, 0x00000000eeb8d000)
 Metaspace       used 29212K, capacity 30136K, committed 30208K, reserved 1075200K
  class space    used 3323K, capacity 3572K, committed 3584K, reserved 1048576K
}
Event: 175.460 GC heap before
{Heap before GC invocations=53 (full 2):
 def new generation   total 13952K, used 13006K [0x00000000e3400000, 0x00000000e4320000, 0x00000000ecd50000)
  eden space 12416K,  99% used [0x00000000e3400000, 0x00000000e401ef48, 0x00000000e4020000)
  from space 1536K,  38% used [0x00000000e4020000, 0x00000000e40b4a40, 0x00000000e41a0000)
  to   space 1536K,   0% used [0x00000000e41a0000, 0x00000000e41a0000, 0x00000000e4320000)
 tenured generation   total 30964K, used 24751K [0x00000000ecd50000, 0x00000000eeb8d000, 0x0000000100000000)
   the space 30964K,  79% used [0x00000000ecd50000, 0x00000000ee57bfd8, 0x00000000ee57c000, 0x00000000eeb8d000)
 Metaspace       used 29217K, capacity 30136K, committed 30208K, reserved 1075200K
  class space    used 3324K, capacity 3572K, committed 3584K, reserved 1048576K
Event: 175.462 GC heap after
Heap after GC invocations=54 (full 2):
 def new generation   total 13952K, used 301K [0x00000000e3400000, 0x00000000e4320000, 0x00000000ecd50000)
  eden space 12416K,   0% used [0x00000000e3400000, 0x00000000e3400000, 0x00000000e4020000)
  from space 1536K,  19% used [0x00000000e41a0000, 0x00000000e41eb578, 0x00000000e4320000)
  to   space 1536K,   0% used [0x00000000e4020000, 0x00000000e4020000, 0x00000000e41a0000)
 tenured generation   total 30964K, used 25007K [0x00000000ecd50000, 0x00000000eeb8d000, 0x0000000100000000)
   the space 30964K,  80% used [0x00000000ecd50000, 0x00000000ee5bbee8, 0x00000000ee5bc000, 0x00000000eeb8d000)
 Metaspace       used 29217K, capacity 30136K, committed 30208K, reserved 1075200K
  class space    used 3324K, capacity 3572K, committed 3584K, reserved 1048576K
}
Event: 176.700 GC heap before
{Heap before GC invocations=54 (full 2):
 def new generation   total 13952K, used 12706K [0x00000000e3400000, 0x00000000e4320000, 0x00000000ecd50000)
  eden space 12416K,  99% used [0x00000000e3400000, 0x00000000e401d480, 0x00000000e4020000)
  from space 1536K,  19% used [0x00000000e41a0000, 0x00000000e41eb578, 0x00000000e4320000)
  to   space 1536K,   0% used [0x00000000e4020000, 0x00000000e4020000, 0x00000000e41a0000)
 tenured generation   total 30964K, used 25007K [0x00000000ecd50000, 0x00000000eeb8d000, 0x0000000100000000)
   the space 30964K,  80% used [0x00000000ecd50000, 0x00000000ee5bbee8, 0x00000000ee5bc000, 0x00000000eeb8d000)
 Metaspace       used 29220K, capacity 30136K, committed 30208K, reserved 1075200K
  class space    used 3324K, capacity 3572K, committed 3584K, reserved 1048576K
Event: 176.702 GC heap after
Heap after GC invocations=55 (full 2):
 def new generation   total 13952K, used 90K [0x00000000e3400000, 0x00000000e4320000, 0x00000000ecd50000)
  eden space 12416K,   0% used [0x00000000e3400000, 0x00000000e3400000, 0x00000000e4020000)
  from space 1536K,   5% used [0x00000000e4020000, 0x00000000e4036870, 0x00000000e41a0000)
  to   space 1536K,   0% used [0x00000000e41a0000, 0x00000000e41a0000, 0x00000000e4320000)
 tenured generation   total 30964K, used 25015K [0x00000000ecd50000, 0x00000000eeb8d000, 0x0000000100000000)
   the space 30964K,  80% used [0x00000000ecd50000, 0x00000000ee5bdd50, 0x00000000ee5bde00, 0x00000000eeb8d000)
 Metaspace       used 29220K, capacity 30136K, committed 30208K, reserved 1075200K
  class space    used 3324K, capacity 3572K, committed 3584K, reserved 1048576K
}
Event: 180.752 GC heap before
{Heap before GC invocations=55 (full 2):
 def new generation   total 13952K, used 12506K [0x00000000e3400000, 0x00000000e4320000, 0x00000000ecd50000)
  eden space 12416K, 100% used [0x00000000e3400000, 0x00000000e4020000, 0x00000000e4020000)
  from space 1536K,   5% used [0x00000000e4020000, 0x00000000e4036870, 0x00000000e41a0000)
  to   space 1536K,   0% used [0x00000000e41a0000, 0x00000000e41a0000, 0x00000000e4320000)
 tenured generation   total 30964K, used 25015K [0x00000000ecd50000, 0x00000000eeb8d000, 0x0000000100000000)
   the space 30964K,  80% used [0x00000000ecd50000, 0x00000000ee5bdd50, 0x00000000ee5bde00, 0x00000000eeb8d000)
 Metaspace       used 29372K, capacity 30278K, committed 30464K, reserved 1077248K
  class space    used 3328K, capacity 3575K, committed 3584K, reserved 1048576K
Event: 180.754 GC heap after
Heap after GC invocations=56 (full 2):
 def new generation   total 13952K, used 433K [0x00000000e3400000, 0x00000000e4320000, 0x00000000ecd50000)
  eden space 12416K,   0% used [0x00000000e3400000, 0x00000000e3400000, 0x00000000e4020000)
  from space 1536K,  28% used [0x00000000e41a0000, 0x00000000e420c740, 0x00000000e4320000)
  to   space 1536K,   0% used [0x00000000e4020000, 0x00000000e4020000, 0x00000000e41a0000)
 tenured generation   total 30964K, used 25018K [0x00000000ecd50000, 0x00000000eeb8d000, 0x0000000100000000)
   the space 30964K,  80% used [0x00000000ecd50000, 0x00000000ee5bea40, 0x00000000ee5bec00, 0x00000000eeb8d000)
 Metaspace       used 29372K, capacity 30278K, committed 30464K, reserved 1077248K
  class space    used 3328K, capacity 3575K, committed 3584K, reserved 1048576K
}
Event: 189.439 GC heap before
{Heap before GC invocations=56 (full 2):
 def new generation   total 13952K, used 12849K [0x00000000e3400000, 0x00000000e4320000, 0x00000000ecd50000)
  eden space 12416K, 100% used [0x00000000e3400000, 0x00000000e4020000, 0x00000000e4020000)
  from space 1536K,  28% used [0x00000000e41a0000, 0x00000000e420c740, 0x00000000e4320000)
  to   space 1536K,   0% used [0x00000000e4020000, 0x00000000e4020000, 0x00000000e41a0000)
 tenured generation   total 30964K, used 25018K [0x00000000ecd50000, 0x00000000eeb8d000, 0x0000000100000000)
   the space 30964K,  80% used [0x00000000ecd50000, 0x00000000ee5bea40, 0x00000000ee5bec00, 0x00000000eeb8d000)
 Metaspace       used 29386K, capacity 30284K, committed 30464K, reserved 1077248K
  class space    used 3328K, capacity 3576K, committed 3584K, reserved 1048576K
Event: 189.442 GC heap after
Heap after GC invocations=57 (full 2):
 def new generation   total 13952K, used 823K [0x00000000e3400000, 0x00000000e4320000, 0x00000000ecd50000)
  eden space 12416K,   0% used [0x00000000e3400000, 0x00000000e3400000, 0x00000000e4020000)
  from space 1536K,  53% used [0x00000000e4020000, 0x00000000e40edd38, 0x00000000e41a0000)
  to   space 1536K,   0% used [0x00000000e41a0000, 0x00000000e41a0000, 0x00000000e4320000)
 tenured generation   total 30964K, used 25021K [0x00000000ecd50000, 0x00000000eeb8d000, 0x0000000100000000)
   the space 30964K,  80% used [0x00000000ecd50000, 0x00000000ee5bf5a0, 0x00000000ee5bf600, 0x00000000eeb8d000)
 Metaspace       used 29386K, capacity 30284K, committed 30464K, reserved 1077248K
  class space    used 3328K, capacity 3576K, committed 3584K, reserved 1048576K
}
Event: 197.264 GC heap before
{Heap before GC invocations=57 (full 2):
 def new generation   total 13952K, used 13239K [0x00000000e3400000, 0x00000000e4320000, 0x00000000ecd50000)
  eden space 12416K, 100% used [0x00000000e3400000, 0x00000000e4020000, 0x00000000e4020000)
  from space 1536K,  53% used [0x00000000e4020000, 0x00000000e40edd38, 0x00000000e41a0000)
  to   space 1536K,   0% used [0x00000000e41a0000, 0x00000000e41a0000, 0x00000000e4320000)
 tenured generation   total 30964K, used 25021K [0x00000000ecd50000, 0x00000000eeb8d000, 0x0000000100000000)
   the space 30964K,  80% used [0x00000000ecd50000, 0x00000000ee5bf5a0, 0x00000000ee5bf600, 0x00000000eeb8d000)
 Metaspace       used 29412K, capacity 30296K, committed 30464K, reserved 1077248K
  class space    used 3329K, capacity 3578K, committed 3584K, reserved 1048576K
Event: 197.267 GC heap after
Heap after GC invocations=58 (full 2):
 def new generation   total 13952K, used 987K [0x00000000e3400000, 0x00000000e4320000, 0x00000000ecd50000)
  eden space 12416K,   0% used [0x00000000e3400000, 0x00000000e3400000, 0x00000000e4020000)
  from space 1536K,  64% used [0x00000000e41a0000, 0x00000000e4296ed0, 0x00000000e4320000)
  to   space 1536K,   0% used [0x00000000e4020000, 0x00000000e4020000, 0x00000000e41a0000)
 tenured generation   total 30964K, used 25077K [0x00000000ecd50000, 0x00000000eeb8d000, 0x0000000100000000)
   the space 30964K,  80% used [0x00000000ecd50000, 0x00000000ee5cd5d8, 0x00000000ee5cd600, 0x00000000eeb8d000)
 Metaspace       used 29412K, capacity 30296K, committed 30464K, reserved 1077248K
  class space    used 3329K, capacity 3578K, committed 3584K, reserved 1048576K
}
Event: 199.997 GC heap before
{Heap before GC invocations=58 (full 2):
 def new generation   total 13952K, used 13391K [0x00000000e3400000, 0x00000000e4320000, 0x00000000ecd50000)
  eden space 12416K,  99% used [0x00000000e3400000, 0x00000000e401cd38, 0x00000000e4020000)
  from space 1536K,  64% used [0x00000000e41a0000, 0x00000000e4296ed0, 0x00000000e4320000)
  to   space 1536K,   0% used [0x00000000e4020000, 0x00000000e4020000, 0x00000000e41a0000)
 tenured generation   total 30964K, used 25077K [0x00000000ecd50000, 0x00000000eeb8d000, 0x0000000100000000)
   the space 30964K,  80% used [0x00000000ecd50000, 0x00000000ee5cd5d8, 0x00000000ee5cd600, 0x00000000eeb8d000)
 Metaspace       used 29415K, capacity 30296K, committed 30464K, reserved 1077248K
  class space    used 3329K, capacity 3578K, committed 3584K, reserved 1048576K
Event: 200.000 GC heap after
Heap after GC invocations=59 (full 2):
 def new generation   total 13952K, used 1004K [0x00000000e3400000, 0x00000000e4320000, 0x00000000ecd50000)
  eden space 12416K,   0% used [0x00000000e3400000, 0x00000000e3400000, 0x00000000e4020000)
  from space 1536K,  65% used [0x00000000e4020000, 0x00000000e411b388, 0x00000000e41a0000)
  to   space 1536K,   0% used [0x00000000e41a0000, 0x00000000e41a0000, 0x00000000e4320000)
 tenured generation   total 30964K, used 25322K [0x00000000ecd50000, 0x00000000eeb8d000, 0x0000000100000000)
   the space 30964K,  81% used [0x00000000ecd50000, 0x00000000ee60aa68, 0x00000000ee60ac00, 0x00000000eeb8d000)
 Metaspace       used 29415K, capacity 30296K, committed 30464K, reserved 1077248K
  class space    used 3329K, capacity 3578K, committed 3584K, reserved 1048576K
}
Event: 210.207 GC heap before
{Heap before GC invocations=59 (full 2):
 def new generation   total 13952K, used 13416K [0x00000000e3400000, 0x00000000e4320000, 0x00000000ecd50000)
  eden space 12416K,  99% used [0x00000000e3400000, 0x00000000e401eef8, 0x00000000e4020000)
  from space 1536K,  65% used [0x00000000e4020000, 0x00000000e411b388, 0x00000000e41a0000)
  to   space 1536K,   0% used [0x00000000e41a0000, 0x00000000e41a0000, 0x00000000e4320000)
 tenured generation   total 30964K, used 25322K [0x00000000ecd50000, 0x00000000eeb8d000, 0x0000000100000000)
   the space 30964K,  81% used [0x00000000ecd50000, 0x00000000ee60aa68, 0x00000000ee60ac00, 0x00000000eeb8d000)
 Metaspace       used 29421K, capacity 30360K, committed 30464K, reserved 1077248K
  class space    used 3329K, capacity 3578K, committed 3584K, reserved 1048576K
Event: 210.209 GC heap after
Heap after GC invocations=60 (full 2):
 def new generation   total 13952K, used 450K [0x00000000e3400000, 0x00000000e4320000, 0x00000000ecd50000)
  eden space 12416K,   0% used [0x00000000e3400000, 0x00000000e3400000, 0x00000000e4020000)
  from space 1536K,  29% used [0x00000000e41a0000, 0x00000000e4210a30, 0x00000000e4320000)
  to   space 1536K,   0% used [0x00000000e4020000, 0x00000000e4020000, 0x00000000e41a0000)
 tenured generation   total 30964K, used 25712K [0x00000000ecd50000, 0x00000000eeb8d000, 0x0000000100000000)
   the space 30964K,  83% used [0x00000000ecd50000, 0x00000000ee66c238, 0x00000000ee66c400, 0x00000000eeb8d000)
 Metaspace       used 29421K, capacity 30360K, committed 30464K, reserved 1077248K
  class space    used 3329K, capacity 3578K, committed 3584K, reserved 1048576K
}
Event: 212.208 GC heap before
{Heap before GC invocations=60 (full 2):
 def new generation   total 13952K, used 12853K [0x00000000e3400000, 0x00000000e4320000, 0x00000000ecd50000)
  eden space 12416K,  99% used [0x00000000e3400000, 0x00000000e401cd08, 0x00000000e4020000)
  from space 1536K,  29% used [0x00000000e41a0000, 0x00000000e4210a30, 0x00000000e4320000)
  to   space 1536K,   0% used [0x00000000e4020000, 0x00000000e4020000, 0x00000000e41a0000)
 tenured generation   total 30964K, used 25712K [0x00000000ecd50000, 0x00000000eeb8d000, 0x0000000100000000)
   the space 30964K,  83% used [0x00000000ecd50000, 0x00000000ee66c238, 0x00000000ee66c400, 0x00000000eeb8d000)
 Metaspace       used 29421K, capacity 30360K, committed 30464K, reserved 1077248K
  class space    used 3329K, capacity 3578K, committed 3584K, reserved 1048576K
Event: 212.210 GC heap after
Heap after GC invocations=61 (full 2):
 def new generation   total 13952K, used 453K [0x00000000e3400000, 0x00000000e4320000, 0x00000000ecd50000)
  eden space 12416K,   0% used [0x00000000e3400000, 0x00000000e3400000, 0x00000000e4020000)
  from space 1536K,  29% used [0x00000000e4020000, 0x00000000e4091598, 0x00000000e41a0000)
  to   space 1536K,   0% used [0x00000000e41a0000, 0x00000000e41a0000, 0x00000000e4320000)
 tenured generation   total 30964K, used 25712K [0x00000000ecd50000, 0x00000000eeb8d000, 0x0000000100000000)
   the space 30964K,  83% used [0x00000000ecd50000, 0x00000000ee66c238, 0x00000000ee66c400, 0x00000000eeb8d000)
 Metaspace       used 29421K, capacity 30360K, committed 30464K, reserved 1077248K
  class space    used 3329K, capacity 3578K, committed 3584K, reserved 1048576K
}
Event: 214.247 GC heap before
{Heap before GC invocations=61 (full 2):
 def new generation   total 13952K, used 12869K [0x00000000e3400000, 0x00000000e4320000, 0x00000000ecd50000)
  eden space 12416K, 100% used [0x00000000e3400000, 0x00000000e4020000, 0x00000000e4020000)
  from space 1536K,  29% used [0x00000000e4020000, 0x00000000e4091598, 0x00000000e41a0000)
  to   space 1536K,   0% used [0x00000000e41a0000, 0x00000000e41a0000, 0x00000000e4320000)
 tenured generation   total 30964K, used 25712K [0x00000000ecd50000, 0x00000000eeb8d000, 0x0000000100000000)
   the space 30964K,  83% used [0x00000000ecd50000, 0x00000000ee66c238, 0x00000000ee66c400, 0x00000000eeb8d000)
 Metaspace       used 29421K, capacity 30360K, committed 30464K, reserved 1077248K
  class space    used 3329K, capacity 3578K, committed 3584K, reserved 1048576K
Event: 214.249 GC heap after
Heap after GC invocations=62 (full 2):
 def new generation   total 13952K, used 469K [0x00000000e3400000, 0x00000000e4320000, 0x00000000ecd50000)
  eden space 12416K,   0% used [0x00000000e3400000, 0x00000000e3400000, 0x00000000e4020000)
  from space 1536K,  30% used [0x00000000e41a0000, 0x00000000e4215608, 0x00000000e4320000)
  to   space 1536K,   0% used [0x00000000e4020000, 0x00000000e4020000, 0x00000000e41a0000)
 tenured generation   total 30964K, used 25712K [0x00000000ecd50000, 0x00000000eeb8d000, 0x0000000100000000)
   the space 30964K,  83% used [0x00000000ecd50000, 0x00000000ee66c238, 0x00000000ee66c400, 0x00000000eeb8d000)
 Metaspace       used 29421K, capacity 30360K, committed 30464K, reserved 1077248K
  class space    used 3329K, capacity 3578K, committed 3584K, reserved 1048576K
}
Event: 216.099 GC heap before
{Heap before GC invocations=62 (full 2):
 def new generation   total 13952K, used 12885K [0x00000000e3400000, 0x00000000e4320000, 0x00000000ecd50000)
  eden space 12416K, 100% used [0x00000000e3400000, 0x00000000e4020000, 0x00000000e4020000)
  from space 1536K,  30% used [0x00000000e41a0000, 0x00000000e4215608, 0x00000000e4320000)
  to   space 1536K,   0% used [0x00000000e4020000, 0x00000000e4020000, 0x00000000e41a0000)
 tenured generation   total 30964K, used 25712K [0x00000000ecd50000, 0x00000000eeb8d000, 0x0000000100000000)
   the space 30964K,  83% used [0x00000000ecd50000, 0x00000000ee66c238, 0x00000000ee66c400, 0x00000000eeb8d000)
 Metaspace       used 29421K, capacity 30360K, committed 30464K, reserved 1077248K
  class space    used 3329K, capacity 3578K, committed 3584K, reserved 1048576K
Event: 216.101 GC heap after
Heap after GC invocations=63 (full 2):
 def new generation   total 13952K, used 469K [0x00000000e3400000, 0x00000000e4320000, 0x00000000ecd50000)
  eden space 12416K,   0% used [0x00000000e3400000, 0x00000000e3400000, 0x00000000e4020000)
  from space 1536K,  30% used [0x00000000e4020000, 0x00000000e4095608, 0x00000000e41a0000)
  to   space 1536K,   0% used [0x00000000e41a0000, 0x00000000e41a0000, 0x00000000e4320000)
 tenured generation   total 30964K, used 25712K [0x00000000ecd50000, 0x00000000eeb8d000, 0x0000000100000000)
   the space 30964K,  83% used [0x00000000ecd50000, 0x00000000ee66c238, 0x00000000ee66c400, 0x00000000eeb8d000)
 Metaspace       used 29421K, capacity 30360K, committed 30464K, reserved 1077248K
  class space    used 3329K, capacity 3578K, committed 3584K, reserved 1048576K
}
Event: 217.395 GC heap before
{Heap before GC invocations=63 (full 2):
 def new generation   total 13952K, used 12885K [0x00000000e3400000, 0x00000000e4320000, 0x00000000ecd50000)
  eden space 12416K, 100% used [0x00000000e3400000, 0x00000000e4020000, 0x00000000e4020000)
  from space 1536K,  30% used [0x00000000e4020000, 0x00000000e4095608, 0x00000000e41a0000)
  to   space 1536K,   0% used [0x00000000e41a0000, 0x00000000e41a0000, 0x00000000e4320000)
 tenured generation   total 30964K, used 25712K [0x00000000ecd50000, 0x00000000eeb8d000, 0x0000000100000000)
   the space 30964K,  83% used [0x00000000ecd50000, 0x00000000ee66c238, 0x00000000ee66c400, 0x00000000eeb8d000)
 Metaspace       used 29421K, capacity 30360K, committed 30464K, reserved 1077248K
  class space    used 3329K, capacity 3578K, committed 3584K, reserved 1048576K
Event: 217.396 GC heap after
Heap after GC invocations=64 (full 2):
 def new generation   total 13952K, used 453K [0x00000000e3400000, 0x00000000e4320000, 0x00000000ecd50000)
  eden space 12416K,   0% used [0x00000000e3400000, 0x00000000e3400000, 0x00000000e4020000)
  from space 1536K,  29% used [0x00000000e41a0000, 0x00000000e42115e8, 0x00000000e4320000)
  to   space 1536K,   0% used [0x00000000e4020000, 0x00000000e4020000, 0x00000000e41a0000)
 tenured generation   total 30964K, used 25712K [0x00000000ecd50000, 0x00000000eeb8d000, 0x0000000100000000)
   the space 30964K,  83% used [0x00000000ecd50000, 0x00000000ee66c238, 0x00000000ee66c400, 0x00000000eeb8d000)
 Metaspace       used 29421K, capacity 30360K, committed 30464K, reserved 1077248K
  class space    used 3329K, capacity 3578K, committed 3584K, reserved 1048576K
}
Event: 217.902 GC heap before
{Heap before GC invocations=64 (full 2):
 def new generation   total 13952K, used 12869K [0x00000000e3400000, 0x00000000e4320000, 0x00000000ecd50000)
  eden space 12416K, 100% used [0x00000000e3400000, 0x00000000e4020000, 0x00000000e4020000)
  from space 1536K,  29% used [0x00000000e41a0000, 0x00000000e42115e8, 0x00000000e4320000)
  to   space 1536K,   0% used [0x00000000e4020000, 0x00000000e4020000, 0x00000000e41a0000)
 tenured generation   total 30964K, used 25712K [0x00000000ecd50000, 0x00000000eeb8d000, 0x0000000100000000)
   the space 30964K,  83% used [0x00000000ecd50000, 0x00000000ee66c238, 0x00000000ee66c400, 0x00000000eeb8d000)
 Metaspace       used 30708K, capacity 31992K, committed 32256K, reserved 1077248K
  class space    used 3484K, capacity 3772K, committed 3840K, reserved 1048576K
Event: 217.907 GC heap after
Heap after GC invocations=65 (full 2):
 def new generation   total 13952K, used 1535K [0x00000000e3400000, 0x00000000e4320000, 0x00000000ecd50000)
  eden space 12416K,   0% used [0x00000000e3400000, 0x00000000e3400000, 0x00000000e4020000)
  from space 1536K,  99% used [0x00000000e4020000, 0x00000000e419fff8, 0x00000000e41a0000)
  to   space 1536K,   0% used [0x00000000e41a0000, 0x00000000e41a0000, 0x00000000e4320000)
 tenured generation   total 30964K, used 25963K [0x00000000ecd50000, 0x00000000eeb8d000, 0x0000000100000000)
   the space 30964K,  83% used [0x00000000ecd50000, 0x00000000ee6aacd0, 0x00000000ee6aae00, 0x00000000eeb8d000)
 Metaspace       used 30708K, capacity 31992K, committed 32256K, reserved 1077248K
  class space    used 3484K, capacity 3772K, committed 3840K, reserved 1048576K
}
Event: 218.021 GC heap before
{Heap before GC invocations=65 (full 2):
 def new generation   total 13952K, used 13951K [0x00000000e3400000, 0x00000000e4320000, 0x00000000ecd50000)
  eden space 12416K, 100% used [0x00000000e3400000, 0x00000000e4020000, 0x00000000e4020000)
  from space 1536K,  99% used [0x00000000e4020000, 0x00000000e419fff8, 0x00000000e41a0000)
  to   space 1536K,   0% used [0x00000000e41a0000, 0x00000000e41a0000, 0x00000000e4320000)
 tenured generation   total 30964K, used 25963K [0x00000000ecd50000, 0x00000000eeb8d000, 0x0000000100000000)
   the space 30964K,  83% used [0x00000000ecd50000, 0x00000000ee6aacd0, 0x00000000ee6aae00, 0x00000000eeb8d000)
 Metaspace       used 33380K, capacity 34712K, committed 34816K, reserved 1079296K
  class space    used 3707K, capacity 3996K, committed 4096K, reserved 1048576K
Event: 218.026 GC heap after
Heap after GC invocations=66 (full 2):
 def new generation   total 13952K, used 1536K [0x00000000e3400000, 0x00000000e4320000, 0x00000000ecd50000)
  eden space 12416K,   0% used [0x00000000e3400000, 0x00000000e3400000, 0x00000000e4020000)
  from space 1536K, 100% used [0x00000000e41a0000, 0x00000000e4320000, 0x00000000e4320000)
  to   space 1536K,   0% used [0x00000000e4020000, 0x00000000e4020000, 0x00000000e41a0000)
 tenured generation   total 30964K, used 27794K [0x00000000ecd50000, 0x00000000eeb8d000, 0x0000000100000000)
   the space 30964K,  89% used [0x00000000ecd50000, 0x00000000ee874868, 0x00000000ee874a00, 0x00000000eeb8d000)
 Metaspace       used 33380K, capacity 34712K, committed 34816K, reserved 1079296K
  class space    used 3707K, capacity 3996K, committed 4096K, reserved 1048576K
}
Event: 218.210 GC heap before
{Heap before GC invocations=66 (full 2):
 def new generation   total 13952K, used 13952K [0x00000000e3400000, 0x00000000e4320000, 0x00000000ecd50000)
  eden space 12416K, 100% used [0x00000000e3400000, 0x00000000e4020000, 0x00000000e4020000)
  from space 1536K, 100% used [0x00000000e41a0000, 0x00000000e4320000, 0x00000000e4320000)
  to   space 1536K,   0% used [0x00000000e4020000, 0x00000000e4020000, 0x00000000e41a0000)
 tenured generation   total 30964K, used 27794K [0x00000000ecd50000, 0x00000000eeb8d000, 0x0000000100000000)
   the space 30964K,  89% used [0x00000000ecd50000, 0x00000000ee874868, 0x00000000ee874a00, 0x00000000eeb8d000)
 Metaspace       used 35883K, capacity 37180K, committed 37248K, reserved 1083392K
  class space    used 3954K, capacity 4222K, committed 4224K, reserved 1048576K
Event: 218.213 GC heap after
Heap after GC invocations=67 (full 2):
 def new generation   total 13952K, used 1535K [0x00000000e3400000, 0x00000000e4320000, 0x00000000ecd50000)
  eden space 12416K,   0% used [0x00000000e3400000, 0x00000000e3400000, 0x00000000e4020000)
  from space 1536K,  99% used [0x00000000e4020000, 0x00000000e419fff8, 0x00000000e41a0000)
  to   space 1536K,   0% used [0x00000000e41a0000, 0x00000000e41a0000, 0x00000000e4320000)
 tenured generation   total 30964K, used 29160K [0x00000000ecd50000, 0x00000000eeb8d000, 0x0000000100000000)
   the space 30964K,  94% used [0x00000000ecd50000, 0x00000000ee9ca2d0, 0x00000000ee9ca400, 0x00000000eeb8d000)
 Metaspace       used 35883K, capacity 37180K, committed 37248K, reserved 1083392K
  class space    used 3954K, capacity 4222K, committed 4224K, reserved 1048576K
}
Event: 218.787 GC heap before
{Heap before GC invocations=67 (full 2):
 def new generation   total 13952K, used 13951K [0x00000000e3400000, 0x00000000e4320000, 0x00000000ecd50000)
  eden space 12416K, 100% used [0x00000000e3400000, 0x00000000e4020000, 0x00000000e4020000)
  from space 1536K,  99% used [0x00000000e4020000, 0x00000000e419fff8, 0x00000000e41a0000)
  to   space 1536K,   0% used [0x00000000e41a0000, 0x00000000e41a0000, 0x00000000e4320000)
 tenured generation   total 30964K, used 29160K [0x00000000ecd50000, 0x00000000eeb8d000, 0x0000000100000000)
   the space 30964K,  94% used [0x00000000ecd50000, 0x00000000ee9ca2d0, 0x00000000ee9ca400, 0x00000000eeb8d000)
 Metaspace       used 37242K, capacity 38604K, committed 38784K, reserved 1083392K
  class space    used 4055K, capacity 4356K, committed 4480K, reserved 1048576K
Event: 218.789 GC heap after
Heap after GC invocations=68 (full 2):
 def new generation   total 13952K, used 965K [0x00000000e3400000, 0x00000000e4320000, 0x00000000ecd50000)
  eden space 12416K,   0% used [0x00000000e3400000, 0x00000000e3400000, 0x00000000e4020000)
  from space 1536K,  62% used [0x00000000e41a0000, 0x00000000e4291418, 0x00000000e4320000)
  to   space 1536K,   0% used [0x00000000e4020000, 0x00000000e4020000, 0x00000000e41a0000)
 tenured generation   total 30964K, used 29800K [0x00000000ecd50000, 0x00000000eeb8d000, 0x0000000100000000)
   the space 30964K,  96% used [0x00000000ecd50000, 0x00000000eea6a068, 0x00000000eea6a200, 0x00000000eeb8d000)
 Metaspace       used 37242K, capacity 38604K, committed 38784K, reserved 1083392K
  class space    used 4055K, capacity 4356K, committed 4480K, reserved 1048576K
}
Event: 225.581 GC heap before
{Heap before GC invocations=68 (full 2):
 def new generation   total 13952K, used 13381K [0x00000000e3400000, 0x00000000e4320000, 0x00000000ecd50000)
  eden space 12416K, 100% used [0x00000000e3400000, 0x00000000e4020000, 0x00000000e4020000)
  from space 1536K,  62% used [0x00000000e41a0000, 0x00000000e4291418, 0x00000000e4320000)
  to   space 1536K,   0% used [0x00000000e4020000, 0x00000000e4020000, 0x00000000e41a0000)
 tenured generation   total 30964K, used 29800K [0x00000000ecd50000, 0x00000000eeb8d000, 0x0000000100000000)
   the space 30964K,  96% used [0x00000000ecd50000, 0x00000000eea6a068, 0x00000000eea6a200, 0x00000000eeb8d000)
 Metaspace       used 37357K, capacity 38668K, committed 39040K, reserved 1083392K
  class space    used 4056K, capacity 4356K, committed 4480K, reserved 1048576K
Event: 225.583 GC heap after
Heap after GC invocations=69 (full 2):
 def new generation   total 13952K, used 444K [0x00000000e3400000, 0x00000000e4320000, 0x00000000ecd50000)
  eden space 12416K,   0% used [0x00000000e3400000, 0x00000000e3400000, 0x00000000e4020000)
  from space 1536K,  28% used [0x00000000e4020000, 0x00000000e408f0d8, 0x00000000e41a0000)
  to   space 1536K,   0% used [0x00000000e41a0000, 0x00000000e41a0000, 0x00000000e4320000)
 tenured generation   total 30964K, used 30006K [0x00000000ecd50000, 0x00000000eeb8d000, 0x0000000100000000)
   the space 30964K,  96% used [0x00000000ecd50000, 0x00000000eea9dad0, 0x00000000eea9dc00, 0x00000000eeb8d000)
 Metaspace       used 37357K, capacity 38668K, committed 39040K, reserved 1083392K
  class space    used 4056K, capacity 4356K, committed 4480K, reserved 1048576K
}
Event: 232.946 GC heap before
{Heap before GC invocations=69 (full 2):
 def new generation   total 13952K, used 12860K [0x00000000e3400000, 0x00000000e4320000, 0x00000000ecd50000)
  eden space 12416K, 100% used [0x00000000e3400000, 0x00000000e4020000, 0x00000000e4020000)
  from space 1536K,  28% used [0x00000000e4020000, 0x00000000e408f0d8, 0x00000000e41a0000)
  to   space 1536K,   0% used [0x00000000e41a0000, 0x00000000e41a0000, 0x00000000e4320000)
 tenured generation   total 30964K, used 30006K [0x00000000ecd50000, 0x00000000eeb8d000, 0x0000000100000000)
   the space 30964K,  96% used [0x00000000ecd50000, 0x00000000eea9dad0, 0x00000000eea9dc00, 0x00000000eeb8d000)
 Metaspace       used 37433K, capacity 38766K, committed 39040K, reserved 1083392K
  class space    used 4056K, capacity 4357K, committed 4480K, reserved 1048576K
Event: 232.948 GC heap after
Heap after GC invocations=70 (full 2):
 def new generation   total 13952K, used 672K [0x00000000e3400000, 0x00000000e4320000, 0x00000000ecd50000)
  eden space 12416K,   0% used [0x00000000e3400000, 0x00000000e3400000, 0x00000000e4020000)
  from space 1536K,  43% used [0x00000000e41a0000, 0x00000000e4248298, 0x00000000e4320000)
  to   space 1536K,   0% used [0x00000000e4020000, 0x00000000e4020000, 0x00000000e41a0000)
 tenured generation   total 30964K, used 30006K [0x00000000ecd50000, 0x00000000eeb8d000, 0x0000000100000000)
   the space 30964K,  96% used [0x00000000ecd50000, 0x00000000eea9dad0, 0x00000000eea9dc00, 0x00000000eeb8d000)
 Metaspace       used 37433K, capacity 38766K, committed 39040K, reserved 1083392K
  class space    used 4056K, capacity 4357K, committed 4480K, reserved 1048576K
}
Event: 242.751 GC heap before
{Heap before GC invocations=70 (full 2):
 def new generation   total 13952K, used 13088K [0x00000000e3400000, 0x00000000e4320000, 0x00000000ecd50000)
  eden space 12416K, 100% used [0x00000000e3400000, 0x00000000e4020000, 0x00000000e4020000)
  from space 1536K,  43% used [0x00000000e41a0000, 0x00000000e4248298, 0x00000000e4320000)
  to   space 1536K,   0% used [0x00000000e4020000, 0x00000000e4020000, 0x00000000e41a0000)
 tenured generation   total 30964K, used 30006K [0x00000000ecd50000, 0x00000000eeb8d000, 0x0000000100000000)
   the space 30964K,  96% used [0x00000000ecd50000, 0x00000000eea9dad0, 0x00000000eea9dc00, 0x00000000eeb8d000)
 Metaspace       used 37454K, capacity 38830K, committed 39040K, reserved 1083392K
  class space    used 4057K, capacity 4357K, committed 4480K, reserved 1048576K
Event: 242.754 GC heap after
Heap after GC invocations=71 (full 2):
 def new generation   total 13952K, used 774K [0x00000000e3400000, 0x00000000e4320000, 0x00000000ecd50000)
  eden space 12416K,   0% used [0x00000000e3400000, 0x00000000e3400000, 0x00000000e4020000)
  from space 1536K,  50% used [0x00000000e4020000, 0x00000000e40e1a98, 0x00000000e41a0000)
  to   space 1536K,   0% used [0x00000000e41a0000, 0x00000000e41a0000, 0x00000000e4320000)
 tenured generation   total 30964K, used 30006K [0x00000000ecd50000, 0x00000000eeb8d000, 0x0000000100000000)
   the space 30964K,  96% used [0x00000000ecd50000, 0x00000000eea9dad0, 0x00000000eea9dc00, 0x00000000eeb8d000)
 Metaspace       used 37454K, capacity 38830K, committed 39040K, reserved 1083392K
  class space    used 4057K, capacity 4357K, committed 4480K, reserved 1048576K
}
Event: 250.137 GC heap before
{Heap before GC invocations=71 (full 2):
 def new generation   total 13952K, used 13190K [0x00000000e3400000, 0x00000000e4320000, 0x00000000ecd50000)
  eden space 12416K, 100% used [0x00000000e3400000, 0x00000000e4020000, 0x00000000e4020000)
  from space 1536K,  50% used [0x00000000e4020000, 0x00000000e40e1a98, 0x00000000e41a0000)
  to   space 1536K,   0% used [0x00000000e41a0000, 0x00000000e41a0000, 0x00000000e4320000)
 tenured generation   total 30964K, used 30006K [0x00000000ecd50000, 0x00000000eeb8d000, 0x0000000100000000)
   the space 30964K,  96% used [0x00000000ecd50000, 0x00000000eea9dad0, 0x00000000eea9dc00, 0x00000000eeb8d000)
 Metaspace       used 37489K, capacity 38830K, committed 39040K, reserved 1083392K
  class space    used 4057K, capacity 4357K, committed 4480K, reserved 1048576K
Event: 250.140 GC heap after
Heap after GC invocations=72 (full 2):
 def new generation   total 13952K, used 888K [0x00000000e3400000, 0x00000000e4320000, 0x00000000ecd50000)
  eden space 12416K,   0% used [0x00000000e3400000, 0x00000000e3400000, 0x00000000e4020000)
  from space 1536K,  57% used [0x00000000e41a0000, 0x00000000e427e3e0, 0x00000000e4320000)
  to   space 1536K,   0% used [0x00000000e4020000, 0x00000000e4020000, 0x00000000e41a0000)
 tenured generation   total 30964K, used 30281K [0x00000000ecd50000, 0x00000000eeb8d000, 0x0000000100000000)
   the space 30964K,  97% used [0x00000000ecd50000, 0x00000000eeae2410, 0x00000000eeae2600, 0x00000000eeb8d000)
 Metaspace       used 37489K, capacity 38830K, committed 39040K, reserved 1083392K
  class space    used 4057K, capacity 4357K, committed 4480K, reserved 1048576K
}
Event: 259.261 GC heap before
{Heap before GC invocations=72 (full 2):
 def new generation   total 13952K, used 13304K [0x00000000e3400000, 0x00000000e4320000, 0x00000000ecd50000)
  eden space 12416K, 100% used [0x00000000e3400000, 0x00000000e4020000, 0x00000000e4020000)
  from space 1536K,  57% used [0x00000000e41a0000, 0x00000000e427e3e0, 0x00000000e4320000)
  to   space 1536K,   0% used [0x00000000e4020000, 0x00000000e4020000, 0x00000000e41a0000)
 tenured generation   total 30964K, used 30281K [0x00000000ecd50000, 0x00000000eeb8d000, 0x0000000100000000)
   the space 30964K,  97% used [0x00000000ecd50000, 0x00000000eeae2410, 0x00000000eeae2600, 0x00000000eeb8d000)
 Metaspace       used 37507K, capacity 38830K, committed 39040K, reserved 1083392K
  class space    used 4057K, capacity 4357K, committed 4480K, reserved 1048576K
Event: 259.266 GC heap after
Heap after GC invocations=73 (full 2):
 def new generation   total 13952K, used 713K [0x00000000e3400000, 0x00000000e4320000, 0x00000000ecd50000)
  eden space 12416K,   0% used [0x00000000e3400000, 0x00000000e3400000, 0x00000000e4020000)
  from space 1536K,  46% used [0x00000000e4020000, 0x00000000e40d2440, 0x00000000e41a0000)
  to   space 1536K,   0% used [0x00000000e41a0000, 0x00000000e41a0000, 0x00000000e4320000)
 tenured generation   total 30964K, used 30628K [0x00000000ecd50000, 0x00000000eeb8d000, 0x0000000100000000)
   the space 30964K,  98% used [0x00000000ecd50000, 0x00000000eeb390f8, 0x00000000eeb39200, 0x00000000eeb8d000)
 Metaspace       used 37507K, capacity 38830K, committed 39040K, reserved 1083392K
  class space    used 4057K, capacity 4357K, committed 4480K, reserved 1048576K
}
Event: 266.254 GC heap before
{Heap before GC invocations=73 (full 2):
 def new generation   total 13952K, used 13129K [0x00000000e3400000, 0x00000000e4320000, 0x00000000ecd50000)
  eden space 12416K, 100% used [0x00000000e3400000, 0x00000000e4020000, 0x00000000e4020000)
  from space 1536K,  46% used [0x00000000e4020000, 0x00000000e40d2440, 0x00000000e41a0000)
  to   space 1536K,   0% used [0x00000000e41a0000, 0x00000000e41a0000, 0x00000000e4320000)
 tenured generation   total 30964K, used 30628K [0x00000000ecd50000, 0x00000000eeb8d000, 0x0000000100000000)
   the space 30964K,  98% used [0x00000000ecd50000, 0x00000000eeb390f8, 0x00000000eeb39200, 0x00000000eeb8d000)
 Metaspace       used 37571K, capacity 38958K, committed 39296K, reserved 1083392K
  class space    used 4057K, capacity 4357K, committed 4480K, reserved 1048576K
Event: 266.257 GC heap after
Heap after GC invocations=74 (full 2):
 def new generation   total 13952K, used 968K [0x00000000e3400000, 0x00000000e4320000, 0x00000000ecd50000)
  eden space 12416K,   0% used [0x00000000e3400000, 0x00000000e3400000, 0x00000000e4020000)
  from space 1536K,  63% used [0x00000000e41a0000, 0x00000000e4292120, 0x00000000e4320000)
  to   space 1536K,   0% used [0x00000000e4020000, 0x00000000e4020000, 0x00000000e41a0000)
 tenured generation   total 30964K, used 30628K [0x00000000ecd50000, 0x00000000eeb8d000, 0x0000000100000000)
   the space 30964K,  98% used [0x00000000ecd50000, 0x00000000eeb390f8, 0x00000000eeb39200, 0x00000000eeb8d000)
 Metaspace       used 37571K, capacity 38958K, committed 39296K, reserved 1083392K
  class space    used 4057K, capacity 4357K, committed 4480K, reserved 1048576K
}
Event: 275.261 GC heap before
{Heap before GC invocations=74 (full 2):
 def new generation   total 13952K, used 13384K [0x00000000e3400000, 0x00000000e4320000, 0x00000000ecd50000)
  eden space 12416K, 100% used [0x00000000e3400000, 0x00000000e4020000, 0x00000000e4020000)
  from space 1536K,  63% used [0x00000000e41a0000, 0x00000000e4292120, 0x00000000e4320000)
  to   space 1536K,   0% used [0x00000000e4020000, 0x00000000e4020000, 0x00000000e41a0000)
 tenured generation   total 30964K, used 30628K [0x00000000ecd50000, 0x00000000eeb8d000, 0x0000000100000000)
   the space 30964K,  98% used [0x00000000ecd50000, 0x00000000eeb390f8, 0x00000000eeb39200, 0x00000000eeb8d000)
 Metaspace       used 37587K, capacity 38958K, committed 39296K, reserved 1083392K
  class space    used 4057K, capacity 4357K, committed 4480K, reserved 1048576K
Event: 275.371 GC heap after
Heap after GC invocations=75 (full 3):
 def new generation   total 21312K, used 0K [0x00000000e3400000, 0x00000000e4b10000, 0x00000000ecd50000)
  eden space 19008K,   0% used [0x00000000e3400000, 0x00000000e3400000, 0x00000000e4690000)
  from space 2304K,   0% used [0x00000000e4690000, 0x00000000e4690000, 0x00000000e48d0000)
  to   space 2304K,   0% used [0x00000000e48d0000, 0x00000000e48d0000, 0x00000000e4b10000)
 tenured generation   total 47200K, used 28319K [0x00000000ecd50000, 0x00000000efb68000, 0x0000000100000000)
   the space 47200K,  59% used [0x00000000ecd50000, 0x00000000ee8f7fc0, 0x00000000ee8f8000, 0x00000000efb68000)
 Metaspace       used 37587K, capacity 38958K, committed 39296K, reserved 1083392K
  class space    used 4057K, capacity 4357K, committed 4480K, reserved 1048576K
}
Event: 289.906 GC heap before
{Heap before GC invocations=75 (full 3):
 def new generation   total 21312K, used 19008K [0x00000000e3400000, 0x00000000e4b10000, 0x00000000ecd50000)
  eden space 19008K, 100% used [0x00000000e3400000, 0x00000000e4690000, 0x00000000e4690000)
  from space 2304K,   0% used [0x00000000e4690000, 0x00000000e4690000, 0x00000000e48d0000)
  to   space 2304K,   0% used [0x00000000e48d0000, 0x00000000e48d0000, 0x00000000e4b10000)
 tenured generation   total 47200K, used 28319K [0x00000000ecd50000, 0x00000000efb68000, 0x0000000100000000)
   the space 47200K,  59% used [0x00000000ecd50000, 0x00000000ee8f7fc0, 0x00000000ee8f8000, 0x00000000efb68000)
 Metaspace       used 37645K, capacity 39026K, committed 39296K, reserved 1083392K
  class space    used 4058K, capacity 4357K, committed 4480K, reserved 1048576K
Event: 289.908 GC heap after
Heap after GC invocations=76 (full 3):
 def new generation   total 21312K, used 438K [0x00000000e3400000, 0x00000000e4b10000, 0x00000000ecd50000)
  eden space 19008K,   0% used [0x00000000e3400000, 0x00000000e3400000, 0x00000000e4690000)
  from space 2304K,  19% used [0x00000000e48d0000, 0x00000000e493d9a8, 0x00000000e4b10000)
  to   space 2304K,   0% used [0x00000000e4690000, 0x00000000e4690000, 0x00000000e48d0000)
 tenured generation   total 47200K, used 28319K [0x00000000ecd50000, 0x00000000efb68000, 0x0000000100000000)
   the space 47200K,  59% used [0x00000000ecd50000, 0x00000000ee8f7fc0, 0x00000000ee8f8000, 0x00000000efb68000)
 Metaspace       used 37645K, capacity 39026K, committed 39296K, reserved 1083392K
  class space    used 4058K, capacity 4357K, committed 4480K, reserved 1048576K
}
Event: 305.696 GC heap before
{Heap before GC invocations=76 (full 3):
 def new generation   total 21312K, used 19446K [0x00000000e3400000, 0x00000000e4b10000, 0x00000000ecd50000)
  eden space 19008K, 100% used [0x00000000e3400000, 0x00000000e4690000, 0x00000000e4690000)
  from space 2304K,  19% used [0x00000000e48d0000, 0x00000000e493d9a8, 0x00000000e4b10000)
  to   space 2304K,   0% used [0x00000000e4690000, 0x00000000e4690000, 0x00000000e48d0000)
 tenured generation   total 47200K, used 28319K [0x00000000ecd50000, 0x00000000efb68000, 0x0000000100000000)
   the space 47200K,  59% used [0x00000000ecd50000, 0x00000000ee8f7fc0, 0x00000000ee8f8000, 0x00000000efb68000)
 Metaspace       used 37718K, capacity 39122K, committed 39296K, reserved 1083392K
  class space    used 4061K, capacity 4389K, committed 4480K, reserved 1048576K
Event: 305.699 GC heap after
Heap after GC invocations=77 (full 3):
 def new generation   total 21312K, used 710K [0x00000000e3400000, 0x00000000e4b10000, 0x00000000ecd50000)
  eden space 19008K,   0% used [0x00000000e3400000, 0x00000000e3400000, 0x00000000e4690000)
  from space 2304K,  30% used [0x00000000e4690000, 0x00000000e4741a48, 0x00000000e48d0000)
  to   space 2304K,   0% used [0x00000000e48d0000, 0x00000000e48d0000, 0x00000000e4b10000)
 tenured generation   total 47200K, used 28319K [0x00000000ecd50000, 0x00000000efb68000, 0x0000000100000000)
   the space 47200K,  59% used [0x00000000ecd50000, 0x00000000ee8f7fc0, 0x00000000ee8f8000, 0x00000000efb68000)
 Metaspace       used 37718K, capacity 39122K, committed 39296K, reserved 1083392K
  class space    used 4061K, capacity 4389K, committed 4480K, reserved 1048576K
}
Event: 321.673 GC heap before
{Heap before GC invocations=77 (full 3):
 def new generation   total 21312K, used 19718K [0x00000000e3400000, 0x00000000e4b10000, 0x00000000ecd50000)
  eden space 19008K, 100% used [0x00000000e3400000, 0x00000000e4690000, 0x00000000e4690000)
  from space 2304K,  30% used [0x00000000e4690000, 0x00000000e4741a48, 0x00000000e48d0000)
  to   space 2304K,   0% used [0x00000000e48d0000, 0x00000000e48d0000, 0x00000000e4b10000)
 tenured generation   total 47200K, used 28319K [0x00000000ecd50000, 0x00000000efb68000, 0x0000000100000000)
   the space 47200K,  59% used [0x00000000ecd50000, 0x00000000ee8f7fc0, 0x00000000ee8f8000, 0x00000000efb68000)
 Metaspace       used 37772K, capacity 39122K, committed 39296K, reserved 1083392K
  class space    used 4061K, capacity 4389K, committed 4480K, reserved 1048576K
Event: 321.676 GC heap after
Heap after GC invocations=78 (full 3):
 def new generation   total 21312K, used 941K [0x00000000e3400000, 0x00000000e4b10000, 0x00000000ecd50000)
  eden space 19008K,   0% used [0x00000000e3400000, 0x00000000e3400000, 0x00000000e4690000)
  from space 2304K,  40% used [0x00000000e48d0000, 0x00000000e49bb6a0, 0x00000000e4b10000)
  to   space 2304K,   0% used [0x00000000e4690000, 0x00000000e4690000, 0x00000000e48d0000)
 tenured generation   total 47200K, used 28319K [0x00000000ecd50000, 0x00000000efb68000, 0x0000000100000000)
   the space 47200K,  59% used [0x00000000ecd50000, 0x00000000ee8f7fc0, 0x00000000ee8f8000, 0x00000000efb68000)
 Metaspace       used 37772K, capacity 39122K, committed 39296K, reserved 1083392K
  class space    used 4061K, capacity 4389K, committed 4480K, reserved 1048576K
}
Event: 336.308 GC heap before
{Heap before GC invocations=78 (full 3):
 def new generation   total 21312K, used 19949K [0x00000000e3400000, 0x00000000e4b10000, 0x00000000ecd50000)
  eden space 19008K, 100% used [0x00000000e3400000, 0x00000000e4690000, 0x00000000e4690000)
  from space 2304K,  40% used [0x00000000e48d0000, 0x00000000e49bb6a0, 0x00000000e4b10000)
  to   space 2304K,   0% used [0x00000000e4690000, 0x00000000e4690000, 0x00000000e48d0000)
 tenured generation   total 47200K, used 28319K [0x00000000ecd50000, 0x00000000efb68000, 0x0000000100000000)
   the space 47200K,  59% used [0x00000000ecd50000, 0x00000000ee8f7fc0, 0x00000000ee8f8000, 0x00000000efb68000)
 Metaspace       used 37802K, capacity 39186K, committed 39296K, reserved 1083392K
  class space    used 4061K, capacity 4389K, committed 4480K, reserved 1048576K
Event: 336.311 GC heap after
Heap after GC invocations=79 (full 3):
 def new generation   total 21312K, used 1181K [0x00000000e3400000, 0x00000000e4b10000, 0x00000000ecd50000)
  eden space 19008K,   0% used [0x00000000e3400000, 0x00000000e3400000, 0x00000000e4690000)
  from space 2304K,  51% used [0x00000000e4690000, 0x00000000e47b7780, 0x00000000e48d0000)
  to   space 2304K,   0% used [0x00000000e48d0000, 0x00000000e48d0000, 0x00000000e4b10000)
 tenured generation   total 47200K, used 28319K [0x00000000ecd50000, 0x00000000efb68000, 0x0000000100000000)
   the space 47200K,  59% used [0x00000000ecd50000, 0x00000000ee8f7fc0, 0x00000000ee8f8000, 0x00000000efb68000)
 Metaspace       used 37802K, capacity 39186K, committed 39296K, reserved 1083392K
  class space    used 4061K, capacity 4389K, committed 4480K, reserved 1048576K
}
Event: 349.509 GC heap before
{Heap before GC invocations=79 (full 3):
 def new generation   total 21312K, used 20189K [0x00000000e3400000, 0x00000000e4b10000, 0x00000000ecd50000)
  eden space 19008K, 100% used [0x00000000e3400000, 0x00000000e4690000, 0x00000000e4690000)
  from space 2304K,  51% used [0x00000000e4690000, 0x00000000e47b7780, 0x00000000e48d0000)
  to   space 2304K,   0% used [0x00000000e48d0000, 0x00000000e48d0000, 0x00000000e4b10000)
 tenured generation   total 47200K, used 28319K [0x00000000ecd50000, 0x00000000efb68000, 0x0000000100000000)
   the space 47200K,  59% used [0x00000000ecd50000, 0x00000000ee8f7fc0, 0x00000000ee8f8000, 0x00000000efb68000)
 Metaspace       used 37813K, capacity 39186K, committed 39296K, reserved 1083392K
  class space    used 4061K, capacity 4389K, committed 4480K, reserved 1048576K
Event: 349.512 GC heap after
Heap after GC invocations=80 (full 3):
 def new generation   total 21312K, used 1124K [0x00000000e3400000, 0x00000000e4b10000, 0x00000000ecd50000)
  eden space 19008K,   0% used [0x00000000e3400000, 0x00000000e3400000, 0x00000000e4690000)
  from space 2304K,  48% used [0x00000000e48d0000, 0x00000000e49e9388, 0x00000000e4b10000)
  to   space 2304K,   0% used [0x00000000e4690000, 0x00000000e4690000, 0x00000000e48d0000)
 tenured generation   total 47200K, used 28659K [0x00000000ecd50000, 0x00000000efb68000, 0x0000000100000000)
   the space 47200K,  60% used [0x00000000ecd50000, 0x00000000ee94cc58, 0x00000000ee94ce00, 0x00000000efb68000)
 Metaspace       used 37813K, capacity 39186K, committed 39296K, reserved 1083392K
  class space    used 4061K, capacity 4389K, committed 4480K, reserved 1048576K
}
Event: 360.329 GC heap before
{Heap before GC invocations=80 (full 3):
 def new generation   total 21312K, used 20132K [0x00000000e3400000, 0x00000000e4b10000, 0x00000000ecd50000)
  eden space 19008K, 100% used [0x00000000e3400000, 0x00000000e4690000, 0x00000000e4690000)
  from space 2304K,  48% used [0x00000000e48d0000, 0x00000000e49e9388, 0x00000000e4b10000)
  to   space 2304K,   0% used [0x00000000e4690000, 0x00000000e4690000, 0x00000000e48d0000)
 tenured generation   total 47200K, used 28659K [0x00000000ecd50000, 0x00000000efb68000, 0x0000000100000000)
   the space 47200K,  60% used [0x00000000ecd50000, 0x00000000ee94cc58, 0x00000000ee94ce00, 0x00000000efb68000)
 Metaspace       used 37853K, capacity 39250K, committed 39552K, reserved 1085440K
  class space    used 4062K, capacity 4389K, committed 4480K, reserved 1048576K
Event: 360.332 GC heap after
Heap after GC invocations=81 (full 3):
 def new generation   total 21312K, used 1512K [0x00000000e3400000, 0x00000000e4b10000, 0x00000000ecd50000)
  eden space 19008K,   0% used [0x00000000e3400000, 0x00000000e3400000, 0x00000000e4690000)
  from space 2304K,  65% used [0x00000000e4690000, 0x00000000e480a0c8, 0x00000000e48d0000)
  to   space 2304K,   0% used [0x00000000e48d0000, 0x00000000e48d0000, 0x00000000e4b10000)
 tenured generation   total 47200K, used 28659K [0x00000000ecd50000, 0x00000000efb68000, 0x0000000100000000)
   the space 47200K,  60% used [0x00000000ecd50000, 0x00000000ee94cc58, 0x00000000ee94ce00, 0x00000000efb68000)
 Metaspace       used 37853K, capacity 39250K, committed 39552K, reserved 1085440K
  class space    used 4062K, capacity 4389K, committed 4480K, reserved 1048576K
}
Event: 373.035 GC heap before
{Heap before GC invocations=81 (full 3):
 def new generation   total 21312K, used 20520K [0x00000000e3400000, 0x00000000e4b10000, 0x00000000ecd50000)
  eden space 19008K, 100% used [0x00000000e3400000, 0x00000000e4690000, 0x00000000e4690000)
  from space 2304K,  65% used [0x00000000e4690000, 0x00000000e480a0c8, 0x00000000e48d0000)
  to   space 2304K,   0% used [0x00000000e48d0000, 0x00000000e48d0000, 0x00000000e4b10000)
 tenured generation   total 47200K, used 28659K [0x00000000ecd50000, 0x00000000efb68000, 0x0000000100000000)
   the space 47200K,  60% used [0x00000000ecd50000, 0x00000000ee94cc58, 0x00000000ee94ce00, 0x00000000efb68000)
 Metaspace       used 37863K, capacity 39250K, committed 39552K, reserved 1085440K
  class space    used 4062K, capacity 4389K, committed 4480K, reserved 1048576K
Event: 373.042 GC heap after
Heap after GC invocations=82 (full 3):
 def new generation   total 21312K, used 1722K [0x00000000e3400000, 0x00000000e4b10000, 0x00000000ecd50000)
  eden space 19008K,   0% used [0x00000000e3400000, 0x00000000e3400000, 0x00000000e4690000)
  from space 2304K,  74% used [0x00000000e48d0000, 0x00000000e4a7e8a8, 0x00000000e4b10000)
  to   space 2304K,   0% used [0x00000000e4690000, 0x00000000e4690000, 0x00000000e48d0000)
 tenured generation   total 47200K, used 29114K [0x00000000ecd50000, 0x00000000efb68000, 0x0000000100000000)
   the space 47200K,  61% used [0x00000000ecd50000, 0x00000000ee9bea28, 0x00000000ee9bec00, 0x00000000efb68000)
 Metaspace       used 37863K, capacity 39250K, committed 39552K, reserved 1085440K
  class space    used 4062K, capacity 4389K, committed 4480K, reserved 1048576K
}
Event: 374.486 GC heap before
{Heap before GC invocations=82 (full 3):
 def new generation   total 21312K, used 20715K [0x00000000e3400000, 0x00000000e4b10000, 0x00000000ecd50000)
  eden space 19008K,  99% used [0x00000000e3400000, 0x00000000e468c480, 0x00000000e4690000)
  from space 2304K,  74% used [0x00000000e48d0000, 0x00000000e4a7e8a8, 0x00000000e4b10000)
  to   space 2304K,   0% used [0x00000000e4690000, 0x00000000e4690000, 0x00000000e48d0000)
 tenured generation   total 47200K, used 29114K [0x00000000ecd50000, 0x00000000efb68000, 0x0000000100000000)
   the space 47200K,  61% used [0x00000000ecd50000, 0x00000000ee9bea28, 0x00000000ee9bec00, 0x00000000efb68000)
 Metaspace       used 37879K, capacity 39250K, committed 39552K, reserved 1085440K
  class space    used 4062K, capacity 4389K, committed 4480K, reserved 1048576K
Event: 374.489 GC heap after
Heap after GC invocations=83 (full 3):
 def new generation   total 21312K, used 550K [0x00000000e3400000, 0x00000000e4b10000, 0x00000000ecd50000)
  eden space 19008K,   0% used [0x00000000e3400000, 0x00000000e3400000, 0x00000000e4690000)
  from space 2304K,  23% used [0x00000000e4690000, 0x00000000e4719a38, 0x00000000e48d0000)
  to   space 2304K,   0% used [0x00000000e48d0000, 0x00000000e48d0000, 0x00000000e4b10000)
 tenured generation   total 47200K, used 30119K [0x00000000ecd50000, 0x00000000efb68000, 0x0000000100000000)
   the space 47200K,  63% used [0x00000000ecd50000, 0x00000000eeab9f08, 0x00000000eeaba000, 0x00000000efb68000)
 Metaspace       used 37879K, capacity 39250K, committed 39552K, reserved 1085440K
  class space    used 4062K, capacity 4389K, committed 4480K, reserved 1048576K
}
Event: 375.735 GC heap before
{Heap before GC invocations=83 (full 3):
 def new generation   total 21312K, used 19558K [0x00000000e3400000, 0x00000000e4b10000, 0x00000000ecd50000)
  eden space 19008K, 100% used [0x00000000e3400000, 0x00000000e4690000, 0x00000000e4690000)
  from space 2304K,  23% used [0x00000000e4690000, 0x00000000e4719a38, 0x00000000e48d0000)
  to   space 2304K,   0% used [0x00000000e48d0000, 0x00000000e48d0000, 0x00000000e4b10000)
 tenured generation   total 47200K, used 30119K [0x00000000ecd50000, 0x00000000efb68000, 0x0000000100000000)
   the space 47200K,  63% used [0x00000000ecd50000, 0x00000000eeab9f08, 0x00000000eeaba000, 0x00000000efb68000)
 Metaspace       used 37879K, capacity 39250K, committed 39552K, reserved 1085440K
  class space    used 4062K, capacity 4389K, committed 4480K, reserved 1048576K
Event: 375.742 GC heap after
Heap after GC invocations=84 (full 3):
 def new generation   total 21312K, used 465K [0x00000000e3400000, 0x00000000e4b10000, 0x00000000ecd50000)
  eden space 19008K,   0% used [0x00000000e3400000, 0x00000000e3400000, 0x00000000e4690000)
  from space 2304K,  20% used [0x00000000e48d0000, 0x00000000e49444b0, 0x00000000e4b10000)
  to   space 2304K,   0% used [0x00000000e4690000, 0x00000000e4690000, 0x00000000e48d0000)
 tenured generation   total 47200K, used 30119K [0x00000000ecd50000, 0x00000000efb68000, 0x0000000100000000)
   the space 47200K,  63% used [0x00000000ecd50000, 0x00000000eeab9f08, 0x00000000eeaba000, 0x00000000efb68000)
 Metaspace       used 37879K, capacity 39250K, committed 39552K, reserved 1085440K
  class space    used 4062K, capacity 4389K, committed 4480K, reserved 1048576K
}
Event: 376.763 GC heap before
{Heap before GC invocations=84 (full 3):
 def new generation   total 21312K, used 19473K [0x00000000e3400000, 0x00000000e4b10000, 0x00000000ecd50000)
  eden space 19008K, 100% used [0x00000000e3400000, 0x00000000e4690000, 0x00000000e4690000)
  from space 2304K,  20% used [0x00000000e48d0000, 0x00000000e49444b0, 0x00000000e4b10000)
  to   space 2304K,   0% used [0x00000000e4690000, 0x00000000e4690000, 0x00000000e48d0000)
 tenured generation   total 47200K, used 30119K [0x00000000ecd50000, 0x00000000efb68000, 0x0000000100000000)
   the space 47200K,  63% used [0x00000000ecd50000, 0x00000000eeab9f08, 0x00000000eeaba000, 0x00000000efb68000)
 Metaspace       used 37879K, capacity 39250K, committed 39552K, reserved 1085440K
  class space    used 4062K, capacity 4389K, committed 4480K, reserved 1048576K
Event: 376.766 GC heap after
Heap after GC invocations=85 (full 3):
 def new generation   total 21312K, used 536K [0x00000000e3400000, 0x00000000e4b10000, 0x00000000ecd50000)
  eden space 19008K,   0% used [0x00000000e3400000, 0x00000000e3400000, 0x00000000e4690000)
  from space 2304K,  23% used [0x00000000e4690000, 0x00000000e4716368, 0x00000000e48d0000)
  to   space 2304K,   0% used [0x00000000e48d0000, 0x00000000e48d0000, 0x00000000e4b10000)
 tenured generation   total 47200K, used 30119K [0x00000000ecd50000, 0x00000000efb68000, 0x0000000100000000)
   the space 47200K,  63% used [0x00000000ecd50000, 0x00000000eeab9f08, 0x00000000eeaba000, 0x00000000efb68000)
 Metaspace       used 37879K, capacity 39250K, committed 39552K, reserved 1085440K
  class space    used 4062K, capacity 4389K, committed 4480K, reserved 1048576K
}
Event: 381.231 GC heap before
{Heap before GC invocations=85 (full 3):
 def new generation   total 21312K, used 19544K [0x00000000e3400000, 0x00000000e4b10000, 0x00000000ecd50000)
  eden space 19008K, 100% used [0x00000000e3400000, 0x00000000e4690000, 0x00000000e4690000)
  from space 2304K,  23% used [0x00000000e4690000, 0x00000000e4716368, 0x00000000e48d0000)
  to   space 2304K,   0% used [0x00000000e48d0000, 0x00000000e48d0000, 0x00000000e4b10000)
 tenured generation   total 47200K, used 30119K [0x00000000ecd50000, 0x00000000efb68000, 0x0000000100000000)
   the space 47200K,  63% used [0x00000000ecd50000, 0x00000000eeab9f08, 0x00000000eeaba000, 0x00000000efb68000)
 Metaspace       used 37884K, capacity 39250K, committed 39552K, reserved 1085440K
  class space    used 4062K, capacity 4389K, committed 4480K, reserved 1048576K
Event: 381.232 GC heap after
Heap after GC invocations=86 (full 3):
 def new generation   total 21312K, used 305K [0x00000000e3400000, 0x00000000e4b10000, 0x00000000ecd50000)
  eden space 19008K,   0% used [0x00000000e3400000, 0x00000000e3400000, 0x00000000e4690000)
  from space 2304K,  13% used [0x00000000e48d0000, 0x00000000e491c450, 0x00000000e4b10000)
  to   space 2304K,   0% used [0x00000000e4690000, 0x00000000e4690000, 0x00000000e48d0000)
 tenured generation   total 47200K, used 30119K [0x00000000ecd50000, 0x00000000efb68000, 0x0000000100000000)
   the space 47200K,  63% used [0x00000000ecd50000, 0x00000000eeab9f08, 0x00000000eeaba000, 0x00000000efb68000)
 Metaspace       used 37884K, capacity 39250K, committed 39552K, reserved 1085440K
  class space    used 4062K, capacity 4389K, committed 4480K, reserved 1048576K
}
Event: 381.414 GC heap before
{Heap before GC invocations=86 (full 3):
 def new generation   total 21312K, used 19313K [0x00000000e3400000, 0x00000000e4b10000, 0x00000000ecd50000)
  eden space 19008K, 100% used [0x00000000e3400000, 0x00000000e4690000, 0x00000000e4690000)
  from space 2304K,  13% used [0x00000000e48d0000, 0x00000000e491c450, 0x00000000e4b10000)
  to   space 2304K,   0% used [0x00000000e4690000, 0x00000000e4690000, 0x00000000e48d0000)
 tenured generation   total 47200K, used 30119K [0x00000000ecd50000, 0x00000000efb68000, 0x0000000100000000)
   the space 47200K,  63% used [0x00000000ecd50000, 0x00000000eeab9f08, 0x00000000eeaba000, 0x00000000efb68000)
 Metaspace       used 38789K, capacity 40292K, committed 40448K, reserved 1085440K
  class space    used 4179K, capacity 4527K, committed 4608K, reserved 1048576K
Event: 381.419 GC heap after
Heap after GC invocations=87 (full 3):
 def new generation   total 21312K, used 2304K [0x00000000e3400000, 0x00000000e4b10000, 0x00000000ecd50000)
  eden space 19008K,   0% used [0x00000000e3400000, 0x00000000e3400000, 0x00000000e4690000)
  from space 2304K, 100% used [0x00000000e4690000, 0x00000000e48d0000, 0x00000000e48d0000)
  to   space 2304K,   0% used [0x00000000e48d0000, 0x00000000e48d0000, 0x00000000e4b10000)
 tenured generation   total 47200K, used 31412K [0x00000000ecd50000, 0x00000000efb68000, 0x0000000100000000)
   the space 47200K,  66% used [0x00000000ecd50000, 0x00000000eebfd398, 0x00000000eebfd400, 0x00000000efb68000)
 Metaspace       used 38789K, capacity 40292K, committed 40448K, reserved 1085440K
  class space    used 4179K, capacity 4527K, committed 4608K, reserved 1048576K
}
Event: 381.872 GC heap before
{Heap before GC invocations=87 (full 3):
 def new generation   total 21312K, used 21310K [0x00000000e3400000, 0x00000000e4b10000, 0x00000000ecd50000)
  eden space 19008K,  99% used [0x00000000e3400000, 0x00000000e468f940, 0x00000000e4690000)
  from space 2304K, 100% used [0x00000000e4690000, 0x00000000e48d0000, 0x00000000e48d0000)
  to   space 2304K,   0% used [0x00000000e48d0000, 0x00000000e48d0000, 0x00000000e4b10000)
 tenured generation   total 47200K, used 31412K [0x00000000ecd50000, 0x00000000efb68000, 0x0000000100000000)
   the space 47200K,  66% used [0x00000000ecd50000, 0x00000000eebfd398, 0x00000000eebfd400, 0x00000000efb68000)
 Metaspace       used 41221K, capacity 42684K, committed 42752K, reserved 1087488K
  class space    used 4476K, capacity 4803K, committed 4864K, reserved 1048576K
Event: 381.878 GC heap after
Heap after GC invocations=88 (full 3):
 def new generation   total 21312K, used 2303K [0x00000000e3400000, 0x00000000e4b10000, 0x00000000ecd50000)
  eden space 19008K,   0% used [0x00000000e3400000, 0x00000000e3400000, 0x00000000e4690000)
  from space 2304K,  99% used [0x00000000e48d0000, 0x00000000e4b0fff8, 0x00000000e4b10000)
  to   space 2304K,   0% used [0x00000000e4690000, 0x00000000e4690000, 0x00000000e48d0000)
 tenured generation   total 47200K, used 32780K [0x00000000ecd50000, 0x00000000efb68000, 0x0000000100000000)
   the space 47200K,  69% used [0x00000000ecd50000, 0x00000000eed53208, 0x00000000eed53400, 0x00000000efb68000)
 Metaspace       used 41221K, capacity 42684K, committed 42752K, reserved 1087488K
  class space    used 4476K, capacity 4803K, committed 4864K, reserved 1048576K
}
Event: 382.071 GC heap before
{Heap before GC invocations=88 (full 3):
 def new generation   total 21312K, used 21296K [0x00000000e3400000, 0x00000000e4b10000, 0x00000000ecd50000)
  eden space 19008K,  99% used [0x00000000e3400000, 0x00000000e468c260, 0x00000000e4690000)
  from space 2304K,  99% used [0x00000000e48d0000, 0x00000000e4b0fff8, 0x00000000e4b10000)
  to   space 2304K,   0% used [0x00000000e4690000, 0x00000000e4690000, 0x00000000e48d0000)
 tenured generation   total 47200K, used 32780K [0x00000000ecd50000, 0x00000000efb68000, 0x0000000100000000)
   the space 47200K,  69% used [0x00000000ecd50000, 0x00000000eed53208, 0x00000000eed53400, 0x00000000efb68000)
 Metaspace       used 41270K, capacity 42754K, committed 43008K, reserved 1087488K
  class space    used 4481K, capacity 4804K, committed 4864K, reserved 1048576K
Event: 382.074 GC heap after
Heap after GC invocations=89 (full 3):
 def new generation   total 21312K, used 61K [0x00000000e3400000, 0x00000000e4b10000, 0x00000000ecd50000)
  eden space 19008K,   0% used [0x00000000e3400000, 0x00000000e3400000, 0x00000000e4690000)
  from space 2304K,   2% used [0x00000000e4690000, 0x00000000e469f6d8, 0x00000000e48d0000)
  to   space 2304K,   0% used [0x00000000e48d0000, 0x00000000e48d0000, 0x00000000e4b10000)
 tenured generation   total 47200K, used 33776K [0x00000000ecd50000, 0x00000000efb68000, 0x0000000100000000)
   the space 47200K,  71% used [0x00000000ecd50000, 0x00000000eee4c228, 0x00000000eee4c400, 0x00000000efb68000)
 Metaspace       used 41270K, capacity 42754K, committed 43008K, reserved 1087488K
  class space    used 4481K, capacity 4804K, committed 4864K, reserved 1048576K
}
Event: 387.493 GC heap before
{Heap before GC invocations=89 (full 3):
 def new generation   total 21312K, used 19069K [0x00000000e3400000, 0x00000000e4b10000, 0x00000000ecd50000)
  eden space 19008K, 100% used [0x00000000e3400000, 0x00000000e4690000, 0x00000000e4690000)
  from space 2304K,   2% used [0x00000000e4690000, 0x00000000e469f6d8, 0x00000000e48d0000)
  to   space 2304K,   0% used [0x00000000e48d0000, 0x00000000e48d0000, 0x00000000e4b10000)
 tenured generation   total 47200K, used 33776K [0x00000000ecd50000, 0x00000000efb68000, 0x0000000100000000)
   the space 47200K,  71% used [0x00000000ecd50000, 0x00000000eee4c228, 0x00000000eee4c400, 0x00000000efb68000)
 Metaspace       used 41372K, capacity 42828K, committed 43008K, reserved 1087488K
  class space    used 4487K, capacity 4807K, committed 4864K, reserved 1048576K
Event: 387.495 GC heap after
Heap after GC invocations=90 (full 3):
 def new generation   total 21312K, used 493K [0x00000000e3400000, 0x00000000e4b10000, 0x00000000ecd50000)
  eden space 19008K,   0% used [0x00000000e3400000, 0x00000000e3400000, 0x00000000e4690000)
  from space 2304K,  21% used [0x00000000e48d0000, 0x00000000e494b578, 0x00000000e4b10000)
  to   space 2304K,   0% used [0x00000000e4690000, 0x00000000e4690000, 0x00000000e48d0000)
 tenured generation   total 47200K, used 33776K [0x00000000ecd50000, 0x00000000efb68000, 0x0000000100000000)
   the space 47200K,  71% used [0x00000000ecd50000, 0x00000000eee4c228, 0x00000000eee4c400, 0x00000000efb68000)
 Metaspace       used 41372K, capacity 42828K, committed 43008K, reserved 1087488K
  class space    used 4487K, capacity 4807K, committed 4864K, reserved 1048576K
}
Event: 403.173 GC heap before
{Heap before GC invocations=90 (full 3):
 def new generation   total 21312K, used 19501K [0x00000000e3400000, 0x00000000e4b10000, 0x00000000ecd50000)
  eden space 19008K, 100% used [0x00000000e3400000, 0x00000000e4690000, 0x00000000e4690000)
  from space 2304K,  21% used [0x00000000e48d0000, 0x00000000e494b578, 0x00000000e4b10000)
  to   space 2304K,   0% used [0x00000000e4690000, 0x00000000e4690000, 0x00000000e48d0000)
 tenured generation   total 47200K, used 33776K [0x00000000ecd50000, 0x00000000efb68000, 0x0000000100000000)
   the space 47200K,  71% used [0x00000000ecd50000, 0x00000000eee4c228, 0x00000000eee4c400, 0x00000000efb68000)
 Metaspace       used 41397K, capacity 42892K, committed 43008K, reserved 1087488K
  class space    used 4488K, capacity 4807K, committed 4864K, reserved 1048576K
Event: 403.176 GC heap after
Heap after GC invocations=91 (full 3):
 def new generation   total 21312K, used 701K [0x00000000e3400000, 0x00000000e4b10000, 0x00000000ecd50000)
  eden space 19008K,   0% used [0x00000000e3400000, 0x00000000e3400000, 0x00000000e4690000)
  from space 2304K,  30% used [0x00000000e4690000, 0x00000000e473f5a0, 0x00000000e48d0000)
  to   space 2304K,   0% used [0x00000000e48d0000, 0x00000000e48d0000, 0x00000000e4b10000)
 tenured generation   total 47200K, used 33776K [0x00000000ecd50000, 0x00000000efb68000, 0x0000000100000000)
   the space 47200K,  71% used [0x00000000ecd50000, 0x00000000eee4c228, 0x00000000eee4c400, 0x00000000efb68000)
 Metaspace       used 41397K, capacity 42892K, committed 43008K, reserved 1087488K
  class space    used 4488K, capacity 4807K, committed 4864K, reserved 1048576K
}
Event: 415.570 GC heap before
{Heap before GC invocations=91 (full 3):
 def new generation   total 21312K, used 19709K [0x00000000e3400000, 0x00000000e4b10000, 0x00000000ecd50000)
  eden space 19008K, 100% used [0x00000000e3400000, 0x00000000e4690000, 0x00000000e4690000)
  from space 2304K,  30% used [0x00000000e4690000, 0x00000000e473f5a0, 0x00000000e48d0000)
  to   space 2304K,   0% used [0x00000000e48d0000, 0x00000000e48d0000, 0x00000000e4b10000)
 tenured generation   total 47200K, used 33776K [0x00000000ecd50000, 0x00000000efb68000, 0x0000000100000000)
   the space 47200K,  71% used [0x00000000ecd50000, 0x00000000eee4c228, 0x00000000eee4c400, 0x00000000efb68000)
 Metaspace       used 41407K, capacity 42892K, committed 43008K, reserved 1087488K
  class space    used 4488K, capacity 4807K, committed 4864K, reserved 1048576K
Event: 415.573 GC heap after
Heap after GC invocations=92 (full 3):
 def new generation   total 21312K, used 960K [0x00000000e3400000, 0x00000000e4b10000, 0x00000000ecd50000)
  eden space 19008K,   0% used [0x00000000e3400000, 0x00000000e3400000, 0x00000000e4690000)
  from space 2304K,  41% used [0x00000000e48d0000, 0x00000000e49c0208, 0x00000000e4b10000)
  to   space 2304K,   0% used [0x00000000e4690000, 0x00000000e4690000, 0x00000000e48d0000)
 tenured generation   total 47200K, used 33776K [0x00000000ecd50000, 0x00000000efb68000, 0x0000000100000000)
   the space 47200K,  71% used [0x00000000ecd50000, 0x00000000eee4c228, 0x00000000eee4c400, 0x00000000efb68000)
 Metaspace       used 41407K, capacity 42892K, committed 43008K, reserved 1087488K
  class space    used 4488K, capacity 4807K, committed 4864K, reserved 1048576K
}
Event: 426.076 GC heap before
{Heap before GC invocations=92 (full 3):
 def new generation   total 21312K, used 19968K [0x00000000e3400000, 0x00000000e4b10000, 0x00000000ecd50000)
  eden space 19008K, 100% used [0x00000000e3400000, 0x00000000e4690000, 0x00000000e4690000)
  from space 2304K,  41% used [0x00000000e48d0000, 0x00000000e49c0208, 0x00000000e4b10000)
  to   space 2304K,   0% used [0x00000000e4690000, 0x00000000e4690000, 0x00000000e48d0000)
 tenured generation   total 47200K, used 33776K [0x00000000ecd50000, 0x00000000efb68000, 0x0000000100000000)
   the space 47200K,  71% used [0x00000000ecd50000, 0x00000000eee4c228, 0x00000000eee4c400, 0x00000000efb68000)
 Metaspace       used 41422K, capacity 42898K, committed 43008K, reserved 1087488K
  class space    used 4489K, capacity 4808K, committed 4864K, reserved 1048576K
Event: 426.079 GC heap after
Heap after GC invocations=93 (full 3):
 def new generation   total 21312K, used 1305K [0x00000000e3400000, 0x00000000e4b10000, 0x00000000ecd50000)
  eden space 19008K,   0% used [0x00000000e3400000, 0x00000000e3400000, 0x00000000e4690000)
  from space 2304K,  56% used [0x00000000e4690000, 0x00000000e47d65b0, 0x00000000e48d0000)
  to   space 2304K,   0% used [0x00000000e48d0000, 0x00000000e48d0000, 0x00000000e4b10000)
 tenured generation   total 47200K, used 33776K [0x00000000ecd50000, 0x00000000efb68000, 0x0000000100000000)
   the space 47200K,  71% used [0x00000000ecd50000, 0x00000000eee4c228, 0x00000000eee4c400, 0x00000000efb68000)
 Metaspace       used 41422K, capacity 42898K, committed 43008K, reserved 1087488K
  class space    used 4489K, capacity 4808K, committed 4864K, reserved 1048576K
}
Event: 428.448 GC heap before
{Heap before GC invocations=93 (full 3):
 def new generation   total 21312K, used 20313K [0x00000000e3400000, 0x00000000e4b10000, 0x00000000ecd50000)
  eden space 19008K, 100% used [0x00000000e3400000, 0x00000000e4690000, 0x00000000e4690000)
  from space 2304K,  56% used [0x00000000e4690000, 0x00000000e47d65b0, 0x00000000e48d0000)
  to   space 2304K,   0% used [0x00000000e48d0000, 0x00000000e48d0000, 0x00000000e4b10000)
 tenured generation   total 47200K, used 33776K [0x00000000ecd50000, 0x00000000efb68000, 0x0000000100000000)
   the space 47200K,  71% used [0x00000000ecd50000, 0x00000000eee4c228, 0x00000000eee4c400, 0x00000000efb68000)
 Metaspace       used 41422K, capacity 42898K, committed 43008K, reserved 1087488K
  class space    used 4489K, capacity 4808K, committed 4864K, reserved 1048576K
Event: 428.451 GC heap after
Heap after GC invocations=94 (full 3):
 def new generation   total 21312K, used 1253K [0x00000000e3400000, 0x00000000e4b10000, 0x00000000ecd50000)
  eden space 19008K,   0% used [0x00000000e3400000, 0x00000000e3400000, 0x00000000e4690000)
  from space 2304K,  54% used [0x00000000e48d0000, 0x00000000e4a09590, 0x00000000e4b10000)
  to   space 2304K,   0% used [0x00000000e4690000, 0x00000000e4690000, 0x00000000e48d0000)
 tenured generation   total 47200K, used 34055K [0x00000000ecd50000, 0x00000000efb68000, 0x0000000100000000)
   the space 47200K,  72% used [0x00000000ecd50000, 0x00000000eee91d08, 0x00000000eee91e00, 0x00000000efb68000)
 Metaspace       used 41422K, capacity 42898K, committed 43008K, reserved 1087488K
  class space    used 4489K, capacity 4808K, committed 4864K, reserved 1048576K
}
Event: 429.048 GC heap before
{Heap before GC invocations=94 (full 3):
 def new generation   total 21312K, used 20261K [0x00000000e3400000, 0x00000000e4b10000, 0x00000000ecd50000)
  eden space 19008K, 100% used [0x00000000e3400000, 0x00000000e4690000, 0x00000000e4690000)
  from space 2304K,  54% used [0x00000000e48d0000, 0x00000000e4a09590, 0x00000000e4b10000)
  to   space 2304K,   0% used [0x00000000e4690000, 0x00000000e4690000, 0x00000000e48d0000)
 tenured generation   total 47200K, used 34055K [0x00000000ecd50000, 0x00000000efb68000, 0x0000000100000000)
   the space 47200K,  72% used [0x00000000ecd50000, 0x00000000eee91d08, 0x00000000eee91e00, 0x00000000efb68000)
 Metaspace       used 42023K, capacity 43542K, committed 43648K, reserved 1087488K
  class space    used 4574K, capacity 4915K, committed 4992K, reserved 1048576K
Event: 429.053 GC heap after
Heap after GC invocations=95 (full 3):
 def new generation   total 21312K, used 1790K [0x00000000e3400000, 0x00000000e4b10000, 0x00000000ecd50000)
  eden space 19008K,   0% used [0x00000000e3400000, 0x00000000e3400000, 0x00000000e4690000)
  from space 2304K,  77% used [0x00000000e4690000, 0x00000000e484fab8, 0x00000000e48d0000)
  to   space 2304K,   0% used [0x00000000e48d0000, 0x00000000e48d0000, 0x00000000e4b10000)
 tenured generation   total 47200K, used 34352K [0x00000000ecd50000, 0x00000000efb68000, 0x0000000100000000)
   the space 47200K,  72% used [0x00000000ecd50000, 0x00000000eeedc318, 0x00000000eeedc400, 0x00000000efb68000)
 Metaspace       used 42023K, capacity 43542K, committed 43648K, reserved 1087488K
  class space    used 4574K, capacity 4915K, committed 4992K, reserved 1048576K
}
Event: 445.407 GC heap before
{Heap before GC invocations=95 (full 3):
 def new generation   total 21312K, used 20798K [0x00000000e3400000, 0x00000000e4b10000, 0x00000000ecd50000)
  eden space 19008K, 100% used [0x00000000e3400000, 0x00000000e4690000, 0x00000000e4690000)
  from space 2304K,  77% used [0x00000000e4690000, 0x00000000e484fab8, 0x00000000e48d0000)
  to   space 2304K,   0% used [0x00000000e48d0000, 0x00000000e48d0000, 0x00000000e4b10000)
 tenured generation   total 47200K, used 34352K [0x00000000ecd50000, 0x00000000efb68000, 0x0000000100000000)
   the space 47200K,  72% used [0x00000000ecd50000, 0x00000000eeedc318, 0x00000000eeedc400, 0x00000000efb68000)
 Metaspace       used 42049K, capacity 43542K, committed 43648K, reserved 1087488K
  class space    used 4576K, capacity 4915K, committed 4992K, reserved 1048576K
Event: 445.414 GC heap after
Heap after GC invocations=96 (full 3):
 def new generation   total 21312K, used 588K [0x00000000e3400000, 0x00000000e4b10000, 0x00000000ecd50000)
  eden space 19008K,   0% used [0x00000000e3400000, 0x00000000e3400000, 0x00000000e4690000)
  from space 2304K,  25% used [0x00000000e48d0000, 0x00000000e49632d8, 0x00000000e4b10000)
  to   space 2304K,   0% used [0x00000000e4690000, 0x00000000e4690000, 0x00000000e48d0000)
 tenured generation   total 47200K, used 35244K [0x00000000ecd50000, 0x00000000efb68000, 0x0000000100000000)
   the space 47200K,  74% used [0x00000000ecd50000, 0x00000000eefbb060, 0x00000000eefbb200, 0x00000000efb68000)
 Metaspace       used 42049K, capacity 43542K, committed 43648K, reserved 1087488K
  class space    used 4576K, capacity 4915K, committed 4992K, reserved 1048576K
}
Event: 456.813 GC heap before
{Heap before GC invocations=96 (full 3):
 def new generation   total 21312K, used 19596K [0x00000000e3400000, 0x00000000e4b10000, 0x00000000ecd50000)
  eden space 19008K, 100% used [0x00000000e3400000, 0x00000000e4690000, 0x00000000e4690000)
  from space 2304K,  25% used [0x00000000e48d0000, 0x00000000e49632d8, 0x00000000e4b10000)
  to   space 2304K,   0% used [0x00000000e4690000, 0x00000000e4690000, 0x00000000e48d0000)
 tenured generation   total 47200K, used 35244K [0x00000000ecd50000, 0x00000000efb68000, 0x0000000100000000)
   the space 47200K,  74% used [0x00000000ecd50000, 0x00000000eefbb060, 0x00000000eefbb200, 0x00000000efb68000)
 Metaspace       used 42056K, capacity 43542K, committed 43648K, reserved 1087488K
  class space    used 4576K, capacity 4915K, committed 4992K, reserved 1048576K
Event: 456.816 GC heap after
Heap after GC invocations=97 (full 3):
 def new generation   total 21312K, used 1207K [0x00000000e3400000, 0x00000000e4b10000, 0x00000000ecd50000)
  eden space 19008K,   0% used [0x00000000e3400000, 0x00000000e3400000, 0x00000000e4690000)
  from space 2304K,  52% used [0x00000000e4690000, 0x00000000e47bdc88, 0x00000000e48d0000)
  to   space 2304K,   0% used [0x00000000e48d0000, 0x00000000e48d0000, 0x00000000e4b10000)
 tenured generation   total 47200K, used 35244K [0x00000000ecd50000, 0x00000000efb68000, 0x0000000100000000)
   the space 47200K,  74% used [0x00000000ecd50000, 0x00000000eefbb060, 0x00000000eefbb200, 0x00000000efb68000)
 Metaspace       used 42056K, capacity 43542K, committed 43648K, reserved 1087488K
  class space    used 4576K, capacity 4915K, committed 4992K, reserved 1048576K
}
Event: 459.200 GC heap before
{Heap before GC invocations=97 (full 3):
 def new generation   total 21312K, used 20215K [0x00000000e3400000, 0x00000000e4b10000, 0x00000000ecd50000)
  eden space 19008K, 100% used [0x00000000e3400000, 0x00000000e4690000, 0x00000000e4690000)
  from space 2304K,  52% used [0x00000000e4690000, 0x00000000e47bdc88, 0x00000000e48d0000)
  to   space 2304K,   0% used [0x00000000e48d0000, 0x00000000e48d0000, 0x00000000e4b10000)
 tenured generation   total 47200K, used 35244K [0x00000000ecd50000, 0x00000000efb68000, 0x0000000100000000)
   the space 47200K,  74% used [0x00000000ecd50000, 0x00000000eefbb060, 0x00000000eefbb200, 0x00000000efb68000)
 Metaspace       used 42056K, capacity 43542K, committed 43648K, reserved 1087488K
  class space    used 4576K, capacity 4915K, committed 4992K, reserved 1048576K
Event: 459.203 GC heap after
Heap after GC invocations=98 (full 3):
 def new generation   total 21312K, used 554K [0x00000000e3400000, 0x00000000e4b10000, 0x00000000ecd50000)
  eden space 19008K,   0% used [0x00000000e3400000, 0x00000000e3400000, 0x00000000e4690000)
  from space 2304K,  24% used [0x00000000e48d0000, 0x00000000e495ab90, 0x00000000e4b10000)
  to   space 2304K,   0% used [0x00000000e4690000, 0x00000000e4690000, 0x00000000e48d0000)
 tenured generation   total 47200K, used 35687K [0x00000000ecd50000, 0x00000000efb68000, 0x0000000100000000)
   the space 47200K,  75% used [0x00000000ecd50000, 0x00000000ef029dc0, 0x00000000ef029e00, 0x00000000efb68000)
 Metaspace       used 42056K, capacity 43542K, committed 43648K, reserved 1087488K
  class space    used 4576K, capacity 4915K, committed 4992K, reserved 1048576K
}
Event: 461.119 GC heap before
{Heap before GC invocations=98 (full 3):
 def new generation   total 21312K, used 19562K [0x00000000e3400000, 0x00000000e4b10000, 0x00000000ecd50000)
  eden space 19008K, 100% used [0x00000000e3400000, 0x00000000e4690000, 0x00000000e4690000)
  from space 2304K,  24% used [0x00000000e48d0000, 0x00000000e495ab90, 0x00000000e4b10000)
  to   space 2304K,   0% used [0x00000000e4690000, 0x00000000e4690000, 0x00000000e48d0000)
 tenured generation   total 47200K, used 35687K [0x00000000ecd50000, 0x00000000efb68000, 0x0000000100000000)
   the space 47200K,  75% used [0x00000000ecd50000, 0x00000000ef029dc0, 0x00000000ef029e00, 0x00000000efb68000)
 Metaspace       used 42306K, capacity 43906K, committed 44160K, reserved 1089536K
  class space    used 4603K, capacity 4955K, committed 4992K, reserved 1048576K
Event: 461.126 GC heap after
Heap after GC invocations=99 (full 3):
 def new generation   total 21312K, used 2303K [0x00000000e3400000, 0x00000000e4b10000, 0x00000000ecd50000)
  eden space 19008K,   0% used [0x00000000e3400000, 0x00000000e3400000, 0x00000000e4690000)
  from space 2304K,  99% used [0x00000000e4690000, 0x00000000e48cfff8, 0x00000000e48d0000)
  to   space 2304K,   0% used [0x00000000e48d0000, 0x00000000e48d0000, 0x00000000e4b10000)
 tenured generation   total 47200K, used 36556K [0x00000000ecd50000, 0x00000000efb68000, 0x0000000100000000)
   the space 47200K,  77% used [0x00000000ecd50000, 0x00000000ef1030a8, 0x00000000ef103200, 0x00000000efb68000)
 Metaspace       used 42306K, capacity 43906K, committed 44160K, reserved 1089536K
  class space    used 4603K, capacity 4955K, committed 4992K, reserved 1048576K
}
Event: 461.581 GC heap before
{Heap before GC invocations=99 (full 3):
 def new generation   total 21312K, used 21311K [0x00000000e3400000, 0x00000000e4b10000, 0x00000000ecd50000)
  eden space 19008K, 100% used [0x00000000e3400000, 0x00000000e4690000, 0x00000000e4690000)
  from space 2304K,  99% used [0x00000000e4690000, 0x00000000e48cfff8, 0x00000000e48d0000)
  to   space 2304K,   0% used [0x00000000e48d0000, 0x00000000e48d0000, 0x00000000e4b10000)
 tenured generation   total 47200K, used 36556K [0x00000000ecd50000, 0x00000000efb68000, 0x0000000100000000)
   the space 47200K,  77% used [0x00000000ecd50000, 0x00000000ef1030a8, 0x00000000ef103200, 0x00000000efb68000)
 Metaspace       used 44851K, capacity 46598K, committed 46848K, reserved 1091584K
  class space    used 4916K, capacity 5287K, committed 5376K, reserved 1048576K
Event: 461.586 GC heap after
Heap after GC invocations=100 (full 3):
 def new generation   total 21312K, used 2234K [0x00000000e3400000, 0x00000000e4b10000, 0x00000000ecd50000)
  eden space 19008K,   0% used [0x00000000e3400000, 0x00000000e3400000, 0x00000000e4690000)
  from space 2304K,  96% used [0x00000000e48d0000, 0x00000000e4afea18, 0x00000000e4b10000)
  to   space 2304K,   0% used [0x00000000e4690000, 0x00000000e4690000, 0x00000000e48d0000)
 tenured generation   total 47200K, used 37753K [0x00000000ecd50000, 0x00000000efb68000, 0x0000000100000000)
   the space 47200K,  79% used [0x00000000ecd50000, 0x00000000ef22e560, 0x00000000ef22e600, 0x00000000efb68000)
 Metaspace       used 44851K, capacity 46598K, committed 46848K, reserved 1091584K
  class space    used 4916K, capacity 5287K, committed 5376K, reserved 1048576K
}
Event: 491.950 GC heap before
{Heap before GC invocations=100 (full 3):
 def new generation   total 21312K, used 21242K [0x00000000e3400000, 0x00000000e4b10000, 0x00000000ecd50000)
  eden space 19008K, 100% used [0x00000000e3400000, 0x00000000e4690000, 0x00000000e4690000)
  from space 2304K,  96% used [0x00000000e48d0000, 0x00000000e4afea18, 0x00000000e4b10000)
  to   space 2304K,   0% used [0x00000000e4690000, 0x00000000e4690000, 0x00000000e48d0000)
 tenured generation   total 47200K, used 37753K [0x00000000ecd50000, 0x00000000efb68000, 0x0000000100000000)
   the space 47200K,  79% used [0x00000000ecd50000, 0x00000000ef22e560, 0x00000000ef22e600, 0x00000000efb68000)
 Metaspace       used 46008K, capacity 47766K, committed 48000K, reserved 1091584K
  class space    used 5054K, capacity 5457K, committed 5504K, reserved 1048576K
Event: 491.955 GC heap after
Heap after GC invocations=101 (full 3):
 def new generation   total 21312K, used 1955K [0x00000000e3400000, 0x00000000e4b10000, 0x00000000ecd50000)
  eden space 19008K,   0% used [0x00000000e3400000, 0x00000000e3400000, 0x00000000e4690000)
  from space 2304K,  84% used [0x00000000e4690000, 0x00000000e4878dd0, 0x00000000e48d0000)
  to   space 2304K,   0% used [0x00000000e48d0000, 0x00000000e48d0000, 0x00000000e4b10000)
 tenured generation   total 47200K, used 38142K [0x00000000ecd50000, 0x00000000efb68000, 0x0000000100000000)
   the space 47200K,  80% used [0x00000000ecd50000, 0x00000000ef28f9e8, 0x00000000ef28fa00, 0x00000000efb68000)
 Metaspace       used 46008K, capacity 47766K, committed 48000K, reserved 1091584K
  class space    used 5054K, capacity 5457K, committed 5504K, reserved 1048576K
}
Event: 502.297 GC heap before
{Heap before GC invocations=101 (full 3):
 def new generation   total 21312K, used 20962K [0x00000000e3400000, 0x00000000e4b10000, 0x00000000ecd50000)
  eden space 19008K,  99% used [0x00000000e3400000, 0x00000000e468fb00, 0x00000000e4690000)
  from space 2304K,  84% used [0x00000000e4690000, 0x00000000e4878dd0, 0x00000000e48d0000)
  to   space 2304K,   0% used [0x00000000e48d0000, 0x00000000e48d0000, 0x00000000e4b10000)
 tenured generation   total 47200K, used 38142K [0x00000000ecd50000, 0x00000000efb68000, 0x0000000100000000)
   the space 47200K,  80% used [0x00000000ecd50000, 0x00000000ef28f9e8, 0x00000000ef28fa00, 0x00000000efb68000)
 Metaspace       used 46032K, capacity 47772K, committed 48000K, reserved 1091584K
  class space    used 5055K, capacity 5458K, committed 5504K, reserved 1048576K
Event: 502.302 GC heap after
Heap after GC invocations=102 (full 3):
 def new generation   total 21312K, used 793K [0x00000000e3400000, 0x00000000e4b10000, 0x00000000ecd50000)
  eden space 19008K,   0% used [0x00000000e3400000, 0x00000000e3400000, 0x00000000e4690000)
  from space 2304K,  34% used [0x00000000e48d0000, 0x00000000e4996670, 0x00000000e4b10000)
  to   space 2304K,   0% used [0x00000000e4690000, 0x00000000e4690000, 0x00000000e48d0000)
 tenured generation   total 47200K, used 39454K [0x00000000ecd50000, 0x00000000efb68000, 0x0000000100000000)
   the space 47200K,  83% used [0x00000000ecd50000, 0x00000000ef3d7950, 0x00000000ef3d7a00, 0x00000000efb68000)
 Metaspace       used 46032K, capacity 47772K, committed 48000K, reserved 1091584K
  class space    used 5055K, capacity 5458K, committed 5504K, reserved 1048576K
}
Event: 516.704 GC heap before
{Heap before GC invocations=102 (full 3):
 def new generation   total 21312K, used 19801K [0x00000000e3400000, 0x00000000e4b10000, 0x00000000ecd50000)
  eden space 19008K, 100% used [0x00000000e3400000, 0x00000000e4690000, 0x00000000e4690000)
  from space 2304K,  34% used [0x00000000e48d0000, 0x00000000e4996670, 0x00000000e4b10000)
  to   space 2304K,   0% used [0x00000000e4690000, 0x00000000e4690000, 0x00000000e48d0000)
 tenured generation   total 47200K, used 39454K [0x00000000ecd50000, 0x00000000efb68000, 0x0000000100000000)
   the space 47200K,  83% used [0x00000000ecd50000, 0x00000000ef3d7950, 0x00000000ef3d7a00, 0x00000000efb68000)
 Metaspace       used 46042K, capacity 47772K, committed 48000K, reserved 1091584K
  class space    used 5055K, capacity 5458K, committed 5504K, reserved 1048576K
Event: 516.707 GC heap after
Heap after GC invocations=103 (full 3):
 def new generation   total 21312K, used 1322K [0x00000000e3400000, 0x00000000e4b10000, 0x00000000ecd50000)
  eden space 19008K,   0% used [0x00000000e3400000, 0x00000000e3400000, 0x00000000e4690000)
  from space 2304K,  57% used [0x00000000e4690000, 0x00000000e47da880, 0x00000000e48d0000)
  to   space 2304K,   0% used [0x00000000e48d0000, 0x00000000e48d0000, 0x00000000e4b10000)
 tenured generation   total 47200K, used 39454K [0x00000000ecd50000, 0x00000000efb68000, 0x0000000100000000)
   the space 47200K,  83% used [0x00000000ecd50000, 0x00000000ef3d7950, 0x00000000ef3d7a00, 0x00000000efb68000)
 Metaspace       used 46042K, capacity 47772K, committed 48000K, reserved 1091584K
  class space    used 5055K, capacity 5458K, committed 5504K, reserved 1048576K
}
Event: 527.509 GC heap before
{Heap before GC invocations=103 (full 3):
 def new generation   total 21312K, used 20320K [0x00000000e3400000, 0x00000000e4b10000, 0x00000000ecd50000)
  eden space 19008K,  99% used [0x00000000e3400000, 0x00000000e468d808, 0x00000000e4690000)
  from space 2304K,  57% used [0x00000000e4690000, 0x00000000e47da880, 0x00000000e48d0000)
  to   space 2304K,   0% used [0x00000000e48d0000, 0x00000000e48d0000, 0x00000000e4b10000)
 tenured generation   total 47200K, used 39454K [0x00000000ecd50000, 0x00000000efb68000, 0x0000000100000000)
   the space 47200K,  83% used [0x00000000ecd50000, 0x00000000ef3d7950, 0x00000000ef3d7a00, 0x00000000efb68000)
 Metaspace       used 46045K, capacity 47772K, committed 48000K, reserved 1091584K
  class space    used 5055K, capacity 5458K, committed 5504K, reserved 1048576K
Event: 527.516 GC heap after
Heap after GC invocations=104 (full 3):
 def new generation   total 21312K, used 1052K [0x00000000e3400000, 0x00000000e4b10000, 0x00000000ecd50000)
  eden space 19008K,   0% used [0x00000000e3400000, 0x00000000e3400000, 0x00000000e4690000)
  from space 2304K,  45% used [0x00000000e48d0000, 0x00000000e49d70f0, 0x00000000e4b10000)
  to   space 2304K,   0% used [0x00000000e4690000, 0x00000000e4690000, 0x00000000e48d0000)
 tenured generation   total 47200K, used 40190K [0x00000000ecd50000, 0x00000000efb68000, 0x0000000100000000)
   the space 47200K,  85% used [0x00000000ecd50000, 0x00000000ef48fb10, 0x00000000ef48fc00, 0x00000000efb68000)
 Metaspace       used 46045K, capacity 47772K, committed 48000K, reserved 1091584K
  class space    used 5055K, capacity 5458K, committed 5504K, reserved 1048576K
}
Event: 530.530 GC heap before
{Heap before GC invocations=104 (full 3):
 def new generation   total 21312K, used 20060K [0x00000000e3400000, 0x00000000e4b10000, 0x00000000ecd50000)
  eden space 19008K, 100% used [0x00000000e3400000, 0x00000000e4690000, 0x00000000e4690000)
  from space 2304K,  45% used [0x00000000e48d0000, 0x00000000e49d70f0, 0x00000000e4b10000)
  to   space 2304K,   0% used [0x00000000e4690000, 0x00000000e4690000, 0x00000000e48d0000)
 tenured generation   total 47200K, used 40190K [0x00000000ecd50000, 0x00000000efb68000, 0x0000000100000000)
   the space 47200K,  85% used [0x00000000ecd50000, 0x00000000ef48fb10, 0x00000000ef48fc00, 0x00000000efb68000)
 Metaspace       used 46045K, capacity 47772K, committed 48000K, reserved 1091584K
  class space    used 5055K, capacity 5458K, committed 5504K, reserved 1048576K
Event: 530.532 GC heap after
Heap after GC invocations=105 (full 3):
 def new generation   total 21312K, used 1001K [0x00000000e3400000, 0x00000000e4b10000, 0x00000000ecd50000)
  eden space 19008K,   0% used [0x00000000e3400000, 0x00000000e3400000, 0x00000000e4690000)
  from space 2304K,  43% used [0x00000000e4690000, 0x00000000e478a7b0, 0x00000000e48d0000)
  to   space 2304K,   0% used [0x00000000e48d0000, 0x00000000e48d0000, 0x00000000e4b10000)
 tenured generation   total 47200K, used 40190K [0x00000000ecd50000, 0x00000000efb68000, 0x0000000100000000)
   the space 47200K,  85% used [0x00000000ecd50000, 0x00000000ef48fb10, 0x00000000ef48fc00, 0x00000000efb68000)
 Metaspace       used 46045K, capacity 47772K, committed 48000K, reserved 1091584K
  class space    used 5055K, capacity 5458K, committed 5504K, reserved 1048576K
}
Event: 532.013 GC heap before
{Heap before GC invocations=105 (full 3):
 def new generation   total 21312K, used 20009K [0x00000000e3400000, 0x00000000e4b10000, 0x00000000ecd50000)
  eden space 19008K, 100% used [0x00000000e3400000, 0x00000000e4690000, 0x00000000e4690000)
  from space 2304K,  43% used [0x00000000e4690000, 0x00000000e478a7b0, 0x00000000e48d0000)
  to   space 2304K,   0% used [0x00000000e48d0000, 0x00000000e48d0000, 0x00000000e4b10000)
 tenured generation   total 47200K, used 40190K [0x00000000ecd50000, 0x00000000efb68000, 0x0000000100000000)
   the space 47200K,  85% used [0x00000000ecd50000, 0x00000000ef48fb10, 0x00000000ef48fc00, 0x00000000efb68000)
 Metaspace       used 46129K, capacity 47892K, committed 48000K, reserved 1091584K
  class space    used 5064K, capacity 5498K, committed 5504K, reserved 1048576K
Event: 532.016 GC heap after
Heap after GC invocations=106 (full 3):
 def new generation   total 21312K, used 964K [0x00000000e3400000, 0x00000000e4b10000, 0x00000000ecd50000)
  eden space 19008K,   0% used [0x00000000e3400000, 0x00000000e3400000, 0x00000000e4690000)
  from space 2304K,  41% used [0x00000000e48d0000, 0x00000000e49c13f8, 0x00000000e4b10000)
  to   space 2304K,   0% used [0x00000000e4690000, 0x00000000e4690000, 0x00000000e48d0000)
 tenured generation   total 47200K, used 40190K [0x00000000ecd50000, 0x00000000efb68000, 0x0000000100000000)
   the space 47200K,  85% used [0x00000000ecd50000, 0x00000000ef48fb10, 0x00000000ef48fc00, 0x00000000efb68000)
 Metaspace       used 46129K, capacity 47892K, committed 48000K, reserved 1091584K
  class space    used 5064K, capacity 5498K, committed 5504K, reserved 1048576K
}
Event: 541.589 GC heap before
{Heap before GC invocations=106 (full 3):
 def new generation   total 21312K, used 19972K [0x00000000e3400000, 0x00000000e4b10000, 0x00000000ecd50000)
  eden space 19008K, 100% used [0x00000000e3400000, 0x00000000e4690000, 0x00000000e4690000)
  from space 2304K,  41% used [0x00000000e48d0000, 0x00000000e49c13f8, 0x00000000e4b10000)
  to   space 2304K,   0% used [0x00000000e4690000, 0x00000000e4690000, 0x00000000e48d0000)
 tenured generation   total 47200K, used 40190K [0x00000000ecd50000, 0x00000000efb68000, 0x0000000100000000)
   the space 47200K,  85% used [0x00000000ecd50000, 0x00000000ef48fb10, 0x00000000ef48fc00, 0x00000000efb68000)
 Metaspace       used 46407K, capacity 48262K, committed 48384K, reserved 1091584K
  class space    used 5103K, capacity 5535K, committed 5632K, reserved 1048576K
Event: 541.594 GC heap after
Heap after GC invocations=107 (full 3):
 def new generation   total 21312K, used 1844K [0x00000000e3400000, 0x00000000e4b10000, 0x00000000ecd50000)
  eden space 19008K,   0% used [0x00000000e3400000, 0x00000000e3400000, 0x00000000e4690000)
  from space 2304K,  80% used [0x00000000e4690000, 0x00000000e485d358, 0x00000000e48d0000)
  to   space 2304K,   0% used [0x00000000e48d0000, 0x00000000e48d0000, 0x00000000e4b10000)
 tenured generation   total 47200K, used 40190K [0x00000000ecd50000, 0x00000000efb68000, 0x0000000100000000)
   the space 47200K,  85% used [0x00000000ecd50000, 0x00000000ef48fb10, 0x00000000ef48fc00, 0x00000000efb68000)
 Metaspace       used 46407K, capacity 48262K, committed 48384K, reserved 1091584K
  class space    used 5103K, capacity 5535K, committed 5632K, reserved 1048576K
}
Event: 556.283 GC heap before
{Heap before GC invocations=107 (full 3):
 def new generation   total 21312K, used 20852K [0x00000000e3400000, 0x00000000e4b10000, 0x00000000ecd50000)
  eden space 19008K, 100% used [0x00000000e3400000, 0x00000000e4690000, 0x00000000e4690000)
  from space 2304K,  80% used [0x00000000e4690000, 0x00000000e485d358, 0x00000000e48d0000)
  to   space 2304K,   0% used [0x00000000e48d0000, 0x00000000e48d0000, 0x00000000e4b10000)
 tenured generation   total 47200K, used 40190K [0x00000000ecd50000, 0x00000000efb68000, 0x0000000100000000)
   the space 47200K,  85% used [0x00000000ecd50000, 0x00000000ef48fb10, 0x00000000ef48fc00, 0x00000000efb68000)
 Metaspace       used 46418K, capacity 48262K, committed 48384K, reserved 1091584K
  class space    used 5103K, capacity 5535K, committed 5632K, reserved 1048576K
Event: 556.288 GC heap after
Heap after GC invocations=108 (full 3):
 def new generation   total 21312K, used 400K [0x00000000e3400000, 0x00000000e4b10000, 0x00000000ecd50000)
  eden space 19008K,   0% used [0x00000000e3400000, 0x00000000e3400000, 0x00000000e4690000)
  from space 2304K,  17% used [0x00000000e48d0000, 0x00000000e4934198, 0x00000000e4b10000)
  to   space 2304K,   0% used [0x00000000e4690000, 0x00000000e4690000, 0x00000000e48d0000)
 tenured generation   total 47200K, used 41530K [0x00000000ecd50000, 0x00000000efb68000, 0x0000000100000000)
   the space 47200K,  87% used [0x00000000ecd50000, 0x00000000ef5de928, 0x00000000ef5dea00, 0x00000000efb68000)
 Metaspace       used 46418K, capacity 48262K, committed 48384K, reserved 1091584K
  class space    used 5103K, capacity 5535K, committed 5632K, reserved 1048576K
}
Event: 572.227 GC heap before
{Heap before GC invocations=108 (full 3):
 def new generation   total 21312K, used 19408K [0x00000000e3400000, 0x00000000e4b10000, 0x00000000ecd50000)
  eden space 19008K, 100% used [0x00000000e3400000, 0x00000000e4690000, 0x00000000e4690000)
  from space 2304K,  17% used [0x00000000e48d0000, 0x00000000e4934198, 0x00000000e4b10000)
  to   space 2304K,   0% used [0x00000000e4690000, 0x00000000e4690000, 0x00000000e48d0000)
 tenured generation   total 47200K, used 41530K [0x00000000ecd50000, 0x00000000efb68000, 0x0000000100000000)
   the space 47200K,  87% used [0x00000000ecd50000, 0x00000000ef5de928, 0x00000000ef5dea00, 0x00000000efb68000)
 Metaspace       used 46422K, capacity 48268K, committed 48384K, reserved 1091584K
  class space    used 5104K, capacity 5536K, committed 5632K, reserved 1048576K
Event: 572.230 GC heap after
Heap after GC invocations=109 (full 3):
 def new generation   total 21312K, used 552K [0x00000000e3400000, 0x00000000e4b10000, 0x00000000ecd50000)
  eden space 19008K,   0% used [0x00000000e3400000, 0x00000000e3400000, 0x00000000e4690000)
  from space 2304K,  23% used [0x00000000e4690000, 0x00000000e471a118, 0x00000000e48d0000)
  to   space 2304K,   0% used [0x00000000e48d0000, 0x00000000e48d0000, 0x00000000e4b10000)
 tenured generation   total 47200K, used 41530K [0x00000000ecd50000, 0x00000000efb68000, 0x0000000100000000)
   the space 47200K,  87% used [0x00000000ecd50000, 0x00000000ef5de928, 0x00000000ef5dea00, 0x00000000efb68000)
 Metaspace       used 46422K, capacity 48268K, committed 48384K, reserved 1091584K
  class space    used 5104K, capacity 5536K, committed 5632K, reserved 1048576K
}
Event: 606.716 GC heap before
{Heap before GC invocations=109 (full 3):
 def new generation   total 21312K, used 19560K [0x00000000e3400000, 0x00000000e4b10000, 0x00000000ecd50000)
  eden space 19008K, 100% used [0x00000000e3400000, 0x00000000e4690000, 0x00000000e4690000)
  from space 2304K,  23% used [0x00000000e4690000, 0x00000000e471a118, 0x00000000e48d0000)
  to   space 2304K,   0% used [0x00000000e48d0000, 0x00000000e48d0000, 0x00000000e4b10000)
 tenured generation   total 47200K, used 41530K [0x00000000ecd50000, 0x00000000efb68000, 0x0000000100000000)
   the space 47200K,  87% used [0x00000000ecd50000, 0x00000000ef5de928, 0x00000000ef5dea00, 0x00000000efb68000)
 Metaspace       used 46511K, capacity 48348K, committed 48640K, reserved 1091584K
  class space    used 5112K, capacity 5540K, committed 5632K, reserved 1048576K
Event: 606.720 GC heap after
Heap after GC invocations=110 (full 3):
 def new generation   total 21312K, used 909K [0x00000000e3400000, 0x00000000e4b10000, 0x00000000ecd50000)
  eden space 19008K,   0% used [0x00000000e3400000, 0x00000000e3400000, 0x00000000e4690000)
  from space 2304K,  39% used [0x00000000e48d0000, 0x00000000e49b36b8, 0x00000000e4b10000)
  to   space 2304K,   0% used [0x00000000e4690000, 0x00000000e4690000, 0x00000000e48d0000)
 tenured generation   total 47200K, used 41530K [0x00000000ecd50000, 0x00000000efb68000, 0x0000000100000000)
   the space 47200K,  87% used [0x00000000ecd50000, 0x00000000ef5de928, 0x00000000ef5dea00, 0x00000000efb68000)
 Metaspace       used 46511K, capacity 48348K, committed 48640K, reserved 1091584K
  class space    used 5112K, capacity 5540K, committed 5632K, reserved 1048576K
}
Event: 622.824 GC heap before
{Heap before GC invocations=110 (full 3):
 def new generation   total 21312K, used 19917K [0x00000000e3400000, 0x00000000e4b10000, 0x00000000ecd50000)
  eden space 19008K, 100% used [0x00000000e3400000, 0x00000000e4690000, 0x00000000e4690000)
  from space 2304K,  39% used [0x00000000e48d0000, 0x00000000e49b36b8, 0x00000000e4b10000)
  to   space 2304K,   0% used [0x00000000e4690000, 0x00000000e4690000, 0x00000000e48d0000)
 tenured generation   total 47200K, used 41530K [0x00000000ecd50000, 0x00000000efb68000, 0x0000000100000000)
   the space 47200K,  87% used [0x00000000ecd50000, 0x00000000ef5de928, 0x00000000ef5dea00, 0x00000000efb68000)
 Metaspace       used 46511K, capacity 48348K, committed 48640K, reserved 1091584K
  class space    used 5112K, capacity 5540K, committed 5632K, reserved 1048576K
Event: 622.827 GC heap after
Heap after GC invocations=111 (full 3):
 def new generation   total 21312K, used 1125K [0x00000000e3400000, 0x00000000e4b10000, 0x00000000ecd50000)
  eden space 19008K,   0% used [0x00000000e3400000, 0x00000000e3400000, 0x00000000e4690000)
  from space 2304K,  48% used [0x00000000e4690000, 0x00000000e47a9628, 0x00000000e48d0000)
  to   space 2304K,   0% used [0x00000000e48d0000, 0x00000000e48d0000, 0x00000000e4b10000)
 tenured generation   total 47200K, used 41530K [0x00000000ecd50000, 0x00000000efb68000, 0x0000000100000000)
   the space 47200K,  87% used [0x00000000ecd50000, 0x00000000ef5de928, 0x00000000ef5dea00, 0x00000000efb68000)
 Metaspace       used 46511K, capacity 48348K, committed 48640K, reserved 1091584K
  class space    used 5112K, capacity 5540K, committed 5632K, reserved 1048576K
}
Event: 639.379 GC heap before
{Heap before GC invocations=111 (full 3):
 def new generation   total 21312K, used 20133K [0x00000000e3400000, 0x00000000e4b10000, 0x00000000ecd50000)
  eden space 19008K, 100% used [0x00000000e3400000, 0x00000000e4690000, 0x00000000e4690000)
  from space 2304K,  48% used [0x00000000e4690000, 0x00000000e47a9628, 0x00000000e48d0000)
  to   space 2304K,   0% used [0x00000000e48d0000, 0x00000000e48d0000, 0x00000000e4b10000)
 tenured generation   total 47200K, used 41530K [0x00000000ecd50000, 0x00000000efb68000, 0x0000000100000000)
   the space 47200K,  87% used [0x00000000ecd50000, 0x00000000ef5de928, 0x00000000ef5dea00, 0x00000000efb68000)
 Metaspace       used 46516K, capacity 48348K, committed 48640K, reserved 1091584K
  class space    used 5112K, capacity 5540K, committed 5632K, reserved 1048576K
Event: 639.382 GC heap after
Heap after GC invocations=112 (full 3):
 def new generation   total 21312K, used 1482K [0x00000000e3400000, 0x00000000e4b10000, 0x00000000ecd50000)
  eden space 19008K,   0% used [0x00000000e3400000, 0x00000000e3400000, 0x00000000e4690000)
  from space 2304K,  64% used [0x00000000e48d0000, 0x00000000e4a42ab0, 0x00000000e4b10000)
  to   space 2304K,   0% used [0x00000000e4690000, 0x00000000e4690000, 0x00000000e48d0000)
 tenured generation   total 47200K, used 41530K [0x00000000ecd50000, 0x00000000efb68000, 0x0000000100000000)
   the space 47200K,  87% used [0x00000000ecd50000, 0x00000000ef5de928, 0x00000000ef5dea00, 0x00000000efb68000)
 Metaspace       used 46516K, capacity 48348K, committed 48640K, reserved 1091584K
  class space    used 5112K, capacity 5540K, committed 5632K, reserved 1048576K
}
Event: 654.071 GC heap before
{Heap before GC invocations=112 (full 3):
 def new generation   total 21312K, used 20490K [0x00000000e3400000, 0x00000000e4b10000, 0x00000000ecd50000)
  eden space 19008K, 100% used [0x00000000e3400000, 0x00000000e4690000, 0x00000000e4690000)
  from space 2304K,  64% used [0x00000000e48d0000, 0x00000000e4a42ab0, 0x00000000e4b10000)
  to   space 2304K,   0% used [0x00000000e4690000, 0x00000000e4690000, 0x00000000e48d0000)
 tenured generation   total 47200K, used 41530K [0x00000000ecd50000, 0x00000000efb68000, 0x0000000100000000)
   the space 47200K,  87% used [0x00000000ecd50000, 0x00000000ef5de928, 0x00000000ef5dea00, 0x00000000efb68000)
 Metaspace       used 46516K, capacity 48348K, committed 48640K, reserved 1091584K
  class space    used 5112K, capacity 5540K, committed 5632K, reserved 1048576K
Event: 654.075 GC heap after
Heap after GC invocations=113 (full 3):
 def new generation   total 21312K, used 1194K [0x00000000e3400000, 0x00000000e4b10000, 0x00000000ecd50000)
  eden space 19008K,   0% used [0x00000000e3400000, 0x00000000e3400000, 0x00000000e4690000)
  from space 2304K,  51% used [0x00000000e4690000, 0x00000000e47ba930, 0x00000000e48d0000)
  to   space 2304K,   0% used [0x00000000e48d0000, 0x00000000e48d0000, 0x00000000e4b10000)
 tenured generation   total 47200K, used 42036K [0x00000000ecd50000, 0x00000000efb68000, 0x0000000100000000)
   the space 47200K,  89% used [0x00000000ecd50000, 0x00000000ef65d060, 0x00000000ef65d200, 0x00000000efb68000)
 Metaspace       used 46516K, capacity 48348K, committed 48640K, reserved 1091584K
  class space    used 5112K, capacity 5540K, committed 5632K, reserved 1048576K
}
Event: 665.246 GC heap before
{Heap before GC invocations=113 (full 3):
 def new generation   total 21312K, used 20202K [0x00000000e3400000, 0x00000000e4b10000, 0x00000000ecd50000)
  eden space 19008K, 100% used [0x00000000e3400000, 0x00000000e4690000, 0x00000000e4690000)
  from space 2304K,  51% used [0x00000000e4690000, 0x00000000e47ba930, 0x00000000e48d0000)
  to   space 2304K,   0% used [0x00000000e48d0000, 0x00000000e48d0000, 0x00000000e4b10000)
 tenured generation   total 47200K, used 42036K [0x00000000ecd50000, 0x00000000efb68000, 0x0000000100000000)
   the space 47200K,  89% used [0x00000000ecd50000, 0x00000000ef65d060, 0x00000000ef65d200, 0x00000000efb68000)
 Metaspace       used 46573K, capacity 48372K, committed 48640K, reserved 1091584K
  class space    used 5115K, capacity 5544K, committed 5632K, reserved 1048576K
Event: 665.250 GC heap after
Heap after GC invocations=114 (full 3):
 def new generation   total 21312K, used 1540K [0x00000000e3400000, 0x00000000e4b10000, 0x00000000ecd50000)
  eden space 19008K,   0% used [0x00000000e3400000, 0x00000000e3400000, 0x00000000e4690000)
  from space 2304K,  66% used [0x00000000e48d0000, 0x00000000e4a51140, 0x00000000e4b10000)
  to   space 2304K,   0% used [0x00000000e4690000, 0x00000000e4690000, 0x00000000e48d0000)
 tenured generation   total 47200K, used 42297K [0x00000000ecd50000, 0x00000000efb68000, 0x0000000100000000)
   the space 47200K,  89% used [0x00000000ecd50000, 0x00000000ef69e778, 0x00000000ef69e800, 0x00000000efb68000)
 Metaspace       used 46573K, capacity 48372K, committed 48640K, reserved 1091584K
  class space    used 5115K, capacity 5544K, committed 5632K, reserved 1048576K
}
Event: 674.822 GC heap before
{Heap before GC invocations=114 (full 3):
 def new generation   total 21312K, used 20548K [0x00000000e3400000, 0x00000000e4b10000, 0x00000000ecd50000)
  eden space 19008K, 100% used [0x00000000e3400000, 0x00000000e4690000, 0x00000000e4690000)
  from space 2304K,  66% used [0x00000000e48d0000, 0x00000000e4a51140, 0x00000000e4b10000)
  to   space 2304K,   0% used [0x00000000e4690000, 0x00000000e4690000, 0x00000000e48d0000)
 tenured generation   total 47200K, used 42297K [0x00000000ecd50000, 0x00000000efb68000, 0x0000000100000000)
   the space 47200K,  89% used [0x00000000ecd50000, 0x00000000ef69e778, 0x00000000ef69e800, 0x00000000efb68000)
 Metaspace       used 46573K, capacity 48372K, committed 48640K, reserved 1091584K
  class space    used 5115K, capacity 5544K, committed 5632K, reserved 1048576K
Event: 674.827 GC heap after
Heap after GC invocations=115 (full 3):
 def new generation   total 21312K, used 1230K [0x00000000e3400000, 0x00000000e4b10000, 0x00000000ecd50000)
  eden space 19008K,   0% used [0x00000000e3400000, 0x00000000e3400000, 0x00000000e4690000)
  from space 2304K,  53% used [0x00000000e4690000, 0x00000000e47c3b98, 0x00000000e48d0000)
  to   space 2304K,   0% used [0x00000000e48d0000, 0x00000000e48d0000, 0x00000000e4b10000)
 tenured generation   total 47200K, used 42850K [0x00000000ecd50000, 0x00000000efb68000, 0x0000000100000000)
   the space 47200K,  90% used [0x00000000ecd50000, 0x00000000ef728930, 0x00000000ef728a00, 0x00000000efb68000)
 Metaspace       used 46573K, capacity 48372K, committed 48640K, reserved 1091584K
  class space    used 5115K, capacity 5544K, committed 5632K, reserved 1048576K
}
Event: 680.703 GC heap before
{Heap before GC invocations=115 (full 3):
 def new generation   total 21312K, used 20237K [0x00000000e3400000, 0x00000000e4b10000, 0x00000000ecd50000)
  eden space 19008K,  99% used [0x00000000e3400000, 0x00000000e468f870, 0x00000000e4690000)
  from space 2304K,  53% used [0x00000000e4690000, 0x00000000e47c3b98, 0x00000000e48d0000)
  to   space 2304K,   0% used [0x00000000e48d0000, 0x00000000e48d0000, 0x00000000e4b10000)
 tenured generation   total 47200K, used 42850K [0x00000000ecd50000, 0x00000000efb68000, 0x0000000100000000)
   the space 47200K,  90% used [0x00000000ecd50000, 0x00000000ef728930, 0x00000000ef728a00, 0x00000000efb68000)
 Metaspace       used 46575K, capacity 48372K, committed 48640K, reserved 1091584K
  class space    used 5115K, capacity 5544K, committed 5632K, reserved 1048576K
Event: 680.707 GC heap after
Heap after GC invocations=116 (full 3):
 def new generation   total 21312K, used 1421K [0x00000000e3400000, 0x00000000e4b10000, 0x00000000ecd50000)
  eden space 19008K,   0% used [0x00000000e3400000, 0x00000000e3400000, 0x00000000e4690000)
  from space 2304K,  61% used [0x00000000e48d0000, 0x00000000e4a335f0, 0x00000000e4b10000)
  to   space 2304K,   0% used [0x00000000e4690000, 0x00000000e4690000, 0x00000000e48d0000)
 tenured generation   total 47200K, used 43148K [0x00000000ecd50000, 0x00000000efb68000, 0x0000000100000000)
   the space 47200K,  91% used [0x00000000ecd50000, 0x00000000ef773310, 0x00000000ef773400, 0x00000000efb68000)
 Metaspace       used 46575K, capacity 48372K, committed 48640K, reserved 1091584K
  class space    used 5115K, capacity 5544K, committed 5632K, reserved 1048576K
}
Event: 682.447 GC heap before
{Heap before GC invocations=116 (full 3):
 def new generation   total 21312K, used 20423K [0x00000000e3400000, 0x00000000e4b10000, 0x00000000ecd50000)
  eden space 19008K,  99% used [0x00000000e3400000, 0x00000000e468e7e8, 0x00000000e4690000)
  from space 2304K,  61% used [0x00000000e48d0000, 0x00000000e4a335f0, 0x00000000e4b10000)
  to   space 2304K,   0% used [0x00000000e4690000, 0x00000000e4690000, 0x00000000e48d0000)
 tenured generation   total 47200K, used 43148K [0x00000000ecd50000, 0x00000000efb68000, 0x0000000100000000)
   the space 47200K,  91% used [0x00000000ecd50000, 0x00000000ef773310, 0x00000000ef773400, 0x00000000efb68000)
 Metaspace       used 46575K, capacity 48372K, committed 48640K, reserved 1091584K
  class space    used 5115K, capacity 5544K, committed 5632K, reserved 1048576K
Event: 682.451 GC heap after
Heap after GC invocations=117 (full 3):
 def new generation   total 21312K, used 884K [0x00000000e3400000, 0x00000000e4b10000, 0x00000000ecd50000)
  eden space 19008K,   0% used [0x00000000e3400000, 0x00000000e3400000, 0x00000000e4690000)
  from space 2304K,  38% used [0x00000000e4690000, 0x00000000e476d0d0, 0x00000000e48d0000)
  to   space 2304K,   0% used [0x00000000e48d0000, 0x00000000e48d0000, 0x00000000e4b10000)
 tenured generation   total 47200K, used 43672K [0x00000000ecd50000, 0x00000000efb68000, 0x0000000100000000)
   the space 47200K,  92% used [0x00000000ecd50000, 0x00000000ef7f6310, 0x00000000ef7f6400, 0x00000000efb68000)
 Metaspace       used 46575K, capacity 48372K, committed 48640K, reserved 1091584K
  class space    used 5115K, capacity 5544K, committed 5632K, reserved 1048576K
}
Event: 684.536 GC heap before
{Heap before GC invocations=117 (full 3):
 def new generation   total 21312K, used 19887K [0x00000000e3400000, 0x00000000e4b10000, 0x00000000ecd50000)
  eden space 19008K,  99% used [0x00000000e3400000, 0x00000000e468ec08, 0x00000000e4690000)
  from space 2304K,  38% used [0x00000000e4690000, 0x00000000e476d0d0, 0x00000000e48d0000)
  to   space 2304K,   0% used [0x00000000e48d0000, 0x00000000e48d0000, 0x00000000e4b10000)
 tenured generation   total 47200K, used 43672K [0x00000000ecd50000, 0x00000000efb68000, 0x0000000100000000)
   the space 47200K,  92% used [0x00000000ecd50000, 0x00000000ef7f6310, 0x00000000ef7f6400, 0x00000000efb68000)
 Metaspace       used 46575K, capacity 48372K, committed 48640K, reserved 1091584K
  class space    used 5115K, capacity 5544K, committed 5632K, reserved 1048576K
Event: 684.538 GC heap after
Heap after GC invocations=118 (full 3):
 def new generation   total 21312K, used 830K [0x00000000e3400000, 0x00000000e4b10000, 0x00000000ecd50000)
  eden space 19008K,   0% used [0x00000000e3400000, 0x00000000e3400000, 0x00000000e4690000)
  from space 2304K,  36% used [0x00000000e48d0000, 0x00000000e499fa58, 0x00000000e4b10000)
  to   space 2304K,   0% used [0x00000000e4690000, 0x00000000e4690000, 0x00000000e48d0000)
 tenured generation   total 47200K, used 43672K [0x00000000ecd50000, 0x00000000efb68000, 0x0000000100000000)
   the space 47200K,  92% used [0x00000000ecd50000, 0x00000000ef7f6310, 0x00000000ef7f6400, 0x00000000efb68000)
 Metaspace       used 46575K, capacity 48372K, committed 48640K, reserved 1091584K
  class space    used 5115K, capacity 5544K, committed 5632K, reserved 1048576K
}
Event: 686.362 GC heap before
{Heap before GC invocations=118 (full 3):
 def new generation   total 21312K, used 19838K [0x00000000e3400000, 0x00000000e4b10000, 0x00000000ecd50000)
  eden space 19008K, 100% used [0x00000000e3400000, 0x00000000e4690000, 0x00000000e4690000)
  from space 2304K,  36% used [0x00000000e48d0000, 0x00000000e499fa58, 0x00000000e4b10000)
  to   space 2304K,   0% used [0x00000000e4690000, 0x00000000e4690000, 0x00000000e48d0000)
 tenured generation   total 47200K, used 43672K [0x00000000ecd50000, 0x00000000efb68000, 0x0000000100000000)
   the space 47200K,  92% used [0x00000000ecd50000, 0x00000000ef7f6310, 0x00000000ef7f6400, 0x00000000efb68000)
 Metaspace       used 46575K, capacity 48372K, committed 48640K, reserved 1091584K
  class space    used 5115K, capacity 5544K, committed 5632K, reserved 1048576K
Event: 686.365 GC heap after
Heap after GC invocations=119 (full 3):
 def new generation   total 21312K, used 811K [0x00000000e3400000, 0x00000000e4b10000, 0x00000000ecd50000)
  eden space 19008K,   0% used [0x00000000e3400000, 0x00000000e3400000, 0x00000000e4690000)
  from space 2304K,  35% used [0x00000000e4690000, 0x00000000e475aef8, 0x00000000e48d0000)
  to   space 2304K,   0% used [0x00000000e48d0000, 0x00000000e48d0000, 0x00000000e4b10000)
 tenured generation   total 47200K, used 43672K [0x00000000ecd50000, 0x00000000efb68000, 0x0000000100000000)
   the space 47200K,  92% used [0x00000000ecd50000, 0x00000000ef7f6310, 0x00000000ef7f6400, 0x00000000efb68000)
 Metaspace       used 46575K, capacity 48372K, committed 48640K, reserved 1091584K
  class space    used 5115K, capacity 5544K, committed 5632K, reserved 1048576K
}
Event: 688.436 GC heap before
{Heap before GC invocations=119 (full 3):
 def new generation   total 21312K, used 19819K [0x00000000e3400000, 0x00000000e4b10000, 0x00000000ecd50000)
  eden space 19008K, 100% used [0x00000000e3400000, 0x00000000e4690000, 0x00000000e4690000)
  from space 2304K,  35% used [0x00000000e4690000, 0x00000000e475aef8, 0x00000000e48d0000)
  to   space 2304K,   0% used [0x00000000e48d0000, 0x00000000e48d0000, 0x00000000e4b10000)
 tenured generation   total 47200K, used 43672K [0x00000000ecd50000, 0x00000000efb68000, 0x0000000100000000)
   the space 47200K,  92% used [0x00000000ecd50000, 0x00000000ef7f6310, 0x00000000ef7f6400, 0x00000000efb68000)
 Metaspace       used 46575K, capacity 48372K, committed 48640K, reserved 1091584K
  class space    used 5115K, capacity 5544K, committed 5632K, reserved 1048576K
Event: 688.439 GC heap after
Heap after GC invocations=120 (full 3):
 def new generation   total 21312K, used 771K [0x00000000e3400000, 0x00000000e4b10000, 0x00000000ecd50000)
  eden space 19008K,   0% used [0x00000000e3400000, 0x00000000e3400000, 0x00000000e4690000)
  from space 2304K,  33% used [0x00000000e48d0000, 0x00000000e4990e88, 0x00000000e4b10000)
  to   space 2304K,   0% used [0x00000000e4690000, 0x00000000e4690000, 0x00000000e48d0000)
 tenured generation   total 47200K, used 43672K [0x00000000ecd50000, 0x00000000efb68000, 0x0000000100000000)
   the space 47200K,  92% used [0x00000000ecd50000, 0x00000000ef7f6310, 0x00000000ef7f6400, 0x00000000efb68000)
 Metaspace       used 46575K, capacity 48372K, committed 48640K, reserved 1091584K
  class space    used 5115K, capacity 5544K, committed 5632K, reserved 1048576K
}
Event: 697.845 GC heap before
{Heap before GC invocations=120 (full 3):
 def new generation   total 21312K, used 19775K [0x00000000e3400000, 0x00000000e4b10000, 0x00000000ecd50000)
  eden space 19008K,  99% used [0x00000000e3400000, 0x00000000e468ef78, 0x00000000e4690000)
  from space 2304K,  33% used [0x00000000e48d0000, 0x00000000e4990e88, 0x00000000e4b10000)
  to   space 2304K,   0% used [0x00000000e4690000, 0x00000000e4690000, 0x00000000e48d0000)
 tenured generation   total 47200K, used 43672K [0x00000000ecd50000, 0x00000000efb68000, 0x0000000100000000)
   the space 47200K,  92% used [0x00000000ecd50000, 0x00000000ef7f6310, 0x00000000ef7f6400, 0x00000000efb68000)
 Metaspace       used 46575K, capacity 48372K, committed 48640K, reserved 1091584K
  class space    used 5115K, capacity 5544K, committed 5632K, reserved 1048576K
Event: 697.848 GC heap after
Heap after GC invocations=121 (full 3):
 def new generation   total 21312K, used 820K [0x00000000e3400000, 0x00000000e4b10000, 0x00000000ecd50000)
  eden space 19008K,   0% used [0x00000000e3400000, 0x00000000e3400000, 0x00000000e4690000)
  from space 2304K,  35% used [0x00000000e4690000, 0x00000000e475d298, 0x00000000e48d0000)
  to   space 2304K,   0% used [0x00000000e48d0000, 0x00000000e48d0000, 0x00000000e4b10000)
 tenured generation   total 47200K, used 43672K [0x00000000ecd50000, 0x00000000efb68000, 0x0000000100000000)
   the space 47200K,  92% used [0x00000000ecd50000, 0x00000000ef7f6310, 0x00000000ef7f6400, 0x00000000efb68000)
 Metaspace       used 46575K, capacity 48372K, committed 48640K, reserved 1091584K
  class space    used 5115K, capacity 5544K, committed 5632K, reserved 1048576K
}
Event: 700.106 GC heap before
{Heap before GC invocations=121 (full 3):
 def new generation   total 21312K, used 19828K [0x00000000e3400000, 0x00000000e4b10000, 0x00000000ecd50000)
  eden space 19008K, 100% used [0x00000000e3400000, 0x00000000e4690000, 0x00000000e4690000)
  from space 2304K,  35% used [0x00000000e4690000, 0x00000000e475d298, 0x00000000e48d0000)
  to   space 2304K,   0% used [0x00000000e48d0000, 0x00000000e48d0000, 0x00000000e4b10000)
 tenured generation   total 47200K, used 43672K [0x00000000ecd50000, 0x00000000efb68000, 0x0000000100000000)
   the space 47200K,  92% used [0x00000000ecd50000, 0x00000000ef7f6310, 0x00000000ef7f6400, 0x00000000efb68000)
 Metaspace       used 46575K, capacity 48372K, committed 48640K, reserved 1091584K
  class space    used 5115K, capacity 5544K, committed 5632K, reserved 1048576K
Event: 700.109 GC heap after
Heap after GC invocations=122 (full 3):
 def new generation   total 21312K, used 834K [0x00000000e3400000, 0x00000000e4b10000, 0x00000000ecd50000)
  eden space 19008K,   0% used [0x00000000e3400000, 0x00000000e3400000, 0x00000000e4690000)
  from space 2304K,  36% used [0x00000000e48d0000, 0x00000000e49a09c8, 0x00000000e4b10000)
  to   space 2304K,   0% used [0x00000000e4690000, 0x00000000e4690000, 0x00000000e48d0000)
 tenured generation   total 47200K, used 43672K [0x00000000ecd50000, 0x00000000efb68000, 0x0000000100000000)
   the space 47200K,  92% used [0x00000000ecd50000, 0x00000000ef7f6310, 0x00000000ef7f6400, 0x00000000efb68000)
 Metaspace       used 46575K, capacity 48372K, committed 48640K, reserved 1091584K
  class space    used 5115K, capacity 5544K, committed 5632K, reserved 1048576K
}
Event: 702.218 GC heap before
{Heap before GC invocations=122 (full 3):
 def new generation   total 21312K, used 19834K [0x00000000e3400000, 0x00000000e4b10000, 0x00000000ecd50000)
  eden space 19008K,  99% used [0x00000000e3400000, 0x00000000e468df60, 0x00000000e4690000)
  from space 2304K,  36% used [0x00000000e48d0000, 0x00000000e49a09c8, 0x00000000e4b10000)
  to   space 2304K,   0% used [0x00000000e4690000, 0x00000000e4690000, 0x00000000e48d0000)
 tenured generation   total 47200K, used 43672K [0x00000000ecd50000, 0x00000000efb68000, 0x0000000100000000)
   the space 47200K,  92% used [0x00000000ecd50000, 0x00000000ef7f6310, 0x00000000ef7f6400, 0x00000000efb68000)
 Metaspace       used 46575K, capacity 48372K, committed 48640K, reserved 1091584K
  class space    used 5115K, capacity 5544K, committed 5632K, reserved 1048576K
Event: 702.220 GC heap after
Heap after GC invocations=123 (full 3):
 def new generation   total 21312K, used 833K [0x00000000e3400000, 0x00000000e4b10000, 0x00000000ecd50000)
  eden space 19008K,   0% used [0x00000000e3400000, 0x00000000e3400000, 0x00000000e4690000)
  from space 2304K,  36% used [0x00000000e4690000, 0x00000000e4760588, 0x00000000e48d0000)
  to   space 2304K,   0% used [0x00000000e48d0000, 0x00000000e48d0000, 0x00000000e4b10000)
 tenured generation   total 47200K, used 43672K [0x00000000ecd50000, 0x00000000efb68000, 0x0000000100000000)
   the space 47200K,  92% used [0x00000000ecd50000, 0x00000000ef7f6310, 0x00000000ef7f6400, 0x00000000efb68000)
 Metaspace       used 46575K, capacity 48372K, committed 48640K, reserved 1091584K
  class space    used 5115K, capacity 5544K, committed 5632K, reserved 1048576K
}
Event: 704.147 GC heap before
{Heap before GC invocations=123 (full 3):
 def new generation   total 21312K, used 19838K [0x00000000e3400000, 0x00000000e4b10000, 0x00000000ecd50000)
  eden space 19008K,  99% used [0x00000000e3400000, 0x00000000e468f3b0, 0x00000000e4690000)
  from space 2304K,  36% used [0x00000000e4690000, 0x00000000e4760588, 0x00000000e48d0000)
  to   space 2304K,   0% used [0x00000000e48d0000, 0x00000000e48d0000, 0x00000000e4b10000)
 tenured generation   total 47200K, used 43672K [0x00000000ecd50000, 0x00000000efb68000, 0x0000000100000000)
   the space 47200K,  92% used [0x00000000ecd50000, 0x00000000ef7f6310, 0x00000000ef7f6400, 0x00000000efb68000)
 Metaspace       used 46575K, capacity 48372K, committed 48640K, reserved 1091584K
  class space    used 5115K, capacity 5544K, committed 5632K, reserved 1048576K
Event: 704.149 GC heap after
Heap after GC invocations=124 (full 3):
 def new generation   total 21312K, used 848K [0x00000000e3400000, 0x00000000e4b10000, 0x00000000ecd50000)
  eden space 19008K,   0% used [0x00000000e3400000, 0x00000000e3400000, 0x00000000e4690000)
  from space 2304K,  36% used [0x00000000e48d0000, 0x00000000e49a4108, 0x00000000e4b10000)
  to   space 2304K,   0% used [0x00000000e4690000, 0x00000000e4690000, 0x00000000e48d0000)
 tenured generation   total 47200K, used 43672K [0x00000000ecd50000, 0x00000000efb68000, 0x0000000100000000)
   the space 47200K,  92% used [0x00000000ecd50000, 0x00000000ef7f6310, 0x00000000ef7f6400, 0x00000000efb68000)
 Metaspace       used 46575K, capacity 48372K, committed 48640K, reserved 1091584K
  class space    used 5115K, capacity 5544K, committed 5632K, reserved 1048576K
}
Event: 706.089 GC heap before
{Heap before GC invocations=124 (full 3):
 def new generation   total 21312K, used 19856K [0x00000000e3400000, 0x00000000e4b10000, 0x00000000ecd50000)
  eden space 19008K, 100% used [0x00000000e3400000, 0x00000000e4690000, 0x00000000e4690000)
  from space 2304K,  36% used [0x00000000e48d0000, 0x00000000e49a4108, 0x00000000e4b10000)
  to   space 2304K,   0% used [0x00000000e4690000, 0x00000000e4690000, 0x00000000e48d0000)
 tenured generation   total 47200K, used 43672K [0x00000000ecd50000, 0x00000000efb68000, 0x0000000100000000)
   the space 47200K,  92% used [0x00000000ecd50000, 0x00000000ef7f6310, 0x00000000ef7f6400, 0x00000000efb68000)
 Metaspace       used 46575K, capacity 48372K, committed 48640K, reserved 1091584K
  class space    used 5115K, capacity 5544K, committed 5632K, reserved 1048576K
Event: 706.091 GC heap after
Heap after GC invocations=125 (full 3):
 def new generation   total 21312K, used 817K [0x00000000e3400000, 0x00000000e4b10000, 0x00000000ecd50000)
  eden space 19008K,   0% used [0x00000000e3400000, 0x00000000e3400000, 0x00000000e4690000)
  from space 2304K,  35% used [0x00000000e4690000, 0x00000000e475c688, 0x00000000e48d0000)
  to   space 2304K,   0% used [0x00000000e48d0000, 0x00000000e48d0000, 0x00000000e4b10000)
 tenured generation   total 47200K, used 43672K [0x00000000ecd50000, 0x00000000efb68000, 0x0000000100000000)
   the space 47200K,  92% used [0x00000000ecd50000, 0x00000000ef7f6310, 0x00000000ef7f6400, 0x00000000efb68000)
 Metaspace       used 46575K, capacity 48372K, committed 48640K, reserved 1091584K
  class space    used 5115K, capacity 5544K, committed 5632K, reserved 1048576K
}
Event: 707.680 GC heap before
{Heap before GC invocations=125 (full 3):
 def new generation   total 21312K, used 19824K [0x00000000e3400000, 0x00000000e4b10000, 0x00000000ecd50000)
  eden space 19008K,  99% used [0x00000000e3400000, 0x00000000e468fcb8, 0x00000000e4690000)
  from space 2304K,  35% used [0x00000000e4690000, 0x00000000e475c688, 0x00000000e48d0000)
  to   space 2304K,   0% used [0x00000000e48d0000, 0x00000000e48d0000, 0x00000000e4b10000)
 tenured generation   total 47200K, used 43672K [0x00000000ecd50000, 0x00000000efb68000, 0x0000000100000000)
   the space 47200K,  92% used [0x00000000ecd50000, 0x00000000ef7f6310, 0x00000000ef7f6400, 0x00000000efb68000)
 Metaspace       used 46575K, capacity 48372K, committed 48640K, reserved 1091584K
  class space    used 5115K, capacity 5544K, committed 5632K, reserved 1048576K
Event: 707.682 GC heap after
Heap after GC invocations=126 (full 3):
 def new generation   total 21312K, used 813K [0x00000000e3400000, 0x00000000e4b10000, 0x00000000ecd50000)
  eden space 19008K,   0% used [0x00000000e3400000, 0x00000000e3400000, 0x00000000e4690000)
  from space 2304K,  35% used [0x00000000e48d0000, 0x00000000e499b4a0, 0x00000000e4b10000)
  to   space 2304K,   0% used [0x00000000e4690000, 0x00000000e4690000, 0x00000000e48d0000)
 tenured generation   total 47200K, used 43672K [0x00000000ecd50000, 0x00000000efb68000, 0x0000000100000000)
   the space 47200K,  92% used [0x00000000ecd50000, 0x00000000ef7f6310, 0x00000000ef7f6400, 0x00000000efb68000)
 Metaspace       used 46575K, capacity 48372K, committed 48640K, reserved 1091584K
  class space    used 5115K, capacity 5544K, committed 5632K, reserved 1048576K
}
Event: 709.563 GC heap before
{Heap before GC invocations=126 (full 3):
 def new generation   total 21312K, used 19821K [0x00000000e3400000, 0x00000000e4b10000, 0x00000000ecd50000)
  eden space 19008K, 100% used [0x00000000e3400000, 0x00000000e4690000, 0x00000000e4690000)
  from space 2304K,  35% used [0x00000000e48d0000, 0x00000000e499b4a0, 0x00000000e4b10000)
  to   space 2304K,   0% used [0x00000000e4690000, 0x00000000e4690000, 0x00000000e48d0000)
 tenured generation   total 47200K, used 43672K [0x00000000ecd50000, 0x00000000efb68000, 0x0000000100000000)
   the space 47200K,  92% used [0x00000000ecd50000, 0x00000000ef7f6310, 0x00000000ef7f6400, 0x00000000efb68000)
 Metaspace       used 46575K, capacity 48372K, committed 48640K, reserved 1091584K
  class space    used 5115K, capacity 5544K, committed 5632K, reserved 1048576K
Event: 709.565 GC heap after
Heap after GC invocations=127 (full 3):
 def new generation   total 21312K, used 804K [0x00000000e3400000, 0x00000000e4b10000, 0x00000000ecd50000)
  eden space 19008K,   0% used [0x00000000e3400000, 0x00000000e3400000, 0x00000000e4690000)
  from space 2304K,  34% used [0x00000000e4690000, 0x00000000e4759360, 0x00000000e48d0000)
  to   space 2304K,   0% used [0x00000000e48d0000, 0x00000000e48d0000, 0x00000000e4b10000)
 tenured generation   total 47200K, used 43672K [0x00000000ecd50000, 0x00000000efb68000, 0x0000000100000000)
   the space 47200K,  92% used [0x00000000ecd50000, 0x00000000ef7f6310, 0x00000000ef7f6400, 0x00000000efb68000)
 Metaspace       used 46575K, capacity 48372K, committed 48640K, reserved 1091584K
  class space    used 5115K, capacity 5544K, committed 5632K, reserved 1048576K
}
Event: 711.340 GC heap before
{Heap before GC invocations=127 (full 3):
 def new generation   total 21312K, used 19812K [0x00000000e3400000, 0x00000000e4b10000, 0x00000000ecd50000)
  eden space 19008K, 100% used [0x00000000e3400000, 0x00000000e4690000, 0x00000000e4690000)
  from space 2304K,  34% used [0x00000000e4690000, 0x00000000e4759360, 0x00000000e48d0000)
  to   space 2304K,   0% used [0x00000000e48d0000, 0x00000000e48d0000, 0x00000000e4b10000)
 tenured generation   total 47200K, used 43672K [0x00000000ecd50000, 0x00000000efb68000, 0x0000000100000000)
   the space 47200K,  92% used [0x00000000ecd50000, 0x00000000ef7f6310, 0x00000000ef7f6400, 0x00000000efb68000)
 Metaspace       used 46575K, capacity 48372K, committed 48640K, reserved 1091584K
  class space    used 5115K, capacity 5544K, committed 5632K, reserved 1048576K
Event: 711.342 GC heap after
Heap after GC invocations=128 (full 3):
 def new generation   total 21312K, used 743K [0x00000000e3400000, 0x00000000e4b10000, 0x00000000ecd50000)
  eden space 19008K,   0% used [0x00000000e3400000, 0x00000000e3400000, 0x00000000e4690000)
  from space 2304K,  32% used [0x00000000e48d0000, 0x00000000e4989c40, 0x00000000e4b10000)
  to   space 2304K,   0% used [0x00000000e4690000, 0x00000000e4690000, 0x00000000e48d0000)
 tenured generation   total 47200K, used 43672K [0x00000000ecd50000, 0x00000000efb68000, 0x0000000100000000)
   the space 47200K,  92% used [0x00000000ecd50000, 0x00000000ef7f6310, 0x00000000ef7f6400, 0x00000000efb68000)
 Metaspace       used 46575K, capacity 48372K, committed 48640K, reserved 1091584K
  class space    used 5115K, capacity 5544K, committed 5632K, reserved 1048576K
}
Event: 712.985 GC heap before
{Heap before GC invocations=128 (full 3):
 def new generation   total 21312K, used 19737K [0x00000000e3400000, 0x00000000e4b10000, 0x00000000ecd50000)
  eden space 19008K,  99% used [0x00000000e3400000, 0x00000000e468c8c0, 0x00000000e4690000)
  from space 2304K,  32% used [0x00000000e48d0000, 0x00000000e4989c40, 0x00000000e4b10000)
  to   space 2304K,   0% used [0x00000000e4690000, 0x00000000e4690000, 0x00000000e48d0000)
 tenured generation   total 47200K, used 43672K [0x00000000ecd50000, 0x00000000efb68000, 0x0000000100000000)
   the space 47200K,  92% used [0x00000000ecd50000, 0x00000000ef7f6310, 0x00000000ef7f6400, 0x00000000efb68000)
 Metaspace       used 46575K, capacity 48372K, committed 48640K, reserved 1091584K
  class space    used 5115K, capacity 5544K, committed 5632K, reserved 1048576K
Event: 712.987 GC heap after
Heap after GC invocations=129 (full 3):
 def new generation   total 21312K, used 548K [0x00000000e3400000, 0x00000000e4b10000, 0x00000000ecd50000)
  eden space 19008K,   0% used [0x00000000e3400000, 0x00000000e3400000, 0x00000000e4690000)
  from space 2304K,  23% used [0x00000000e4690000, 0x00000000e4719098, 0x00000000e48d0000)
  to   space 2304K,   0% used [0x00000000e48d0000, 0x00000000e48d0000, 0x00000000e4b10000)
 tenured generation   total 47200K, used 43672K [0x00000000ecd50000, 0x00000000efb68000, 0x0000000100000000)
   the space 47200K,  92% used [0x00000000ecd50000, 0x00000000ef7f6310, 0x00000000ef7f6400, 0x00000000efb68000)
 Metaspace       used 46575K, capacity 48372K, committed 48640K, reserved 1091584K
  class space    used 5115K, capacity 5544K, committed 5632K, reserved 1048576K
}
Event: 714.802 GC heap before
{Heap before GC invocations=129 (full 3):
 def new generation   total 21312K, used 19556K [0x00000000e3400000, 0x00000000e4b10000, 0x00000000ecd50000)
  eden space 19008K, 100% used [0x00000000e3400000, 0x00000000e4690000, 0x00000000e4690000)
  from space 2304K,  23% used [0x00000000e4690000, 0x00000000e4719098, 0x00000000e48d0000)
  to   space 2304K,   0% used [0x00000000e48d0000, 0x00000000e48d0000, 0x00000000e4b10000)
 tenured generation   total 47200K, used 43672K [0x00000000ecd50000, 0x00000000efb68000, 0x0000000100000000)
   the space 47200K,  92% used [0x00000000ecd50000, 0x00000000ef7f6310, 0x00000000ef7f6400, 0x00000000efb68000)
 Metaspace       used 46646K, capacity 48492K, committed 48640K, reserved 1091584K
  class space    used 5125K, capacity 5584K, committed 5632K, reserved 1048576K
Event: 714.805 GC heap after
Heap after GC invocations=130 (full 3):
 def new generation   total 21312K, used 1506K [0x00000000e3400000, 0x00000000e4b10000, 0x00000000ecd50000)
  eden space 19008K,   0% used [0x00000000e3400000, 0x00000000e3400000, 0x00000000e4690000)
  from space 2304K,  65% used [0x00000000e48d0000, 0x00000000e4a489c0, 0x00000000e4b10000)
  to   space 2304K,   0% used [0x00000000e4690000, 0x00000000e4690000, 0x00000000e48d0000)
 tenured generation   total 47200K, used 43969K [0x00000000ecd50000, 0x00000000efb68000, 0x0000000100000000)
   the space 47200K,  93% used [0x00000000ecd50000, 0x00000000ef8407e0, 0x00000000ef840800, 0x00000000efb68000)
 Metaspace       used 46646K, capacity 48492K, committed 48640K, reserved 1091584K
  class space    used 5125K, capacity 5584K, committed 5632K, reserved 1048576K
}
Event: 715.827 GC heap before
{Heap before GC invocations=130 (full 3):
 def new generation   total 21312K, used 20514K [0x00000000e3400000, 0x00000000e4b10000, 0x00000000ecd50000)
  eden space 19008K, 100% used [0x00000000e3400000, 0x00000000e4690000, 0x00000000e4690000)
  from space 2304K,  65% used [0x00000000e48d0000, 0x00000000e4a489c0, 0x00000000e4b10000)
  to   space 2304K,   0% used [0x00000000e4690000, 0x00000000e4690000, 0x00000000e48d0000)
 tenured generation   total 47200K, used 43969K [0x00000000ecd50000, 0x00000000efb68000, 0x0000000100000000)
   the space 47200K,  93% used [0x00000000ecd50000, 0x00000000ef8407e0, 0x00000000ef840800, 0x00000000efb68000)
 Metaspace       used 47798K, capacity 49756K, committed 50048K, reserved 1093632K
  class space    used 5289K, capacity 5747K, committed 5760K, reserved 1048576K
Event: 715.831 GC heap after
Heap after GC invocations=131 (full 3):
 def new generation   total 21312K, used 2156K [0x00000000e3400000, 0x00000000e4b10000, 0x00000000ecd50000)
  eden space 19008K,   0% used [0x00000000e3400000, 0x00000000e3400000, 0x00000000e4690000)
  from space 2304K,  93% used [0x00000000e4690000, 0x00000000e48ab188, 0x00000000e48d0000)
  to   space 2304K,   0% used [0x00000000e48d0000, 0x00000000e48d0000, 0x00000000e4b10000)
 tenured generation   total 47200K, used 44522K [0x00000000ecd50000, 0x00000000efb68000, 0x0000000100000000)
   the space 47200K,  94% used [0x00000000ecd50000, 0x00000000ef8caa80, 0x00000000ef8cac00, 0x00000000efb68000)
 Metaspace       used 47798K, capacity 49756K, committed 50048K, reserved 1093632K
  class space    used 5289K, capacity 5747K, committed 5760K, reserved 1048576K
}
Event: 716.171 GC heap before
{Heap before GC invocations=131 (full 3):
 def new generation   total 21312K, used 21164K [0x00000000e3400000, 0x00000000e4b10000, 0x00000000ecd50000)
  eden space 19008K, 100% used [0x00000000e3400000, 0x00000000e4690000, 0x00000000e4690000)
  from space 2304K,  93% used [0x00000000e4690000, 0x00000000e48ab188, 0x00000000e48d0000)
  to   space 2304K,   0% used [0x00000000e48d0000, 0x00000000e48d0000, 0x00000000e4b10000)
 tenured generation   total 47200K, used 44522K [0x00000000ecd50000, 0x00000000efb68000, 0x0000000100000000)
   the space 47200K,  94% used [0x00000000ecd50000, 0x00000000ef8caa80, 0x00000000ef8cac00, 0x00000000efb68000)
 Metaspace       used 51078K, capacity 52930K, committed 53248K, reserved 1095680K
  class space    used 5678K, capacity 6100K, committed 6144K, reserved 1048576K
Event: 716.175 GC heap after
Heap after GC invocations=132 (full 3):
 def new generation   total 21312K, used 1847K [0x00000000e3400000, 0x00000000e4b10000, 0x00000000ecd50000)
  eden space 19008K,   0% used [0x00000000e3400000, 0x00000000e3400000, 0x00000000e4690000)
  from space 2304K,  80% used [0x00000000e48d0000, 0x00000000e4a9ddc0, 0x00000000e4b10000)
  to   space 2304K,   0% used [0x00000000e4690000, 0x00000000e4690000, 0x00000000e48d0000)
 tenured generation   total 47200K, used 45365K [0x00000000ecd50000, 0x00000000efb68000, 0x0000000100000000)
   the space 47200K,  96% used [0x00000000ecd50000, 0x00000000ef99d638, 0x00000000ef99d800, 0x00000000efb68000)
 Metaspace       used 51078K, capacity 52930K, committed 53248K, reserved 1095680K
  class space    used 5678K, capacity 6100K, committed 6144K, reserved 1048576K
}
Event: 716.549 GC heap before
{Heap before GC invocations=132 (full 3):
 def new generation   total 21312K, used 20855K [0x00000000e3400000, 0x00000000e4b10000, 0x00000000ecd50000)
  eden space 19008K, 100% used [0x00000000e3400000, 0x00000000e4690000, 0x00000000e4690000)
  from space 2304K,  80% used [0x00000000e48d0000, 0x00000000e4a9ddc0, 0x00000000e4b10000)
  to   space 2304K,   0% used [0x00000000e4690000, 0x00000000e4690000, 0x00000000e48d0000)
 tenured generation   total 47200K, used 45365K [0x00000000ecd50000, 0x00000000efb68000, 0x0000000100000000)
   the space 47200K,  96% used [0x00000000ecd50000, 0x00000000ef99d638, 0x00000000ef99d800, 0x00000000efb68000)
 Metaspace       used 53703K, capacity 55584K, committed 55936K, reserved 1097728K
  class space    used 6240K, capacity 6681K, committed 6784K, reserved 1048576K
Event: 716.688 GC heap after
Heap after GC invocations=133 (full 4):
 def new generation   total 30656K, used 0K [0x00000000e3400000, 0x00000000e5540000, 0x00000000ecd50000)
  eden space 27264K,   0% used [0x00000000e3400000, 0x00000000e3400000, 0x00000000e4ea0000)
  from space 3392K,   0% used [0x00000000e4ea0000, 0x00000000e4ea0000, 0x00000000e51f0000)
  to   space 3392K,   0% used [0x00000000e51f0000, 0x00000000e51f0000, 0x00000000e5540000)
 tenured generation   total 68032K, used 40818K [0x00000000ecd50000, 0x00000000f0fc0000, 0x0000000100000000)
   the space 68032K,  59% used [0x00000000ecd50000, 0x00000000ef52c980, 0x00000000ef52ca00, 0x00000000f0fc0000)
 Metaspace       used 53690K, capacity 55562K, committed 55936K, reserved 1097728K
  class space    used 6236K, capacity 6674K, committed 6784K, reserved 1048576K
}
Event: 717.148 GC heap before
{Heap before GC invocations=133 (full 4):
 def new generation   total 30656K, used 27264K [0x00000000e3400000, 0x00000000e5540000, 0x00000000ecd50000)
  eden space 27264K, 100% used [0x00000000e3400000, 0x00000000e4ea0000, 0x00000000e4ea0000)
  from space 3392K,   0% used [0x00000000e4ea0000, 0x00000000e4ea0000, 0x00000000e51f0000)
  to   space 3392K,   0% used [0x00000000e51f0000, 0x00000000e51f0000, 0x00000000e5540000)
 tenured generation   total 68032K, used 40818K [0x00000000ecd50000, 0x00000000f0fc0000, 0x0000000100000000)
   the space 68032K,  59% used [0x00000000ecd50000, 0x00000000ef52c980, 0x00000000ef52ca00, 0x00000000f0fc0000)
 Metaspace       used 55295K, capacity 57284K, committed 57472K, reserved 1099776K
  class space    used 6504K, capacity 6954K, committed 7040K, reserved 1048576K
Event: 717.152 GC heap after
Heap after GC invocations=134 (full 4):
 def new generation   total 30656K, used 2334K [0x00000000e3400000, 0x00000000e5540000, 0x00000000ecd50000)
  eden space 27264K,   0% used [0x00000000e3400000, 0x00000000e3400000, 0x00000000e4ea0000)
  from space 3392K,  68% used [0x00000000e51f0000, 0x00000000e5437818, 0x00000000e5540000)
  to   space 3392K,   0% used [0x00000000e4ea0000, 0x00000000e4ea0000, 0x00000000e51f0000)
 tenured generation   total 68032K, used 40818K [0x00000000ecd50000, 0x00000000f0fc0000, 0x0000000100000000)
   the space 68032K,  59% used [0x00000000ecd50000, 0x00000000ef52c980, 0x00000000ef52ca00, 0x00000000f0fc0000)
 Metaspace       used 55295K, capacity 57284K, committed 57472K, reserved 1099776K
  class space    used 6504K, capacity 6954K, committed 7040K, reserved 1048576K
}
Event: 717.350 GC heap before
{Heap before GC invocations=134 (full 4):
 def new generation   total 30656K, used 29498K [0x00000000e3400000, 0x00000000e5540000, 0x00000000ecd50000)
  eden space 27264K,  99% used [0x00000000e3400000, 0x00000000e4e87090, 0x00000000e4ea0000)
  from space 3392K,  68% used [0x00000000e51f0000, 0x00000000e5437818, 0x00000000e5540000)
  to   space 3392K,   0% used [0x00000000e4ea0000, 0x00000000e4ea0000, 0x00000000e51f0000)
 tenured generation   total 68032K, used 40818K [0x00000000ecd50000, 0x00000000f0fc0000, 0x0000000100000000)
   the space 68032K,  59% used [0x00000000ecd50000, 0x00000000ef52c980, 0x00000000ef52ca00, 0x00000000f0fc0000)
 Metaspace       used 55891K, capacity 57924K, committed 58240K, reserved 1099776K
  class space    used 6571K, capacity 7018K, committed 7040K, reserved 1048576K
Event: 717.355 GC heap after
Heap after GC invocations=135 (full 4):
 def new generation   total 30656K, used 3392K [0x00000000e3400000, 0x00000000e5540000, 0x00000000ecd50000)
  eden space 27264K,   0% used [0x00000000e3400000, 0x00000000e3400000, 0x00000000e4ea0000)
  from space 3392K, 100% used [0x00000000e4ea0000, 0x00000000e51f0000, 0x00000000e51f0000)
  to   space 3392K,   0% used [0x00000000e51f0000, 0x00000000e51f0000, 0x00000000e5540000)
 tenured generation   total 68032K, used 42891K [0x00000000ecd50000, 0x00000000f0fc0000, 0x0000000100000000)
   the space 68032K,  63% used [0x00000000ecd50000, 0x00000000ef732c48, 0x00000000ef732e00, 0x00000000f0fc0000)
 Metaspace       used 55891K, capacity 57924K, committed 58240K, reserved 1099776K
  class space    used 6571K, capacity 7018K, committed 7040K, reserved 1048576K
}
Event: 717.399 GC heap before
{Heap before GC invocations=135 (full 4):
 def new generation   total 30656K, used 30550K [0x00000000e3400000, 0x00000000e5540000, 0x00000000ecd50000)
  eden space 27264K,  99% used [0x00000000e3400000, 0x00000000e4e85830, 0x00000000e4ea0000)
  from space 3392K, 100% used [0x00000000e4ea0000, 0x00000000e51f0000, 0x00000000e51f0000)
  to   space 3392K,   0% used [0x00000000e51f0000, 0x00000000e51f0000, 0x00000000e5540000)
 tenured generation   total 68032K, used 42891K [0x00000000ecd50000, 0x00000000f0fc0000, 0x0000000100000000)
   the space 68032K,  63% used [0x00000000ecd50000, 0x00000000ef732c48, 0x00000000ef732e00, 0x00000000f0fc0000)
 Metaspace       used 55891K, capacity 57924K, committed 58240K, reserved 1099776K
  class space    used 6571K, capacity 7018K, committed 7040K, reserved 1048576K
Event: 717.508 GC heap after
Heap after GC invocations=136 (full 5):
 def new generation   total 52416K, used 2876K [0x00000000e3400000, 0x00000000e6cd0000, 0x00000000ecd50000)
  eden space 46656K,   6% used [0x00000000e3400000, 0x00000000e36cf018, 0x00000000e6190000)
  from space 5760K,   0% used [0x00000000e6190000, 0x00000000e6190000, 0x00000000e6730000)
  to   space 5760K,   0% used [0x00000000e6730000, 0x00000000e6730000, 0x00000000e6cd0000)
 tenured generation   total 116296K, used 69777K [0x00000000ecd50000, 0x00000000f3ee2000, 0x0000000100000000)
   the space 116296K,  59% used [0x00000000ecd50000, 0x00000000f1174610, 0x00000000f1174800, 0x00000000f3ee2000)
 Metaspace       used 55891K, capacity 57924K, committed 58240K, reserved 1099776K
  class space    used 6571K, capacity 7018K, committed 7040K, reserved 1048576K
}
Event: 717.963 GC heap before
{Heap before GC invocations=136 (full 5):
 def new generation   total 52416K, used 46656K [0x00000000e3400000, 0x00000000e6cd0000, 0x00000000ecd50000)
  eden space 46656K, 100% used [0x00000000e3400000, 0x00000000e6190000, 0x00000000e6190000)
  from space 5760K,   0% used [0x00000000e6190000, 0x00000000e6190000, 0x00000000e6730000)
  to   space 5760K,   0% used [0x00000000e6730000, 0x00000000e6730000, 0x00000000e6cd0000)
 tenured generation   total 116296K, used 69777K [0x00000000ecd50000, 0x00000000f3ee2000, 0x0000000100000000)
   the space 116296K,  59% used [0x00000000ecd50000, 0x00000000f1174610, 0x00000000f1174800, 0x00000000f3ee2000)
 Metaspace       used 57419K, capacity 59432K, committed 59648K, reserved 1101824K
  class space    used 6691K, capacity 7146K, committed 7168K, reserved 1048576K
Event: 718.022 GC heap after
Heap after GC invocations=137 (full 5):
 def new generation   total 52416K, used 5759K [0x00000000e3400000, 0x00000000e6cd0000, 0x00000000ecd50000)
  eden space 46656K,   0% used [0x00000000e3400000, 0x00000000e3400000, 0x00000000e6190000)
  from space 5760K,  99% used [0x00000000e6730000, 0x00000000e6ccfff8, 0x00000000e6cd0000)
  to   space 5760K,   0% used [0x00000000e6190000, 0x00000000e6190000, 0x00000000e6730000)
 tenured generation   total 116296K, used 81214K [0x00000000ecd50000, 0x00000000f3ee2000, 0x0000000100000000)
   the space 116296K,  69% used [0x00000000ecd50000, 0x00000000f1c9f9b8, 0x00000000f1c9fa00, 0x00000000f3ee2000)
 Metaspace       used 57419K, capacity 59432K, committed 59648K, reserved 1101824K
  class space    used 6691K, capacity 7146K, committed 7168K, reserved 1048576K
}
Event: 718.326 GC heap before
{Heap before GC invocations=137 (full 5):
 def new generation   total 52416K, used 52415K [0x00000000e3400000, 0x00000000e6cd0000, 0x00000000ecd50000)
  eden space 46656K, 100% used [0x00000000e3400000, 0x00000000e6190000, 0x00000000e6190000)
  from space 5760K,  99% used [0x00000000e6730000, 0x00000000e6ccfff8, 0x00000000e6cd0000)
  to   space 5760K,   0% used [0x00000000e6190000, 0x00000000e6190000, 0x00000000e6730000)
 tenured generation   total 116296K, used 81214K [0x00000000ecd50000, 0x00000000f3ee2000, 0x0000000100000000)
   the space 116296K,  69% used [0x00000000ecd50000, 0x00000000f1c9f9b8, 0x00000000f1c9fa00, 0x00000000f3ee2000)
 Metaspace       used 57657K, capacity 59688K, committed 59904K, reserved 1101824K
  class space    used 6692K, capacity 7146K, committed 7168K, reserved 1048576K
Event: 718.343 GC heap after
Heap after GC invocations=138 (full 5):
 def new generation   total 52416K, used 4382K [0x00000000e3400000, 0x00000000e6cd0000, 0x00000000ecd50000)
  eden space 46656K,   0% used [0x00000000e3400000, 0x00000000e3400000, 0x00000000e6190000)
  from space 5760K,  76% used [0x00000000e6190000, 0x00000000e65d7a00, 0x00000000e6730000)
  to   space 5760K,   0% used [0x00000000e6730000, 0x00000000e6730000, 0x00000000e6cd0000)
 tenured generation   total 116296K, used 86966K [0x00000000ecd50000, 0x00000000f3ee2000, 0x0000000100000000)
   the space 116296K,  74% used [0x00000000ecd50000, 0x00000000f223d8b8, 0x00000000f223da00, 0x00000000f3ee2000)
 Metaspace       used 57657K, capacity 59688K, committed 59904K, reserved 1101824K
  class space    used 6692K, capacity 7146K, committed 7168K, reserved 1048576K
}
Event: 718.612 GC heap before
{Heap before GC invocations=138 (full 5):
 def new generation   total 52416K, used 51038K [0x00000000e3400000, 0x00000000e6cd0000, 0x00000000ecd50000)
  eden space 46656K, 100% used [0x00000000e3400000, 0x00000000e6190000, 0x00000000e6190000)
  from space 5760K,  76% used [0x00000000e6190000, 0x00000000e65d7a00, 0x00000000e6730000)
  to   space 5760K,   0% used [0x00000000e6730000, 0x00000000e6730000, 0x00000000e6cd0000)
 tenured generation   total 116296K, used 86966K [0x00000000ecd50000, 0x00000000f3ee2000, 0x0000000100000000)
   the space 116296K,  74% used [0x00000000ecd50000, 0x00000000f223d8b8, 0x00000000f223da00, 0x00000000f3ee2000)
 Metaspace       used 57815K, capacity 59816K, committed 60160K, reserved 1101824K
  class space    used 6693K, capacity 7146K, committed 7168K, reserved 1048576K
Event: 718.647 GC heap after
Heap after GC invocations=139 (full 5):
 def new generation   total 52416K, used 4319K [0x00000000e3400000, 0x00000000e6cd0000, 0x00000000ecd50000)
  eden space 46656K,   0% used [0x00000000e3400000, 0x00000000e3400000, 0x00000000e6190000)
  from space 5760K,  74% used [0x00000000e6730000, 0x00000000e6b67c98, 0x00000000e6cd0000)
  to   space 5760K,   0% used [0x00000000e6190000, 0x00000000e6190000, 0x00000000e6730000)
 tenured generation   total 116296K, used 91256K [0x00000000ecd50000, 0x00000000f3ee2000, 0x0000000100000000)
   the space 116296K,  78% used [0x00000000ecd50000, 0x00000000f266e2f0, 0x00000000f266e400, 0x00000000f3ee2000)
 Metaspace       used 57815K, capacity 59816K, committed 60160K, reserved 1101824K
  class space    used 6693K, capacity 7146K, committed 7168K, reserved 1048576K
}
Event: 718.738 GC heap before
{Heap before GC invocations=139 (full 5):
 def new generation   total 52416K, used 50975K [0x00000000e3400000, 0x00000000e6cd0000, 0x00000000ecd50000)
  eden space 46656K, 100% used [0x00000000e3400000, 0x00000000e6190000, 0x00000000e6190000)
  from space 5760K,  74% used [0x00000000e6730000, 0x00000000e6b67c98, 0x00000000e6cd0000)
  to   space 5760K,   0% used [0x00000000e6190000, 0x00000000e6190000, 0x00000000e6730000)
 tenured generation   total 116296K, used 91256K [0x00000000ecd50000, 0x00000000f3ee2000, 0x0000000100000000)
   the space 116296K,  78% used [0x00000000ecd50000, 0x00000000f266e2f0, 0x00000000f266e400, 0x00000000f3ee2000)
 Metaspace       used 57876K, capacity 59880K, committed 60160K, reserved 1101824K
  class space    used 6693K, capacity 7146K, committed 7168K, reserved 1048576K
Event: 718.749 GC heap after
Heap after GC invocations=140 (full 5):
 def new generation   total 52416K, used 2588K [0x00000000e3400000, 0x00000000e6cd0000, 0x00000000ecd50000)
  eden space 46656K,   0% used [0x00000000e3400000, 0x00000000e3400000, 0x00000000e6190000)
  from space 5760K,  44% used [0x00000000e6190000, 0x00000000e6417030, 0x00000000e6730000)
  to   space 5760K,   0% used [0x00000000e6730000, 0x00000000e6730000, 0x00000000e6cd0000)
 tenured generation   total 116296K, used 95454K [0x00000000ecd50000, 0x00000000f3ee2000, 0x0000000100000000)
   the space 116296K,  82% used [0x00000000ecd50000, 0x00000000f2a87910, 0x00000000f2a87a00, 0x00000000f3ee2000)
 Metaspace       used 57876K, capacity 59880K, committed 60160K, reserved 1101824K
  class space    used 6693K, capacity 7146K, committed 7168K, reserved 1048576K
}
Event: 718.834 GC heap before
{Heap before GC invocations=140 (full 5):
 def new generation   total 52416K, used 49244K [0x00000000e3400000, 0x00000000e6cd0000, 0x00000000ecd50000)
  eden space 46656K, 100% used [0x00000000e3400000, 0x00000000e6190000, 0x00000000e6190000)
  from space 5760K,  44% used [0x00000000e6190000, 0x00000000e6417030, 0x00000000e6730000)
  to   space 5760K,   0% used [0x00000000e6730000, 0x00000000e6730000, 0x00000000e6cd0000)
 tenured generation   total 116296K, used 95454K [0x00000000ecd50000, 0x00000000f3ee2000, 0x0000000100000000)
   the space 116296K,  82% used [0x00000000ecd50000, 0x00000000f2a87910, 0x00000000f2a87a00, 0x00000000f3ee2000)
 Metaspace       used 57934K, capacity 59944K, committed 60160K, reserved 1101824K
  class space    used 6693K, capacity 7146K, committed 7168K, reserved 1048576K
Event: 718.854 GC heap after
Heap after GC invocations=141 (full 5):
 def new generation   total 52416K, used 5759K [0x00000000e3400000, 0x00000000e6cd0000, 0x00000000ecd50000)
  eden space 46656K,   0% used [0x00000000e3400000, 0x00000000e3400000, 0x00000000e6190000)
  from space 5760K,  99% used [0x00000000e6730000, 0x00000000e6ccfff8, 0x00000000e6cd0000)
  to   space 5760K,   0% used [0x00000000e6190000, 0x00000000e6190000, 0x00000000e6730000)
 tenured generation   total 116296K, used 96299K [0x00000000ecd50000, 0x00000000f3ee2000, 0x0000000100000000)
   the space 116296K,  82% used [0x00000000ecd50000, 0x00000000f2b5ad98, 0x00000000f2b5ae00, 0x00000000f3ee2000)
 Metaspace       used 57934K, capacity 59944K, committed 60160K, reserved 1101824K
  class space    used 6693K, capacity 7146K, committed 7168K, reserved 1048576K
}
Event: 719.254 GC heap before
{Heap before GC invocations=141 (full 5):
 def new generation   total 52416K, used 52415K [0x00000000e3400000, 0x00000000e6cd0000, 0x00000000ecd50000)
  eden space 46656K, 100% used [0x00000000e3400000, 0x00000000e6190000, 0x00000000e6190000)
  from space 5760K,  99% used [0x00000000e6730000, 0x00000000e6ccfff8, 0x00000000e6cd0000)
  to   space 5760K,   0% used [0x00000000e6190000, 0x00000000e6190000, 0x00000000e6730000)
 tenured generation   total 116296K, used 96299K [0x00000000ecd50000, 0x00000000f3ee2000, 0x0000000100000000)
   the space 116296K,  82% used [0x00000000ecd50000, 0x00000000f2b5ad98, 0x00000000f2b5ae00, 0x00000000f3ee2000)
 Metaspace       used 58558K, capacity 60552K, committed 60800K, reserved 1103872K
  class space    used 6769K, capacity 7242K, committed 7296K, reserved 1048576K
Event: 719.297 GC heap after
Heap after GC invocations=142 (full 5):
 def new generation   total 52416K, used 5760K [0x00000000e3400000, 0x00000000e6cd0000, 0x00000000ecd50000)
  eden space 46656K,   0% used [0x00000000e3400000, 0x00000000e3400000, 0x00000000e6190000)
  from space 5760K, 100% used [0x00000000e6190000, 0x00000000e6730000, 0x00000000e6730000)
  to   space 5760K,   0% used [0x00000000e6730000, 0x00000000e6730000, 0x00000000e6cd0000)
 tenured generation   total 116296K, used 104192K [0x00000000ecd50000, 0x00000000f3ee2000, 0x0000000100000000)
   the space 116296K,  89% used [0x00000000ecd50000, 0x00000000f3310220, 0x00000000f3310400, 0x00000000f3ee2000)
 Metaspace       used 58558K, capacity 60552K, committed 60800K, reserved 1103872K
  class space    used 6769K, capacity 7242K, committed 7296K, reserved 1048576K
}
Event: 719.961 GC heap before
{Heap before GC invocations=142 (full 5):
 def new generation   total 52416K, used 52416K [0x00000000e3400000, 0x00000000e6cd0000, 0x00000000ecd50000)
  eden space 46656K, 100% used [0x00000000e3400000, 0x00000000e6190000, 0x00000000e6190000)
  from space 5760K, 100% used [0x00000000e6190000, 0x00000000e6730000, 0x00000000e6730000)
  to   space 5760K,   0% used [0x00000000e6730000, 0x00000000e6730000, 0x00000000e6cd0000)
 tenured generation   total 116296K, used 104192K [0x00000000ecd50000, 0x00000000f3ee2000, 0x0000000100000000)
   the space 116296K,  89% used [0x00000000ecd50000, 0x00000000f3310220, 0x00000000f3310400, 0x00000000f3ee2000)
 Metaspace       used 60022K, capacity 62066K, committed 62336K, reserved 1103872K
  class space    used 6944K, capacity 7441K, committed 7552K, reserved 1048576K
Event: 720.006 GC heap after
Heap after GC invocations=143 (full 5):
 def new generation   total 52416K, used 5760K [0x00000000e3400000, 0x00000000e6cd0000, 0x00000000ecd50000)
  eden space 46656K,   0% used [0x00000000e3400000, 0x00000000e3400000, 0x00000000e6190000)
  from space 5760K, 100% used [0x00000000e6730000, 0x00000000e6cd0000, 0x00000000e6cd0000)
  to   space 5760K,   0% used [0x00000000e6190000, 0x00000000e6190000, 0x00000000e6730000)
 tenured generation   total 116296K, used 112153K [0x00000000ecd50000, 0x00000000f3ee2000, 0x0000000100000000)
   the space 116296K,  96% used [0x00000000ecd50000, 0x00000000f3ad65c0, 0x00000000f3ad6600, 0x00000000f3ee2000)
 Metaspace       used 60022K, capacity 62066K, committed 62336K, reserved 1103872K
  class space    used 6944K, capacity 7441K, committed 7552K, reserved 1048576K
}
Event: 761.144 GC heap before
{Heap before GC invocations=143 (full 5):
 def new generation   total 52416K, used 52416K [0x00000000e3400000, 0x00000000e6cd0000, 0x00000000ecd50000)
  eden space 46656K, 100% used [0x00000000e3400000, 0x00000000e6190000, 0x00000000e6190000)
  from space 5760K, 100% used [0x00000000e6730000, 0x00000000e6cd0000, 0x00000000e6cd0000)
  to   space 5760K,   0% used [0x00000000e6190000, 0x00000000e6190000, 0x00000000e6730000)
 tenured generation   total 116296K, used 112153K [0x00000000ecd50000, 0x00000000f3ee2000, 0x0000000100000000)
   the space 116296K,  96% used [0x00000000ecd50000, 0x00000000f3ad65c0, 0x00000000f3ad6600, 0x00000000f3ee2000)
 Metaspace       used 60265K, capacity 62306K, committed 62592K, reserved 1103872K
  class space    used 6950K, capacity 7449K, committed 7552K, reserved 1048576K

